[INFO] Scanning for projects...
Downloading from central: https://repo.maven.apache.org/maven2/org/apache/maven/plugins/maven-compiler-plugin/2.5.1/maven-compiler-plugin-2.5.1.pom
Progress (1): 1.4/7.9 kBProgress (1): 2.7/7.9 kBProgress (1): 4.1/7.9 kBProgress (1): 5.5/7.9 kBProgress (1): 6.9/7.9 kBProgress (1): 7.9 kB                        Downloaded from central: https://repo.maven.apache.org/maven2/org/apache/maven/plugins/maven-compiler-plugin/2.5.1/maven-compiler-plugin-2.5.1.pom (7.9 kB at 11 kB/s)
Downloading from central: https://repo.maven.apache.org/maven2/org/apache/maven/plugins/maven-plugins/22/maven-plugins-22.pom
Progress (1): 1.4/13 kBProgress (1): 2.7/13 kBProgress (1): 4.1/13 kBProgress (1): 5.5/13 kBProgress (1): 6.9/13 kBProgress (1): 8.2/13 kBProgress (1): 9.6/13 kBProgress (1): 11/13 kB Progress (1): 12/13 kBProgress (1): 13 kB                      Downloaded from central: https://repo.maven.apache.org/maven2/org/apache/maven/plugins/maven-plugins/22/maven-plugins-22.pom (13 kB at 136 kB/s)
Downloading from central: https://repo.maven.apache.org/maven2/org/apache/maven/plugins/maven-compiler-plugin/2.5.1/maven-compiler-plugin-2.5.1.jar
Progress (1): 1.4/33 kBProgress (1): 2.7/33 kBProgress (1): 4.1/33 kBProgress (1): 5.5/33 kBProgress (1): 6.9/33 kBProgress (1): 8.2/33 kBProgress (1): 9.6/33 kBProgress (1): 11/33 kB Progress (1): 12/33 kBProgress (1): 14/33 kBProgress (1): 15/33 kBProgress (1): 16/33 kBProgress (1): 18/33 kBProgress (1): 19/33 kBProgress (1): 21/33 kBProgress (1): 22/33 kBProgress (1): 23/33 kBProgress (1): 25/33 kBProgress (1): 26/33 kBProgress (1): 27/33 kBProgress (1): 29/33 kBProgress (1): 30/33 kBProgress (1): 32/33 kBProgress (1): 33 kB                      Downloaded from central: https://repo.maven.apache.org/maven2/org/apache/maven/plugins/maven-compiler-plugin/2.5.1/maven-compiler-plugin-2.5.1.jar (33 kB at 201 kB/s)
[INFO] 
[INFO] ---------------------------< org.la4j:la4j >----------------------------
[INFO] Building la4j 0.6.0
[INFO]   from pom.xml
[INFO] --------------------------------[ jar ]---------------------------------
[INFO] 
[INFO] >>> emop:1.0-SNAPSHOT:hrps (default-cli) > [hybrid]test @ la4j >>>
[INFO] 
[INFO] --- enforcer:1.0:enforce (enforce-maven) @ la4j ---
Downloading from central: https://repo.maven.apache.org/maven2/org/apache/maven/doxia/doxia-sink-api/1.0-alpha-10/doxia-sink-api-1.0-alpha-10.pom
Progress (1): 1.3 kB                    Downloaded from central: https://repo.maven.apache.org/maven2/org/apache/maven/doxia/doxia-sink-api/1.0-alpha-10/doxia-sink-api-1.0-alpha-10.pom (1.3 kB at 16 kB/s)
Downloading from central: https://repo.maven.apache.org/maven2/org/apache/maven/doxia/doxia/1.0-alpha-10/doxia-1.0-alpha-10.pom
Progress (1): 9.2 kB                    Downloaded from central: https://repo.maven.apache.org/maven2/org/apache/maven/doxia/doxia/1.0-alpha-10/doxia-1.0-alpha-10.pom (9.2 kB at 105 kB/s)
Downloading from central: https://repo.maven.apache.org/maven2/commons-lang/commons-lang/2.3/commons-lang-2.3.pom
Progress (1): 11 kB                   Downloaded from central: https://repo.maven.apache.org/maven2/commons-lang/commons-lang/2.3/commons-lang-2.3.pom (11 kB at 128 kB/s)
Downloading from central: https://repo.maven.apache.org/maven2/org/apache/maven/enforcer/enforcer-api/1.0/enforcer-api-1.0.pom
Progress (1): 3.3 kB                    Downloaded from central: https://repo.maven.apache.org/maven2/org/apache/maven/enforcer/enforcer-api/1.0/enforcer-api-1.0.pom (3.3 kB at 38 kB/s)
Downloading from central: https://repo.maven.apache.org/maven2/org/apache/maven/enforcer/enforcer-rules/1.0/enforcer-rules-1.0.pom
Progress (1): 4.1 kB                    Downloaded from central: https://repo.maven.apache.org/maven2/org/apache/maven/enforcer/enforcer-rules/1.0/enforcer-rules-1.0.pom (4.1 kB at 50 kB/s)
Downloading from central: https://repo.maven.apache.org/maven2/org/apache/maven/shared/maven-common-artifact-filters/1.2/maven-common-artifact-filters-1.2.pom
Progress (1): 4.5 kB                    Downloaded from central: https://repo.maven.apache.org/maven2/org/apache/maven/shared/maven-common-artifact-filters/1.2/maven-common-artifact-filters-1.2.pom (4.5 kB at 54 kB/s)
Downloading from central: https://repo.maven.apache.org/maven2/org/apache/maven/shared/maven-shared-components/11/maven-shared-components-11.pom
Progress (1): 8.3 kB                    Downloaded from central: https://repo.maven.apache.org/maven2/org/apache/maven/shared/maven-shared-components/11/maven-shared-components-11.pom (8.3 kB at 95 kB/s)
Downloading from central: https://repo.maven.apache.org/maven2/org/apache/maven/shared/maven-plugin-testing-harness/1.1/maven-plugin-testing-harness-1.1.pom
Progress (1): 6.3 kB                    Downloaded from central: https://repo.maven.apache.org/maven2/org/apache/maven/shared/maven-plugin-testing-harness/1.1/maven-plugin-testing-harness-1.1.pom (6.3 kB at 75 kB/s)
Downloading from central: https://repo.maven.apache.org/maven2/org/codehaus/plexus/plexus-archiver/1.0-alpha-7/plexus-archiver-1.0-alpha-7.pom
Progress (1): 1.0 kB                    Downloaded from central: https://repo.maven.apache.org/maven2/org/codehaus/plexus/plexus-archiver/1.0-alpha-7/plexus-archiver-1.0-alpha-7.pom (1.0 kB at 13 kB/s)
Downloading from central: https://repo.maven.apache.org/maven2/org/codehaus/plexus/plexus-components/1.1.6/plexus-components-1.1.6.pom
Progress (1): 1.9 kB                    Downloaded from central: https://repo.maven.apache.org/maven2/org/codehaus/plexus/plexus-components/1.1.6/plexus-components-1.1.6.pom (1.9 kB at 22 kB/s)
Downloading from central: https://repo.maven.apache.org/maven2/org/apache/maven/doxia/doxia-sink-api/1.0-alpha-10/doxia-sink-api-1.0-alpha-10.jar
Progress (1): 9.9 kB                    Downloaded from central: https://repo.maven.apache.org/maven2/org/apache/maven/doxia/doxia-sink-api/1.0-alpha-10/doxia-sink-api-1.0-alpha-10.jar (9.9 kB at 104 kB/s)
Downloading from central: https://repo.maven.apache.org/maven2/org/codehaus/plexus/plexus-utils/1.5.8/plexus-utils-1.5.8.jar
Downloading from central: https://repo.maven.apache.org/maven2/commons-lang/commons-lang/2.3/commons-lang-2.3.jar
Downloading from central: https://repo.maven.apache.org/maven2/org/apache/maven/enforcer/enforcer-api/1.0/enforcer-api-1.0.jar
Downloading from central: https://repo.maven.apache.org/maven2/org/apache/maven/enforcer/enforcer-rules/1.0/enforcer-rules-1.0.jar
Downloading from central: https://repo.maven.apache.org/maven2/org/apache/maven/shared/maven-common-artifact-filters/1.2/maven-common-artifact-filters-1.2.jar
Progress (1): 16/245 kBProgress (1): 32/245 kBProgress (1): 49/245 kBProgress (1): 65/245 kBProgress (1): 81/245 kBProgress (1): 98/245 kBProgress (1): 114/245 kBProgress (1): 130/245 kBProgress (1): 147/245 kBProgress (1): 163/245 kBProgress (1): 180/245 kBProgress (1): 196/245 kBProgress (1): 212/245 kBProgress (1): 229/245 kBProgress (1): 245/245 kBProgress (1): 245 kB                        Downloaded from central: https://repo.maven.apache.org/maven2/commons-lang/commons-lang/2.3/commons-lang-2.3.jar (245 kB at 933 kB/s)
Progress (1): 1.4/32 kBProgress (1): 2.7/32 kBProgress (1): 4.1/32 kBProgress (1): 5.5/32 kBProgress (1): 6.9/32 kBProgress (1): 8.2/32 kBProgress (1): 9.6/32 kBProgress (1): 11/32 kB Progress (1): 12/32 kBProgress (1): 14/32 kBProgress (1): 15/32 kBProgress (1): 16/32 kBProgress (1): 18/32 kBProgress (1): 19/32 kBProgress (2): 19/32 kB | 1.4/9.8 kBProgress (2): 19/32 kB | 2.7/9.8 kBProgress (2): 19/32 kB | 4.1/9.8 kBProgress (2): 19/32 kB | 5.5/9.8 kBProgress (2): 19/32 kB | 6.9/9.8 kBProgress (3): 19/32 kB | 6.9/9.8 kB | 1.4/61 kBProgress (3): 19/32 kB | 8.2/9.8 kB | 1.4/61 kBProgress (3): 19/32 kB | 8.2/9.8 kB | 2.7/61 kBProgress (4): 19/32 kB | 8.2/9.8 kB | 2.7/61 kB | 1.4/268 kBProgress (4): 21/32 kB | 8.2/9.8 kB | 2.7/61 kB | 1.4/268 kBProgress (4): 21/32 kB | 8.2/9.8 kB | 4.1/61 kB | 1.4/268 kBProgress (4): 21/32 kB | 8.2/9.8 kB | 4.1/61 kB | 2.7/268 kBProgress (4): 21/32 kB | 9.6/9.8 kB | 4.1/61 kB | 2.7/268 kBProgress (4): 21/32 kB | 9.6/9.8 kB | 4.1/61 kB | 4.1/268 kBProgress (4): 21/32 kB | 9.6/9.8 kB | 5.5/61 kB | 4.1/268 kBProgress (4): 21/32 kB | 9.6/9.8 kB | 5.5/61 kB | 5.5/268 kBProgress (4): 21/32 kB | 9.6/9.8 kB | 5.5/61 kB | 6.9/268 kBProgress (4): 22/32 kB | 9.6/9.8 kB | 5.5/61 kB | 6.9/268 kBProgress (4): 22/32 kB | 9.8 kB | 5.5/61 kB | 6.9/268 kB    Progress (4): 22/32 kB | 9.8 kB | 5.5/61 kB | 8.2/268 kBProgress (4): 22/32 kB | 9.8 kB | 5.5/61 kB | 9.6/268 kBProgress (4): 22/32 kB | 9.8 kB | 6.9/61 kB | 9.6/268 kBProgress (4): 22/32 kB | 9.8 kB | 8.2/61 kB | 9.6/268 kBProgress (4): 22/32 kB | 9.8 kB | 9.6/61 kB | 9.6/268 kBProgress (4): 22/32 kB | 9.8 kB | 9.6/61 kB | 11/268 kB Progress (4): 23/32 kB | 9.8 kB | 9.6/61 kB | 11/268 kBProgress (4): 23/32 kB | 9.8 kB | 11/61 kB | 11/268 kB                                                       Downloaded from central: https://repo.maven.apache.org/maven2/org/apache/maven/enforcer/enforcer-api/1.0/enforcer-api-1.0.jar (9.8 kB at 20 kB/s)
Progress (3): 25/32 kB | 11/61 kB | 11/268 kBProgress (3): 25/32 kB | 11/61 kB | 12/268 kBProgress (3): 25/32 kB | 12/61 kB | 12/268 kBProgress (3): 25/32 kB | 12/61 kB | 14/268 kBProgress (3): 25/32 kB | 12/61 kB | 15/268 kBProgress (3): 25/32 kB | 12/61 kB | 16/268 kBProgress (3): 25/32 kB | 14/61 kB | 16/268 kBProgress (3): 26/32 kB | 14/61 kB | 16/268 kBProgress (3): 26/32 kB | 14/61 kB | 32/268 kBProgress (3): 26/32 kB | 15/61 kB | 32/268 kBProgress (3): 27/32 kB | 15/61 kB | 32/268 kBProgress (3): 27/32 kB | 16/61 kB | 32/268 kBProgress (3): 27/32 kB | 18/61 kB | 32/268 kBProgress (3): 27/32 kB | 19/61 kB | 32/268 kBProgress (3): 29/32 kB | 19/61 kB | 32/268 kBProgress (3): 29/32 kB | 21/61 kB | 32/268 kBProgress (3): 29/32 kB | 21/61 kB | 49/268 kBProgress (3): 30/32 kB | 21/61 kB | 49/268 kBProgress (3): 30/32 kB | 22/61 kB | 49/268 kBProgress (3): 32/32 kB | 22/61 kB | 49/268 kBProgress (3): 32/32 kB | 23/61 kB | 49/268 kBProgress (3): 32 kB | 23/61 kB | 49/268 kB   Progress (3): 32 kB | 23/61 kB | 65/268 kBProgress (3): 32 kB | 23/61 kB | 81/268 kBProgress (3): 32 kB | 25/61 kB | 81/268 kBProgress (3): 32 kB | 26/61 kB | 81/268 kB                                          Downloaded from central: https://repo.maven.apache.org/maven2/org/apache/maven/shared/maven-common-artifact-filters/1.2/maven-common-artifact-filters-1.2.jar (32 kB at 59 kB/s)
Progress (2): 27/61 kB | 81/268 kBProgress (2): 29/61 kB | 81/268 kBProgress (2): 29/61 kB | 98/268 kBProgress (2): 30/61 kB | 98/268 kBProgress (2): 32/61 kB | 98/268 kBProgress (2): 32/61 kB | 114/268 kBProgress (2): 33/61 kB | 114/268 kBProgress (2): 34/61 kB | 114/268 kBProgress (2): 36/61 kB | 114/268 kBProgress (2): 36/61 kB | 130/268 kBProgress (2): 37/61 kB | 130/268 kBProgress (2): 38/61 kB | 130/268 kBProgress (2): 40/61 kB | 130/268 kBProgress (2): 41/61 kB | 130/268 kBProgress (2): 43/61 kB | 130/268 kBProgress (2): 44/61 kB | 130/268 kBProgress (2): 45/61 kB | 130/268 kBProgress (2): 45/61 kB | 147/268 kBProgress (2): 47/61 kB | 147/268 kBProgress (2): 48/61 kB | 147/268 kBProgress (2): 48/61 kB | 163/268 kBProgress (2): 48/61 kB | 180/268 kBProgress (2): 49/61 kB | 180/268 kBProgress (2): 49/61 kB | 196/268 kBProgress (2): 51/61 kB | 196/268 kBProgress (2): 52/61 kB | 196/268 kBProgress (2): 52/61 kB | 212/268 kBProgress (2): 53/61 kB | 212/268 kBProgress (2): 53/61 kB | 229/268 kBProgress (2): 55/61 kB | 229/268 kBProgress (2): 56/61 kB | 229/268 kBProgress (2): 58/61 kB | 229/268 kBProgress (2): 59/61 kB | 229/268 kBProgress (2): 60/61 kB | 229/268 kBProgress (2): 60/61 kB | 245/268 kBProgress (2): 61 kB | 245/268 kB   Progress (2): 61 kB | 262/268 kB                                Downloaded from central: https://repo.maven.apache.org/maven2/org/apache/maven/enforcer/enforcer-rules/1.0/enforcer-rules-1.0.jar (61 kB at 98 kB/s)
Progress (1): 268 kB                    Downloaded from central: https://repo.maven.apache.org/maven2/org/codehaus/plexus/plexus-utils/1.5.8/plexus-utils-1.5.8.jar (268 kB at 419 kB/s)
[INFO] 
[INFO] --- resources:3.3.1:resources (default-resources) @ la4j ---
[INFO] skip non existing resourceDirectory /home/mopuser/earv-research/scripts-emop/repos/la4j/src/main/resources
[INFO] 
[INFO] --- compiler:2.5.1:compile (default-compile) @ la4j ---
Downloading from central: https://repo.maven.apache.org/maven2/org/codehaus/plexus/plexus-compiler-api/1.9.1/plexus-compiler-api-1.9.1.pom
Progress (1): 867 B                   Downloaded from central: https://repo.maven.apache.org/maven2/org/codehaus/plexus/plexus-compiler-api/1.9.1/plexus-compiler-api-1.9.1.pom (867 B at 9.7 kB/s)
Downloading from central: https://repo.maven.apache.org/maven2/org/codehaus/plexus/plexus-compiler/1.9.1/plexus-compiler-1.9.1.pom
Progress (1): 3.8 kB                    Downloaded from central: https://repo.maven.apache.org/maven2/org/codehaus/plexus/plexus-compiler/1.9.1/plexus-compiler-1.9.1.pom (3.8 kB at 47 kB/s)
Downloading from central: https://repo.maven.apache.org/maven2/org/codehaus/plexus/plexus-compiler-manager/1.9.1/plexus-compiler-manager-1.9.1.pom
Progress (1): 692 B                   Downloaded from central: https://repo.maven.apache.org/maven2/org/codehaus/plexus/plexus-compiler-manager/1.9.1/plexus-compiler-manager-1.9.1.pom (692 B at 8.4 kB/s)
Downloading from central: https://repo.maven.apache.org/maven2/org/codehaus/plexus/plexus-compiler-javac/1.9.1/plexus-compiler-javac-1.9.1.pom
Progress (1): 688 B                   Downloaded from central: https://repo.maven.apache.org/maven2/org/codehaus/plexus/plexus-compiler-javac/1.9.1/plexus-compiler-javac-1.9.1.pom (688 B at 8.0 kB/s)
Downloading from central: https://repo.maven.apache.org/maven2/org/codehaus/plexus/plexus-compilers/1.9.1/plexus-compilers-1.9.1.pom
Progress (1): 1.2 kB                    Downloaded from central: https://repo.maven.apache.org/maven2/org/codehaus/plexus/plexus-compilers/1.9.1/plexus-compilers-1.9.1.pom (1.2 kB at 7.2 kB/s)
Downloading from central: https://repo.maven.apache.org/maven2/org/codehaus/plexus/plexus-compiler-api/1.9.1/plexus-compiler-api-1.9.1.jar
Progress (1): 16/21 kBProgress (1): 21 kB                      Downloaded from central: https://repo.maven.apache.org/maven2/org/codehaus/plexus/plexus-compiler-api/1.9.1/plexus-compiler-api-1.9.1.jar (21 kB at 228 kB/s)
Downloading from central: https://repo.maven.apache.org/maven2/org/codehaus/plexus/plexus-compiler-manager/1.9.1/plexus-compiler-manager-1.9.1.jar
Downloading from central: https://repo.maven.apache.org/maven2/org/codehaus/plexus/plexus-compiler-javac/1.9.1/plexus-compiler-javac-1.9.1.jar
Progress (1): 4.6 kB                    Downloaded from central: https://repo.maven.apache.org/maven2/org/codehaus/plexus/plexus-compiler-manager/1.9.1/plexus-compiler-manager-1.9.1.jar (4.6 kB at 26 kB/s)
Progress (1): 14 kB                   Downloaded from central: https://repo.maven.apache.org/maven2/org/codehaus/plexus/plexus-compiler-javac/1.9.1/plexus-compiler-javac-1.9.1.jar (14 kB at 78 kB/s)
[INFO] Compiling 86 source files to /home/mopuser/earv-research/scripts-emop/repos/la4j/target/classes
[INFO] 
[INFO] --- resources:3.3.1:testResources (default-testResources) @ la4j ---
[INFO] skip non existing resourceDirectory /home/mopuser/earv-research/scripts-emop/repos/la4j/src/test/resources
[INFO] 
[INFO] --- compiler:2.5.1:testCompile (default-testCompile) @ la4j ---
[INFO] Compiling 31 source files to /home/mopuser/earv-research/scripts-emop/repos/la4j/target/test-classes
[INFO] 
[INFO] >>> emop:1.0-SNAPSHOT:monitor-hybrid (default-cli) > test-compile @ la4j >>>
[INFO] 
[INFO] --- enforcer:1.0:enforce (enforce-maven) @ la4j ---
[INFO] 
[INFO] --- resources:3.3.1:resources (default-resources) @ la4j ---
[INFO] skip non existing resourceDirectory /home/mopuser/earv-research/scripts-emop/repos/la4j/src/main/resources
[INFO] 
[INFO] --- compiler:2.5.1:compile (default-compile) @ la4j ---
[INFO] Nothing to compile - all classes are up to date
[INFO] 
[INFO] --- resources:3.3.1:testResources (default-testResources) @ la4j ---
[INFO] skip non existing resourceDirectory /home/mopuser/earv-research/scripts-emop/repos/la4j/src/test/resources
[INFO] 
[INFO] --- compiler:2.5.1:testCompile (default-testCompile) @ la4j ---
[INFO] Nothing to compile - all classes are up to date
[INFO] 
[INFO] <<< emop:1.0-SNAPSHOT:monitor-hybrid (default-cli) < test-compile @ la4j <<<
[INFO] 
[INFO] 
[INFO] --- emop:1.0-SNAPSHOT:monitor-hybrid (default-cli) @ la4j ---
[INFO] [eMOP] Invoking the ImpactedMethods Mojo...
INFO: ChangedMethods: 0
INFO: NewMethods: 1781
INFO: ImpactedMethods: 1781
INFO: NewClasses: 240
INFO: OldClasses: 0
INFO: DeletedClasses: 0
INFO: ChangedClassesWithChangedHeaders: 0
INFO: ChangedClassesWithoutChangedHeaders: 0
INFO: AffectedTestClasses: 29
INFO: ImpactedClasses: 240
[INFO] [eMOP Timer] Execute ImpactedMethods Mojo takes 621 ms
[INFO] [eMOP] Invoking the AffectedSpecsHybrid Mojo...
[INFO] [eMOP Timer] Compile-time weaving takes 8232 ms
[WARNING] File contains interface only, no methods found in /home/mopuser/earv-research/scripts-emop/repos/la4j/src/main/java/org/la4j/inversion/MatrixInverter.java
[WARNING] Spec at line 28 in /home/mopuser/earv-research/scripts-emop/repos/la4j/src/main/java/org/la4j/inversion/MatrixInverter.java is not within a method
[WARNING] Spec at line 30 in /home/mopuser/earv-research/scripts-emop/repos/la4j/src/main/java/org/la4j/linear/LeastSquaresSolver.java is not within a method
[WARNING] Spec at line 34 in /home/mopuser/earv-research/scripts-emop/repos/la4j/src/main/java/org/la4j/linear/SweepSolver.java is not within a method
[WARNING] Spec at line 27 in /home/mopuser/earv-research/scripts-emop/repos/la4j/src/main/java/org/la4j/decomposition/RawQRDecompositor.java is not within a method
[WARNING] Spec at line 34 in /home/mopuser/earv-research/scripts-emop/repos/la4j/src/main/java/org/la4j/linear/GaussianSolver.java is not within a method
[WARNING] File contains interface only, no methods found in /home/mopuser/earv-research/scripts-emop/repos/la4j/src/main/java/org/la4j/linear/LinearSystemSolver.java
[WARNING] Spec at line 33 in /home/mopuser/earv-research/scripts-emop/repos/la4j/src/main/java/org/la4j/linear/LinearSystemSolver.java is not within a method
[WARNING] Spec at line 33 in /home/mopuser/earv-research/scripts-emop/repos/la4j/src/main/java/org/la4j/decomposition/CholeskyDecompositor.java is not within a method
[WARNING] Spec at line 283 in /home/mopuser/earv-research/scripts-emop/repos/la4j/src/main/java/org/la4j/LinearAlgebra$DecompositorFactory$6.java is not within a method
[WARNING] Spec at line 141 in /home/mopuser/earv-research/scripts-emop/repos/la4j/src/main/java/org/la4j/LinearAlgebra$SolverFactory$6.java is not within a method
[WARNING] Spec at line 277 in /home/mopuser/earv-research/scripts-emop/repos/la4j/src/main/java/org/la4j/LinearAlgebra$DecompositorFactory$5.java is not within a method
[WARNING] Spec at line 265 in /home/mopuser/earv-research/scripts-emop/repos/la4j/src/main/java/org/la4j/LinearAlgebra$DecompositorFactory$3.java is not within a method
[WARNING] Spec at line 111 in /home/mopuser/earv-research/scripts-emop/repos/la4j/src/main/java/org/la4j/LinearAlgebra$SolverFactory$1.java is not within a method
[WARNING] Spec at line 271 in /home/mopuser/earv-research/scripts-emop/repos/la4j/src/main/java/org/la4j/LinearAlgebra$DecompositorFactory$4.java is not within a method
[WARNING] Spec at line 253 in /home/mopuser/earv-research/scripts-emop/repos/la4j/src/main/java/org/la4j/LinearAlgebra$DecompositorFactory$1.java is not within a method
[WARNING] Spec at line 135 in /home/mopuser/earv-research/scripts-emop/repos/la4j/src/main/java/org/la4j/LinearAlgebra$SolverFactory$5.java is not within a method
[WARNING] Spec at line 163 in /home/mopuser/earv-research/scripts-emop/repos/la4j/src/main/java/org/la4j/LinearAlgebra$SolverFactory$8.java is not within a method
[WARNING] Spec at line 153 in /home/mopuser/earv-research/scripts-emop/repos/la4j/src/main/java/org/la4j/LinearAlgebra$SolverFactory$8.java is not within a method
[WARNING] Spec at line 123 in /home/mopuser/earv-research/scripts-emop/repos/la4j/src/main/java/org/la4j/LinearAlgebra$SolverFactory$3.java is not within a method
[WARNING] Spec at line 117 in /home/mopuser/earv-research/scripts-emop/repos/la4j/src/main/java/org/la4j/LinearAlgebra$SolverFactory$2.java is not within a method
[WARNING] Spec at line 147 in /home/mopuser/earv-research/scripts-emop/repos/la4j/src/main/java/org/la4j/LinearAlgebra$SolverFactory$7.java is not within a method
[WARNING] Spec at line 110 in /home/mopuser/earv-research/scripts-emop/repos/la4j/src/main/java/org/la4j/LinearAlgebra$SolverFactory.java is not within a method
[WARNING] Spec at line 1 in /home/mopuser/earv-research/scripts-emop/repos/la4j/src/main/java/org/la4j/LinearAlgebra$SolverFactory.java is not within a method
[WARNING] Spec at line 1 in /home/mopuser/earv-research/scripts-emop/repos/la4j/src/main/java/org/la4j/LinearAlgebra$SolverFactory.java is not within a method
[WARNING] Spec at line 259 in /home/mopuser/earv-research/scripts-emop/repos/la4j/src/main/java/org/la4j/LinearAlgebra$DecompositorFactory$2.java is not within a method
[WARNING] Spec at line 223 in /home/mopuser/earv-research/scripts-emop/repos/la4j/src/main/java/org/la4j/LinearAlgebra$InverterFactory$3.java is not within a method
[WARNING] Spec at line 210 in /home/mopuser/earv-research/scripts-emop/repos/la4j/src/main/java/org/la4j/LinearAlgebra$InverterFactory.java is not within a method
[WARNING] Spec at line 1 in /home/mopuser/earv-research/scripts-emop/repos/la4j/src/main/java/org/la4j/LinearAlgebra$InverterFactory.java is not within a method
[WARNING] Spec at line 1 in /home/mopuser/earv-research/scripts-emop/repos/la4j/src/main/java/org/la4j/LinearAlgebra$InverterFactory.java is not within a method
[WARNING] Spec at line 217 in /home/mopuser/earv-research/scripts-emop/repos/la4j/src/main/java/org/la4j/LinearAlgebra$InverterFactory$2.java is not within a method
[WARNING] Spec at line 289 in /home/mopuser/earv-research/scripts-emop/repos/la4j/src/main/java/org/la4j/LinearAlgebra$DecompositorFactory$7.java is not within a method
[WARNING] Spec at line 252 in /home/mopuser/earv-research/scripts-emop/repos/la4j/src/main/java/org/la4j/LinearAlgebra$DecompositorFactory.java is not within a method
[WARNING] Spec at line 1 in /home/mopuser/earv-research/scripts-emop/repos/la4j/src/main/java/org/la4j/LinearAlgebra$DecompositorFactory.java is not within a method
[WARNING] Spec at line 1 in /home/mopuser/earv-research/scripts-emop/repos/la4j/src/main/java/org/la4j/LinearAlgebra$DecompositorFactory.java is not within a method
[WARNING] Spec at line 211 in /home/mopuser/earv-research/scripts-emop/repos/la4j/src/main/java/org/la4j/LinearAlgebra$InverterFactory$1.java is not within a method
[WARNING] Spec at line 129 in /home/mopuser/earv-research/scripts-emop/repos/la4j/src/main/java/org/la4j/LinearAlgebra$SolverFactory$4.java is not within a method
[WARNING] Spec at line 33 in /home/mopuser/earv-research/scripts-emop/repos/la4j/src/main/java/org/la4j/decomposition/QRDecompositor.java is not within a method
[WARNING] Spec at line 33 in /home/mopuser/earv-research/scripts-emop/repos/la4j/src/main/java/org/la4j/linear/SquareRootSolver.java is not within a method
[WARNING] Spec at line 31 in /home/mopuser/earv-research/scripts-emop/repos/la4j/src/main/java/org/la4j/iterator/CursorIterator$IteratorState.java is not within a method
[WARNING] Spec at line 1 in /home/mopuser/earv-research/scripts-emop/repos/la4j/src/main/java/org/la4j/iterator/CursorIterator$IteratorState.java is not within a method
[WARNING] Spec at line 1 in /home/mopuser/earv-research/scripts-emop/repos/la4j/src/main/java/org/la4j/iterator/CursorIterator$IteratorState.java is not within a method
[WARNING] Spec at line 30 in /home/mopuser/earv-research/scripts-emop/repos/la4j/src/main/java/org/la4j/linear/ForwardBackSubstitutionSolver.java is not within a method
[WARNING] Spec at line 32 in /home/mopuser/earv-research/scripts-emop/repos/la4j/src/main/java/org/la4j/decomposition/LUDecompositor.java is not within a method
[WARNING] Spec at line 27 in /home/mopuser/earv-research/scripts-emop/repos/la4j/src/main/java/org/la4j/linear/AbstractSolver.java is not within a method
[WARNING] Spec at line 26 in /home/mopuser/earv-research/scripts-emop/repos/la4j/src/main/java/org/la4j/decomposition/AbstractDecompositor.java is not within a method
[WARNING] File contains interface only, no methods found in /home/mopuser/earv-research/scripts-emop/repos/la4j/src/main/java/org/la4j/decomposition/MatrixDecompositor.java
[WARNING] Spec at line 34 in /home/mopuser/earv-research/scripts-emop/repos/la4j/src/main/java/org/la4j/decomposition/MatrixDecompositor.java is not within a method
[WARNING] Spec at line 28 in /home/mopuser/earv-research/scripts-emop/repos/la4j/src/main/java/org/la4j/decomposition/RawLUDecompositor.java is not within a method
[WARNING] Spec at line 35 in /home/mopuser/earv-research/scripts-emop/repos/la4j/src/main/java/org/la4j/linear/JacobiSolver.java is not within a method
[WARNING] Spec at line 34 in /home/mopuser/earv-research/scripts-emop/repos/la4j/src/main/java/org/la4j/linear/SeidelSolver.java is not within a method
[WARNING] Spec at line 26 in /home/mopuser/earv-research/scripts-emop/repos/la4j/src/main/java/org/la4j/inversion/NoPivotGaussInverter.java is not within a method
[WARNING] Spec at line 30 in /home/mopuser/earv-research/scripts-emop/repos/la4j/src/main/java/org/la4j/inversion/GaussJordanInverter.java is not within a method
[WARNING] Spec at line 35 in /home/mopuser/earv-research/scripts-emop/repos/la4j/src/main/java/org/la4j/decomposition/SingularValueDecompositor.java is not within a method
[WARNING] Spec at line 38 in /home/mopuser/earv-research/scripts-emop/repos/la4j/src/main/java/org/la4j/decomposition/EigenDecompositor.java is not within a method
[WARNING] Spec at line 37 in /home/mopuser/earv-research/scripts-emop/repos/la4j/src/main/java/org/la4j/linear/LeastNormSolver.java is not within a method
[INFO] [eMOP] Number of Impacted methods: 1781
[INFO] [eMOP] Number of Impacted classes: 240
[INFO] [eMOP Timer] Compute affected specs takes 2166 ms
[INFO] [eMOP Timer] Write affected specs to disk takes 54 ms
[INFO] [eMOP] Number of messages to process: 4863
[INFO] [eMOP] Invoking the Hybrid Monitor Mojo...
[INFO] AffectedSpecs: 38
[INFO] [eMOP Timer] Generating aop-ajc.xml and replace it takes 127 ms
[INFO] 
[INFO] --- surefire:2.20:test (default-test) @ la4j ---
[INFO] 
[INFO] -------------------------------------------------------
[INFO]  T E S T S
[INFO] -------------------------------------------------------
[INFO] Running org.la4j.inversion.NoPivotGaussInverterTest
[INFO] Tests run: 6, Failures: 0, Errors: 0, Skipped: 0, Time elapsed: 6.116 s - in org.la4j.inversion.NoPivotGaussInverterTest
[INFO] Running org.la4j.inversion.GaussJordanInverterTest
[INFO] Tests run: 6, Failures: 0, Errors: 0, Skipped: 0, Time elapsed: 7.827 s - in org.la4j.inversion.GaussJordanInverterTest
[INFO] Running org.la4j.vector.dense.BasicVectorTest
[INFO] Tests run: 63, Failures: 0, Errors: 0, Skipped: 0, Time elapsed: 0.196 s - in org.la4j.vector.dense.BasicVectorTest
[INFO] Running org.la4j.vector.sparse.CompressedVectorTest
[INFO] Tests run: 76, Failures: 0, Errors: 0, Skipped: 0, Time elapsed: 0.074 s - in org.la4j.vector.sparse.CompressedVectorTest
[INFO] Running org.la4j.decomposition.SingularValueDecompositorTest
[INFO] Tests run: 6, Failures: 0, Errors: 0, Skipped: 0, Time elapsed: 0.113 s - in org.la4j.decomposition.SingularValueDecompositorTest
[INFO] Running org.la4j.decomposition.LUDecompositorTest
[INFO] Tests run: 7, Failures: 0, Errors: 0, Skipped: 0, Time elapsed: 0.019 s - in org.la4j.decomposition.LUDecompositorTest
[INFO] Running org.la4j.decomposition.CholeskyDecompositorTest
[INFO] Tests run: 5, Failures: 0, Errors: 0, Skipped: 0, Time elapsed: 0.034 s - in org.la4j.decomposition.CholeskyDecompositorTest
[INFO] Running org.la4j.decomposition.EigenDecompositorTest
[INFO] Tests run: 15, Failures: 0, Errors: 0, Skipped: 0, Time elapsed: 4.494 s - in org.la4j.decomposition.EigenDecompositorTest
[INFO] Running org.la4j.decomposition.QRDecompositorTest
[INFO] Tests run: 8, Failures: 0, Errors: 0, Skipped: 0, Time elapsed: 0.017 s - in org.la4j.decomposition.QRDecompositorTest
[INFO] Running org.la4j.linear.ForwardBackSubstitutionSolverTest
[INFO] Tests run: 7, Failures: 0, Errors: 0, Skipped: 0, Time elapsed: 0.061 s - in org.la4j.linear.ForwardBackSubstitutionSolverTest
[INFO] Running org.la4j.linear.SeidelSolverTest
[INFO] Tests run: 6, Failures: 0, Errors: 0, Skipped: 0, Time elapsed: 0.066 s - in org.la4j.linear.SeidelSolverTest
[INFO] Running org.la4j.linear.SweepSolverTest
[INFO] Tests run: 4, Failures: 0, Errors: 0, Skipped: 0, Time elapsed: 0.013 s - in org.la4j.linear.SweepSolverTest
[INFO] Running org.la4j.linear.SquareRootSolverTest
[INFO] Tests run: 6, Failures: 0, Errors: 0, Skipped: 0, Time elapsed: 0.051 s - in org.la4j.linear.SquareRootSolverTest
[INFO] Running org.la4j.linear.JacobiSolverTest
[INFO] Tests run: 6, Failures: 0, Errors: 0, Skipped: 0, Time elapsed: 0.363 s - in org.la4j.linear.JacobiSolverTest
[INFO] Running org.la4j.linear.GaussianSolverTest
[INFO] Tests run: 5, Failures: 0, Errors: 0, Skipped: 0, Time elapsed: 0.006 s - in org.la4j.linear.GaussianSolverTest
[INFO] Running org.la4j.linear.LeastSquaresSolverTest
[INFO] Tests run: 11, Failures: 0, Errors: 0, Skipped: 0, Time elapsed: 0.057 s - in org.la4j.linear.LeastSquaresSolverTest
[INFO] Running org.la4j.matrix.dense.Basic1DMatrixTest
Specification StringTokenizer_HasMoreElements has been violated on line org.la4j.Matrix.fromMatrixMarket(Matrix.java:208). Documentation for this property can be found at http://runtimeverification.com/monitor/annotated-java/__properties/html/mop/StringTokenizer_HasMoreElements.html
StringTokenizer.hasMoreTokens()/hasMoreElements() did not return false before calling nextToken()/nextElement().
Specification StringTokenizer_HasMoreElements has been violated on line org.la4j.Matrix.fromMatrixMarket(Matrix.java:211). Documentation for this property can be found at http://runtimeverification.com/monitor/annotated-java/__properties/html/mop/StringTokenizer_HasMoreElements.html
StringTokenizer.hasMoreTokens()/hasMoreElements() did not return false before calling nextToken()/nextElement().
Specification StringTokenizer_HasMoreElements has been violated on line org.la4j.Matrix.fromMatrixMarket(Matrix.java:245). Documentation for this property can be found at http://runtimeverification.com/monitor/annotated-java/__properties/html/mop/StringTokenizer_HasMoreElements.html
StringTokenizer.hasMoreTokens()/hasMoreElements() did not return false before calling nextToken()/nextElement().
Specification StringTokenizer_HasMoreElements has been violated on line org.la4j.Matrix.fromMatrixMarket(Matrix.java:256). Documentation for this property can be found at http://runtimeverification.com/monitor/annotated-java/__properties/html/mop/StringTokenizer_HasMoreElements.html
StringTokenizer.hasMoreTokens()/hasMoreElements() did not return false before calling nextToken()/nextElement().
Specification StringTokenizer_HasMoreElements has been violated on line org.la4j.Matrix.fromMatrixMarket(Matrix.java:256). Documentation for this property can be found at http://runtimeverification.com/monitor/annotated-java/__properties/html/mop/StringTokenizer_HasMoreElements.html
StringTokenizer.hasMoreTokens()/hasMoreElements() did not return false before calling nextToken()/nextElement().
Specification StringTokenizer_HasMoreElements has been violated on line org.la4j.Matrix.fromMatrixMarket(Matrix.java:256). Documentation for this property can be found at http://runtimeverification.com/monitor/annotated-java/__properties/html/mop/StringTokenizer_HasMoreElements.html
StringTokenizer.hasMoreTokens()/hasMoreElements() did not return false before calling nextToken()/nextElement().
Specification StringTokenizer_HasMoreElements has been violated on line org.la4j.Matrix.fromMatrixMarket(Matrix.java:256). Documentation for this property can be found at http://runtimeverification.com/monitor/annotated-java/__properties/html/mop/StringTokenizer_HasMoreElements.html
StringTokenizer.hasMoreTokens()/hasMoreElements() did not return false before calling nextToken()/nextElement().
Specification StringTokenizer_HasMoreElements has been violated on line org.la4j.Matrix.fromMatrixMarket(Matrix.java:256). Documentation for this property can be found at http://runtimeverification.com/monitor/annotated-java/__properties/html/mop/StringTokenizer_HasMoreElements.html
StringTokenizer.hasMoreTokens()/hasMoreElements() did not return false before calling nextToken()/nextElement().
Specification StringTokenizer_HasMoreElements has been violated on line org.la4j.Matrix.fromMatrixMarket(Matrix.java:256). Documentation for this property can be found at http://runtimeverification.com/monitor/annotated-java/__properties/html/mop/StringTokenizer_HasMoreElements.html
StringTokenizer.hasMoreTokens()/hasMoreElements() did not return false before calling nextToken()/nextElement().
Specification StringTokenizer_HasMoreElements has been violated on line org.la4j.Matrix.fromMatrixMarket(Matrix.java:256). Documentation for this property can be found at http://runtimeverification.com/monitor/annotated-java/__properties/html/mop/StringTokenizer_HasMoreElements.html
StringTokenizer.hasMoreTokens()/hasMoreElements() did not return false before calling nextToken()/nextElement().
Specification StringTokenizer_HasMoreElements has been violated on line org.la4j.Matrix.fromMatrixMarket(Matrix.java:256). Documentation for this property can be found at http://runtimeverification.com/monitor/annotated-java/__properties/html/mop/StringTokenizer_HasMoreElements.html
StringTokenizer.hasMoreTokens()/hasMoreElements() did not return false before calling nextToken()/nextElement().
Specification StringTokenizer_HasMoreElements has been violated on line org.la4j.Matrix.fromMatrixMarket(Matrix.java:208). Documentation for this property can be found at http://runtimeverification.com/monitor/annotated-java/__properties/html/mop/StringTokenizer_HasMoreElements.html
StringTokenizer.hasMoreTokens()/hasMoreElements() did not return false before calling nextToken()/nextElement().
Specification StringTokenizer_HasMoreElements has been violated on line org.la4j.Matrix.fromMatrixMarket(Matrix.java:211). Documentation for this property can be found at http://runtimeverification.com/monitor/annotated-java/__properties/html/mop/StringTokenizer_HasMoreElements.html
StringTokenizer.hasMoreTokens()/hasMoreElements() did not return false before calling nextToken()/nextElement().
Specification StringTokenizer_HasMoreElements has been violated on line org.la4j.Matrix.fromMatrixMarket(Matrix.java:245). Documentation for this property can be found at http://runtimeverification.com/monitor/annotated-java/__properties/html/mop/StringTokenizer_HasMoreElements.html
StringTokenizer.hasMoreTokens()/hasMoreElements() did not return false before calling nextToken()/nextElement().
Specification StringTokenizer_HasMoreElements has been violated on line org.la4j.Matrix.fromMatrixMarket(Matrix.java:256). Documentation for this property can be found at http://runtimeverification.com/monitor/annotated-java/__properties/html/mop/StringTokenizer_HasMoreElements.html
StringTokenizer.hasMoreTokens()/hasMoreElements() did not return false before calling nextToken()/nextElement().
Specification StringTokenizer_HasMoreElements has been violated on line org.la4j.Matrix.fromMatrixMarket(Matrix.java:256). Documentation for this property can be found at http://runtimeverification.com/monitor/annotated-java/__properties/html/mop/StringTokenizer_HasMoreElements.html
StringTokenizer.hasMoreTokens()/hasMoreElements() did not return false before calling nextToken()/nextElement().
Specification StringTokenizer_HasMoreElements has been violated on line org.la4j.Matrix.fromMatrixMarket(Matrix.java:256). Documentation for this property can be found at http://runtimeverification.com/monitor/annotated-java/__properties/html/mop/StringTokenizer_HasMoreElements.html
StringTokenizer.hasMoreTokens()/hasMoreElements() did not return false before calling nextToken()/nextElement().
Specification StringTokenizer_HasMoreElements has been violated on line org.la4j.Matrix.fromMatrixMarket(Matrix.java:256). Documentation for this property can be found at http://runtimeverification.com/monitor/annotated-java/__properties/html/mop/StringTokenizer_HasMoreElements.html
StringTokenizer.hasMoreTokens()/hasMoreElements() did not return false before calling nextToken()/nextElement().
Specification StringTokenizer_HasMoreElements has been violated on line org.la4j.Matrix.fromMatrixMarket(Matrix.java:256). Documentation for this property can be found at http://runtimeverification.com/monitor/annotated-java/__properties/html/mop/StringTokenizer_HasMoreElements.html
StringTokenizer.hasMoreTokens()/hasMoreElements() did not return false before calling nextToken()/nextElement().
Specification StringTokenizer_HasMoreElements has been violated on line org.la4j.Matrix.fromMatrixMarket(Matrix.java:256). Documentation for this property can be found at http://runtimeverification.com/monitor/annotated-java/__properties/html/mop/StringTokenizer_HasMoreElements.html
StringTokenizer.hasMoreTokens()/hasMoreElements() did not return false before calling nextToken()/nextElement().
Specification StringTokenizer_HasMoreElements has been violated on line org.la4j.Matrix.fromMatrixMarket(Matrix.java:256). Documentation for this property can be found at http://runtimeverification.com/monitor/annotated-java/__properties/html/mop/StringTokenizer_HasMoreElements.html
StringTokenizer.hasMoreTokens()/hasMoreElements() did not return false before calling nextToken()/nextElement().
Specification StringTokenizer_HasMoreElements has been violated on line org.la4j.Matrix.fromMatrixMarket(Matrix.java:256). Documentation for this property can be found at http://runtimeverification.com/monitor/annotated-java/__properties/html/mop/StringTokenizer_HasMoreElements.html
StringTokenizer.hasMoreTokens()/hasMoreElements() did not return false before calling nextToken()/nextElement().
Specification StringTokenizer_HasMoreElements has been violated on line org.la4j.Matrix.fromMatrixMarket(Matrix.java:256). Documentation for this property can be found at http://runtimeverification.com/monitor/annotated-java/__properties/html/mop/StringTokenizer_HasMoreElements.html
StringTokenizer.hasMoreTokens()/hasMoreElements() did not return false before calling nextToken()/nextElement().
Specification StringTokenizer_HasMoreElements has been violated on line org.la4j.Matrix.fromMatrixMarket(Matrix.java:256). Documentation for this property can be found at http://runtimeverification.com/monitor/annotated-java/__properties/html/mop/StringTokenizer_HasMoreElements.html
StringTokenizer.hasMoreTokens()/hasMoreElements() did not return false before calling nextToken()/nextElement().
Specification StringTokenizer_HasMoreElements has been violated on line org.la4j.Matrix.fromMatrixMarket(Matrix.java:256). Documentation for this property can be found at http://runtimeverification.com/monitor/annotated-java/__properties/html/mop/StringTokenizer_HasMoreElements.html
StringTokenizer.hasMoreTokens()/hasMoreElements() did not return false before calling nextToken()/nextElement().
Specification StringTokenizer_HasMoreElements has been violated on line org.la4j.Matrix.fromMatrixMarket(Matrix.java:256). Documentation for this property can be found at http://runtimeverification.com/monitor/annotated-java/__properties/html/mop/StringTokenizer_HasMoreElements.html
StringTokenizer.hasMoreTokens()/hasMoreElements() did not return false before calling nextToken()/nextElement().
Specification StringTokenizer_HasMoreElements has been violated on line org.la4j.Matrix.fromMatrixMarket(Matrix.java:256). Documentation for this property can be found at http://runtimeverification.com/monitor/annotated-java/__properties/html/mop/StringTokenizer_HasMoreElements.html
StringTokenizer.hasMoreTokens()/hasMoreElements() did not return false before calling nextToken()/nextElement().
Specification StringTokenizer_HasMoreElements has been violated on line org.la4j.Matrix.fromMatrixMarket(Matrix.java:256). Documentation for this property can be found at http://runtimeverification.com/monitor/annotated-java/__properties/html/mop/StringTokenizer_HasMoreElements.html
StringTokenizer.hasMoreTokens()/hasMoreElements() did not return false before calling nextToken()/nextElement().
Specification StringTokenizer_HasMoreElements has been violated on line org.la4j.Matrix.fromMatrixMarket(Matrix.java:256). Documentation for this property can be found at http://runtimeverification.com/monitor/annotated-java/__properties/html/mop/StringTokenizer_HasMoreElements.html
StringTokenizer.hasMoreTokens()/hasMoreElements() did not return false before calling nextToken()/nextElement().
[INFO] Tests run: 134, Failures: 0, Errors: 0, Skipped: 0, Time elapsed: 0.294 s - in org.la4j.matrix.dense.Basic1DMatrixTest
[INFO] Running org.la4j.matrix.dense.Basic2DMatrixTest
Specification StringTokenizer_HasMoreElements has been violated on line org.la4j.Matrix.fromMatrixMarket(Matrix.java:208). Documentation for this property can be found at http://runtimeverification.com/monitor/annotated-java/__properties/html/mop/StringTokenizer_HasMoreElements.html
StringTokenizer.hasMoreTokens()/hasMoreElements() did not return false before calling nextToken()/nextElement().
Specification StringTokenizer_HasMoreElements has been violated on line org.la4j.Matrix.fromMatrixMarket(Matrix.java:211). Documentation for this property can be found at http://runtimeverification.com/monitor/annotated-java/__properties/html/mop/StringTokenizer_HasMoreElements.html
StringTokenizer.hasMoreTokens()/hasMoreElements() did not return false before calling nextToken()/nextElement().
Specification StringTokenizer_HasMoreElements has been violated on line org.la4j.Matrix.fromMatrixMarket(Matrix.java:245). Documentation for this property can be found at http://runtimeverification.com/monitor/annotated-java/__properties/html/mop/StringTokenizer_HasMoreElements.html
StringTokenizer.hasMoreTokens()/hasMoreElements() did not return false before calling nextToken()/nextElement().
Specification StringTokenizer_HasMoreElements has been violated on line org.la4j.Matrix.fromMatrixMarket(Matrix.java:256). Documentation for this property can be found at http://runtimeverification.com/monitor/annotated-java/__properties/html/mop/StringTokenizer_HasMoreElements.html
StringTokenizer.hasMoreTokens()/hasMoreElements() did not return false before calling nextToken()/nextElement().
Specification StringTokenizer_HasMoreElements has been violated on line org.la4j.Matrix.fromMatrixMarket(Matrix.java:256). Documentation for this property can be found at http://runtimeverification.com/monitor/annotated-java/__properties/html/mop/StringTokenizer_HasMoreElements.html
StringTokenizer.hasMoreTokens()/hasMoreElements() did not return false before calling nextToken()/nextElement().
Specification StringTokenizer_HasMoreElements has been violated on line org.la4j.Matrix.fromMatrixMarket(Matrix.java:256). Documentation for this property can be found at http://runtimeverification.com/monitor/annotated-java/__properties/html/mop/StringTokenizer_HasMoreElements.html
StringTokenizer.hasMoreTokens()/hasMoreElements() did not return false before calling nextToken()/nextElement().
Specification StringTokenizer_HasMoreElements has been violated on line org.la4j.Matrix.fromMatrixMarket(Matrix.java:256). Documentation for this property can be found at http://runtimeverification.com/monitor/annotated-java/__properties/html/mop/StringTokenizer_HasMoreElements.html
StringTokenizer.hasMoreTokens()/hasMoreElements() did not return false before calling nextToken()/nextElement().
Specification StringTokenizer_HasMoreElements has been violated on line org.la4j.Matrix.fromMatrixMarket(Matrix.java:256). Documentation for this property can be found at http://runtimeverification.com/monitor/annotated-java/__properties/html/mop/StringTokenizer_HasMoreElements.html
StringTokenizer.hasMoreTokens()/hasMoreElements() did not return false before calling nextToken()/nextElement().
Specification StringTokenizer_HasMoreElements has been violated on line org.la4j.Matrix.fromMatrixMarket(Matrix.java:256). Documentation for this property can be found at http://runtimeverification.com/monitor/annotated-java/__properties/html/mop/StringTokenizer_HasMoreElements.html
StringTokenizer.hasMoreTokens()/hasMoreElements() did not return false before calling nextToken()/nextElement().
Specification StringTokenizer_HasMoreElements has been violated on line org.la4j.Matrix.fromMatrixMarket(Matrix.java:256). Documentation for this property can be found at http://runtimeverification.com/monitor/annotated-java/__properties/html/mop/StringTokenizer_HasMoreElements.html
StringTokenizer.hasMoreTokens()/hasMoreElements() did not return false before calling nextToken()/nextElement().
Specification StringTokenizer_HasMoreElements has been violated on line org.la4j.Matrix.fromMatrixMarket(Matrix.java:256). Documentation for this property can be found at http://runtimeverification.com/monitor/annotated-java/__properties/html/mop/StringTokenizer_HasMoreElements.html
StringTokenizer.hasMoreTokens()/hasMoreElements() did not return false before calling nextToken()/nextElement().
Specification StringTokenizer_HasMoreElements has been violated on line org.la4j.Matrix.fromMatrixMarket(Matrix.java:208). Documentation for this property can be found at http://runtimeverification.com/monitor/annotated-java/__properties/html/mop/StringTokenizer_HasMoreElements.html
StringTokenizer.hasMoreTokens()/hasMoreElements() did not return false before calling nextToken()/nextElement().
Specification StringTokenizer_HasMoreElements has been violated on line org.la4j.Matrix.fromMatrixMarket(Matrix.java:211). Documentation for this property can be found at http://runtimeverification.com/monitor/annotated-java/__properties/html/mop/StringTokenizer_HasMoreElements.html
StringTokenizer.hasMoreTokens()/hasMoreElements() did not return false before calling nextToken()/nextElement().
Specification StringTokenizer_HasMoreElements has been violated on line org.la4j.Matrix.fromMatrixMarket(Matrix.java:245). Documentation for this property can be found at http://runtimeverification.com/monitor/annotated-java/__properties/html/mop/StringTokenizer_HasMoreElements.html
StringTokenizer.hasMoreTokens()/hasMoreElements() did not return false before calling nextToken()/nextElement().
Specification StringTokenizer_HasMoreElements has been violated on line org.la4j.Matrix.fromMatrixMarket(Matrix.java:256). Documentation for this property can be found at http://runtimeverification.com/monitor/annotated-java/__properties/html/mop/StringTokenizer_HasMoreElements.html
StringTokenizer.hasMoreTokens()/hasMoreElements() did not return false before calling nextToken()/nextElement().
Specification StringTokenizer_HasMoreElements has been violated on line org.la4j.Matrix.fromMatrixMarket(Matrix.java:256). Documentation for this property can be found at http://runtimeverification.com/monitor/annotated-java/__properties/html/mop/StringTokenizer_HasMoreElements.html
StringTokenizer.hasMoreTokens()/hasMoreElements() did not return false before calling nextToken()/nextElement().
Specification StringTokenizer_HasMoreElements has been violated on line org.la4j.Matrix.fromMatrixMarket(Matrix.java:256). Documentation for this property can be found at http://runtimeverification.com/monitor/annotated-java/__properties/html/mop/StringTokenizer_HasMoreElements.html
StringTokenizer.hasMoreTokens()/hasMoreElements() did not return false before calling nextToken()/nextElement().
Specification StringTokenizer_HasMoreElements has been violated on line org.la4j.Matrix.fromMatrixMarket(Matrix.java:256). Documentation for this property can be found at http://runtimeverification.com/monitor/annotated-java/__properties/html/mop/StringTokenizer_HasMoreElements.html
StringTokenizer.hasMoreTokens()/hasMoreElements() did not return false before calling nextToken()/nextElement().
Specification StringTokenizer_HasMoreElements has been violated on line org.la4j.Matrix.fromMatrixMarket(Matrix.java:256). Documentation for this property can be found at http://runtimeverification.com/monitor/annotated-java/__properties/html/mop/StringTokenizer_HasMoreElements.html
StringTokenizer.hasMoreTokens()/hasMoreElements() did not return false before calling nextToken()/nextElement().
Specification StringTokenizer_HasMoreElements has been violated on line org.la4j.Matrix.fromMatrixMarket(Matrix.java:256). Documentation for this property can be found at http://runtimeverification.com/monitor/annotated-java/__properties/html/mop/StringTokenizer_HasMoreElements.html
StringTokenizer.hasMoreTokens()/hasMoreElements() did not return false before calling nextToken()/nextElement().
Specification StringTokenizer_HasMoreElements has been violated on line org.la4j.Matrix.fromMatrixMarket(Matrix.java:256). Documentation for this property can be found at http://runtimeverification.com/monitor/annotated-java/__properties/html/mop/StringTokenizer_HasMoreElements.html
StringTokenizer.hasMoreTokens()/hasMoreElements() did not return false before calling nextToken()/nextElement().
Specification StringTokenizer_HasMoreElements has been violated on line org.la4j.Matrix.fromMatrixMarket(Matrix.java:256). Documentation for this property can be found at http://runtimeverification.com/monitor/annotated-java/__properties/html/mop/StringTokenizer_HasMoreElements.html
StringTokenizer.hasMoreTokens()/hasMoreElements() did not return false before calling nextToken()/nextElement().
Specification StringTokenizer_HasMoreElements has been violated on line org.la4j.Matrix.fromMatrixMarket(Matrix.java:256). Documentation for this property can be found at http://runtimeverification.com/monitor/annotated-java/__properties/html/mop/StringTokenizer_HasMoreElements.html
StringTokenizer.hasMoreTokens()/hasMoreElements() did not return false before calling nextToken()/nextElement().
Specification StringTokenizer_HasMoreElements has been violated on line org.la4j.Matrix.fromMatrixMarket(Matrix.java:256). Documentation for this property can be found at http://runtimeverification.com/monitor/annotated-java/__properties/html/mop/StringTokenizer_HasMoreElements.html
StringTokenizer.hasMoreTokens()/hasMoreElements() did not return false before calling nextToken()/nextElement().
Specification StringTokenizer_HasMoreElements has been violated on line org.la4j.Matrix.fromMatrixMarket(Matrix.java:256). Documentation for this property can be found at http://runtimeverification.com/monitor/annotated-java/__properties/html/mop/StringTokenizer_HasMoreElements.html
StringTokenizer.hasMoreTokens()/hasMoreElements() did not return false before calling nextToken()/nextElement().
Specification StringTokenizer_HasMoreElements has been violated on line org.la4j.Matrix.fromMatrixMarket(Matrix.java:256). Documentation for this property can be found at http://runtimeverification.com/monitor/annotated-java/__properties/html/mop/StringTokenizer_HasMoreElements.html
StringTokenizer.hasMoreTokens()/hasMoreElements() did not return false before calling nextToken()/nextElement().
Specification StringTokenizer_HasMoreElements has been violated on line org.la4j.Matrix.fromMatrixMarket(Matrix.java:256). Documentation for this property can be found at http://runtimeverification.com/monitor/annotated-java/__properties/html/mop/StringTokenizer_HasMoreElements.html
StringTokenizer.hasMoreTokens()/hasMoreElements() did not return false before calling nextToken()/nextElement().
Specification StringTokenizer_HasMoreElements has been violated on line org.la4j.Matrix.fromMatrixMarket(Matrix.java:256). Documentation for this property can be found at http://runtimeverification.com/monitor/annotated-java/__properties/html/mop/StringTokenizer_HasMoreElements.html
StringTokenizer.hasMoreTokens()/hasMoreElements() did not return false before calling nextToken()/nextElement().
Specification StringTokenizer_HasMoreElements has been violated on line org.la4j.Matrix.fromMatrixMarket(Matrix.java:256). Documentation for this property can be found at http://runtimeverification.com/monitor/annotated-java/__properties/html/mop/StringTokenizer_HasMoreElements.html
StringTokenizer.hasMoreTokens()/hasMoreElements() did not return false before calling nextToken()/nextElement().
[INFO] Tests run: 134, Failures: 0, Errors: 0, Skipped: 0, Time elapsed: 0.082 s - in org.la4j.matrix.dense.Basic2DMatrixTest
[INFO] Running org.la4j.matrix.sparse.CCSMatrixTest
Specification StringTokenizer_HasMoreElements has been violated on line org.la4j.Matrix.fromMatrixMarket(Matrix.java:208). Documentation for this property can be found at http://runtimeverification.com/monitor/annotated-java/__properties/html/mop/StringTokenizer_HasMoreElements.html
StringTokenizer.hasMoreTokens()/hasMoreElements() did not return false before calling nextToken()/nextElement().
Specification StringTokenizer_HasMoreElements has been violated on line org.la4j.Matrix.fromMatrixMarket(Matrix.java:211). Documentation for this property can be found at http://runtimeverification.com/monitor/annotated-java/__properties/html/mop/StringTokenizer_HasMoreElements.html
StringTokenizer.hasMoreTokens()/hasMoreElements() did not return false before calling nextToken()/nextElement().
Specification StringTokenizer_HasMoreElements has been violated on line org.la4j.Matrix.fromMatrixMarket(Matrix.java:245). Documentation for this property can be found at http://runtimeverification.com/monitor/annotated-java/__properties/html/mop/StringTokenizer_HasMoreElements.html
StringTokenizer.hasMoreTokens()/hasMoreElements() did not return false before calling nextToken()/nextElement().
Specification StringTokenizer_HasMoreElements has been violated on line org.la4j.Matrix.fromMatrixMarket(Matrix.java:256). Documentation for this property can be found at http://runtimeverification.com/monitor/annotated-java/__properties/html/mop/StringTokenizer_HasMoreElements.html
StringTokenizer.hasMoreTokens()/hasMoreElements() did not return false before calling nextToken()/nextElement().
Specification StringTokenizer_HasMoreElements has been violated on line org.la4j.Matrix.fromMatrixMarket(Matrix.java:256). Documentation for this property can be found at http://runtimeverification.com/monitor/annotated-java/__properties/html/mop/StringTokenizer_HasMoreElements.html
StringTokenizer.hasMoreTokens()/hasMoreElements() did not return false before calling nextToken()/nextElement().
Specification StringTokenizer_HasMoreElements has been violated on line org.la4j.Matrix.fromMatrixMarket(Matrix.java:256). Documentation for this property can be found at http://runtimeverification.com/monitor/annotated-java/__properties/html/mop/StringTokenizer_HasMoreElements.html
StringTokenizer.hasMoreTokens()/hasMoreElements() did not return false before calling nextToken()/nextElement().
Specification StringTokenizer_HasMoreElements has been violated on line org.la4j.Matrix.fromMatrixMarket(Matrix.java:256). Documentation for this property can be found at http://runtimeverification.com/monitor/annotated-java/__properties/html/mop/StringTokenizer_HasMoreElements.html
StringTokenizer.hasMoreTokens()/hasMoreElements() did not return false before calling nextToken()/nextElement().
Specification StringTokenizer_HasMoreElements has been violated on line org.la4j.Matrix.fromMatrixMarket(Matrix.java:256). Documentation for this property can be found at http://runtimeverification.com/monitor/annotated-java/__properties/html/mop/StringTokenizer_HasMoreElements.html
StringTokenizer.hasMoreTokens()/hasMoreElements() did not return false before calling nextToken()/nextElement().
Specification StringTokenizer_HasMoreElements has been violated on line org.la4j.Matrix.fromMatrixMarket(Matrix.java:256). Documentation for this property can be found at http://runtimeverification.com/monitor/annotated-java/__properties/html/mop/StringTokenizer_HasMoreElements.html
StringTokenizer.hasMoreTokens()/hasMoreElements() did not return false before calling nextToken()/nextElement().
Specification StringTokenizer_HasMoreElements has been violated on line org.la4j.Matrix.fromMatrixMarket(Matrix.java:256). Documentation for this property can be found at http://runtimeverification.com/monitor/annotated-java/__properties/html/mop/StringTokenizer_HasMoreElements.html
StringTokenizer.hasMoreTokens()/hasMoreElements() did not return false before calling nextToken()/nextElement().
Specification StringTokenizer_HasMoreElements has been violated on line org.la4j.Matrix.fromMatrixMarket(Matrix.java:256). Documentation for this property can be found at http://runtimeverification.com/monitor/annotated-java/__properties/html/mop/StringTokenizer_HasMoreElements.html
StringTokenizer.hasMoreTokens()/hasMoreElements() did not return false before calling nextToken()/nextElement().
Specification StringTokenizer_HasMoreElements has been violated on line org.la4j.Matrix.fromMatrixMarket(Matrix.java:208). Documentation for this property can be found at http://runtimeverification.com/monitor/annotated-java/__properties/html/mop/StringTokenizer_HasMoreElements.html
StringTokenizer.hasMoreTokens()/hasMoreElements() did not return false before calling nextToken()/nextElement().
Specification StringTokenizer_HasMoreElements has been violated on line org.la4j.Matrix.fromMatrixMarket(Matrix.java:211). Documentation for this property can be found at http://runtimeverification.com/monitor/annotated-java/__properties/html/mop/StringTokenizer_HasMoreElements.html
StringTokenizer.hasMoreTokens()/hasMoreElements() did not return false before calling nextToken()/nextElement().
Specification StringTokenizer_HasMoreElements has been violated on line org.la4j.Matrix.fromMatrixMarket(Matrix.java:245). Documentation for this property can be found at http://runtimeverification.com/monitor/annotated-java/__properties/html/mop/StringTokenizer_HasMoreElements.html
StringTokenizer.hasMoreTokens()/hasMoreElements() did not return false before calling nextToken()/nextElement().
Specification StringTokenizer_HasMoreElements has been violated on line org.la4j.Matrix.fromMatrixMarket(Matrix.java:256). Documentation for this property can be found at http://runtimeverification.com/monitor/annotated-java/__properties/html/mop/StringTokenizer_HasMoreElements.html
StringTokenizer.hasMoreTokens()/hasMoreElements() did not return false before calling nextToken()/nextElement().
Specification StringTokenizer_HasMoreElements has been violated on line org.la4j.Matrix.fromMatrixMarket(Matrix.java:256). Documentation for this property can be found at http://runtimeverification.com/monitor/annotated-java/__properties/html/mop/StringTokenizer_HasMoreElements.html
StringTokenizer.hasMoreTokens()/hasMoreElements() did not return false before calling nextToken()/nextElement().
Specification StringTokenizer_HasMoreElements has been violated on line org.la4j.Matrix.fromMatrixMarket(Matrix.java:256). Documentation for this property can be found at http://runtimeverification.com/monitor/annotated-java/__properties/html/mop/StringTokenizer_HasMoreElements.html
StringTokenizer.hasMoreTokens()/hasMoreElements() did not return false before calling nextToken()/nextElement().
Specification StringTokenizer_HasMoreElements has been violated on line org.la4j.Matrix.fromMatrixMarket(Matrix.java:256). Documentation for this property can be found at http://runtimeverification.com/monitor/annotated-java/__properties/html/mop/StringTokenizer_HasMoreElements.html
StringTokenizer.hasMoreTokens()/hasMoreElements() did not return false before calling nextToken()/nextElement().
Specification StringTokenizer_HasMoreElements has been violated on line org.la4j.Matrix.fromMatrixMarket(Matrix.java:256). Documentation for this property can be found at http://runtimeverification.com/monitor/annotated-java/__properties/html/mop/StringTokenizer_HasMoreElements.html
StringTokenizer.hasMoreTokens()/hasMoreElements() did not return false before calling nextToken()/nextElement().
Specification StringTokenizer_HasMoreElements has been violated on line org.la4j.Matrix.fromMatrixMarket(Matrix.java:256). Documentation for this property can be found at http://runtimeverification.com/monitor/annotated-java/__properties/html/mop/StringTokenizer_HasMoreElements.html
StringTokenizer.hasMoreTokens()/hasMoreElements() did not return false before calling nextToken()/nextElement().
Specification StringTokenizer_HasMoreElements has been violated on line org.la4j.Matrix.fromMatrixMarket(Matrix.java:256). Documentation for this property can be found at http://runtimeverification.com/monitor/annotated-java/__properties/html/mop/StringTokenizer_HasMoreElements.html
StringTokenizer.hasMoreTokens()/hasMoreElements() did not return false before calling nextToken()/nextElement().
Specification StringTokenizer_HasMoreElements has been violated on line org.la4j.Matrix.fromMatrixMarket(Matrix.java:256). Documentation for this property can be found at http://runtimeverification.com/monitor/annotated-java/__properties/html/mop/StringTokenizer_HasMoreElements.html
StringTokenizer.hasMoreTokens()/hasMoreElements() did not return false before calling nextToken()/nextElement().
Specification StringTokenizer_HasMoreElements has been violated on line org.la4j.Matrix.fromMatrixMarket(Matrix.java:256). Documentation for this property can be found at http://runtimeverification.com/monitor/annotated-java/__properties/html/mop/StringTokenizer_HasMoreElements.html
StringTokenizer.hasMoreTokens()/hasMoreElements() did not return false before calling nextToken()/nextElement().
Specification StringTokenizer_HasMoreElements has been violated on line org.la4j.Matrix.fromMatrixMarket(Matrix.java:256). Documentation for this property can be found at http://runtimeverification.com/monitor/annotated-java/__properties/html/mop/StringTokenizer_HasMoreElements.html
StringTokenizer.hasMoreTokens()/hasMoreElements() did not return false before calling nextToken()/nextElement().
Specification StringTokenizer_HasMoreElements has been violated on line org.la4j.Matrix.fromMatrixMarket(Matrix.java:256). Documentation for this property can be found at http://runtimeverification.com/monitor/annotated-java/__properties/html/mop/StringTokenizer_HasMoreElements.html
StringTokenizer.hasMoreTokens()/hasMoreElements() did not return false before calling nextToken()/nextElement().
Specification StringTokenizer_HasMoreElements has been violated on line org.la4j.Matrix.fromMatrixMarket(Matrix.java:256). Documentation for this property can be found at http://runtimeverification.com/monitor/annotated-java/__properties/html/mop/StringTokenizer_HasMoreElements.html
StringTokenizer.hasMoreTokens()/hasMoreElements() did not return false before calling nextToken()/nextElement().
Specification StringTokenizer_HasMoreElements has been violated on line org.la4j.Matrix.fromMatrixMarket(Matrix.java:256). Documentation for this property can be found at http://runtimeverification.com/monitor/annotated-java/__properties/html/mop/StringTokenizer_HasMoreElements.html
StringTokenizer.hasMoreTokens()/hasMoreElements() did not return false before calling nextToken()/nextElement().
Specification StringTokenizer_HasMoreElements has been violated on line org.la4j.Matrix.fromMatrixMarket(Matrix.java:256). Documentation for this property can be found at http://runtimeverification.com/monitor/annotated-java/__properties/html/mop/StringTokenizer_HasMoreElements.html
StringTokenizer.hasMoreTokens()/hasMoreElements() did not return false before calling nextToken()/nextElement().
Specification StringTokenizer_HasMoreElements has been violated on line org.la4j.Matrix.fromMatrixMarket(Matrix.java:256). Documentation for this property can be found at http://runtimeverification.com/monitor/annotated-java/__properties/html/mop/StringTokenizer_HasMoreElements.html
StringTokenizer.hasMoreTokens()/hasMoreElements() did not return false before calling nextToken()/nextElement().
[INFO] Tests run: 147, Failures: 0, Errors: 0, Skipped: 0, Time elapsed: 0.145 s - in org.la4j.matrix.sparse.CCSMatrixTest
[INFO] Running org.la4j.matrix.sparse.CRSMatrixTest
Specification StringTokenizer_HasMoreElements has been violated on line org.la4j.Matrix.fromMatrixMarket(Matrix.java:208). Documentation for this property can be found at http://runtimeverification.com/monitor/annotated-java/__properties/html/mop/StringTokenizer_HasMoreElements.html
StringTokenizer.hasMoreTokens()/hasMoreElements() did not return false before calling nextToken()/nextElement().
Specification StringTokenizer_HasMoreElements has been violated on line org.la4j.Matrix.fromMatrixMarket(Matrix.java:211). Documentation for this property can be found at http://runtimeverification.com/monitor/annotated-java/__properties/html/mop/StringTokenizer_HasMoreElements.html
StringTokenizer.hasMoreTokens()/hasMoreElements() did not return false before calling nextToken()/nextElement().
Specification StringTokenizer_HasMoreElements has been violated on line org.la4j.Matrix.fromMatrixMarket(Matrix.java:245). Documentation for this property can be found at http://runtimeverification.com/monitor/annotated-java/__properties/html/mop/StringTokenizer_HasMoreElements.html
StringTokenizer.hasMoreTokens()/hasMoreElements() did not return false before calling nextToken()/nextElement().
Specification StringTokenizer_HasMoreElements has been violated on line org.la4j.Matrix.fromMatrixMarket(Matrix.java:256). Documentation for this property can be found at http://runtimeverification.com/monitor/annotated-java/__properties/html/mop/StringTokenizer_HasMoreElements.html
StringTokenizer.hasMoreTokens()/hasMoreElements() did not return false before calling nextToken()/nextElement().
Specification StringTokenizer_HasMoreElements has been violated on line org.la4j.Matrix.fromMatrixMarket(Matrix.java:256). Documentation for this property can be found at http://runtimeverification.com/monitor/annotated-java/__properties/html/mop/StringTokenizer_HasMoreElements.html
StringTokenizer.hasMoreTokens()/hasMoreElements() did not return false before calling nextToken()/nextElement().
Specification StringTokenizer_HasMoreElements has been violated on line org.la4j.Matrix.fromMatrixMarket(Matrix.java:256). Documentation for this property can be found at http://runtimeverification.com/monitor/annotated-java/__properties/html/mop/StringTokenizer_HasMoreElements.html
StringTokenizer.hasMoreTokens()/hasMoreElements() did not return false before calling nextToken()/nextElement().
Specification StringTokenizer_HasMoreElements has been violated on line org.la4j.Matrix.fromMatrixMarket(Matrix.java:256). Documentation for this property can be found at http://runtimeverification.com/monitor/annotated-java/__properties/html/mop/StringTokenizer_HasMoreElements.html
StringTokenizer.hasMoreTokens()/hasMoreElements() did not return false before calling nextToken()/nextElement().
Specification StringTokenizer_HasMoreElements has been violated on line org.la4j.Matrix.fromMatrixMarket(Matrix.java:256). Documentation for this property can be found at http://runtimeverification.com/monitor/annotated-java/__properties/html/mop/StringTokenizer_HasMoreElements.html
StringTokenizer.hasMoreTokens()/hasMoreElements() did not return false before calling nextToken()/nextElement().
Specification StringTokenizer_HasMoreElements has been violated on line org.la4j.Matrix.fromMatrixMarket(Matrix.java:256). Documentation for this property can be found at http://runtimeverification.com/monitor/annotated-java/__properties/html/mop/StringTokenizer_HasMoreElements.html
StringTokenizer.hasMoreTokens()/hasMoreElements() did not return false before calling nextToken()/nextElement().
Specification StringTokenizer_HasMoreElements has been violated on line org.la4j.Matrix.fromMatrixMarket(Matrix.java:256). Documentation for this property can be found at http://runtimeverification.com/monitor/annotated-java/__properties/html/mop/StringTokenizer_HasMoreElements.html
StringTokenizer.hasMoreTokens()/hasMoreElements() did not return false before calling nextToken()/nextElement().
Specification StringTokenizer_HasMoreElements has been violated on line org.la4j.Matrix.fromMatrixMarket(Matrix.java:256). Documentation for this property can be found at http://runtimeverification.com/monitor/annotated-java/__properties/html/mop/StringTokenizer_HasMoreElements.html
StringTokenizer.hasMoreTokens()/hasMoreElements() did not return false before calling nextToken()/nextElement().
Specification StringTokenizer_HasMoreElements has been violated on line org.la4j.Matrix.fromMatrixMarket(Matrix.java:208). Documentation for this property can be found at http://runtimeverification.com/monitor/annotated-java/__properties/html/mop/StringTokenizer_HasMoreElements.html
StringTokenizer.hasMoreTokens()/hasMoreElements() did not return false before calling nextToken()/nextElement().
Specification StringTokenizer_HasMoreElements has been violated on line org.la4j.Matrix.fromMatrixMarket(Matrix.java:211). Documentation for this property can be found at http://runtimeverification.com/monitor/annotated-java/__properties/html/mop/StringTokenizer_HasMoreElements.html
StringTokenizer.hasMoreTokens()/hasMoreElements() did not return false before calling nextToken()/nextElement().
Specification StringTokenizer_HasMoreElements has been violated on line org.la4j.Matrix.fromMatrixMarket(Matrix.java:245). Documentation for this property can be found at http://runtimeverification.com/monitor/annotated-java/__properties/html/mop/StringTokenizer_HasMoreElements.html
StringTokenizer.hasMoreTokens()/hasMoreElements() did not return false before calling nextToken()/nextElement().
Specification StringTokenizer_HasMoreElements has been violated on line org.la4j.Matrix.fromMatrixMarket(Matrix.java:256). Documentation for this property can be found at http://runtimeverification.com/monitor/annotated-java/__properties/html/mop/StringTokenizer_HasMoreElements.html
StringTokenizer.hasMoreTokens()/hasMoreElements() did not return false before calling nextToken()/nextElement().
Specification StringTokenizer_HasMoreElements has been violated on line org.la4j.Matrix.fromMatrixMarket(Matrix.java:256). Documentation for this property can be found at http://runtimeverification.com/monitor/annotated-java/__properties/html/mop/StringTokenizer_HasMoreElements.html
StringTokenizer.hasMoreTokens()/hasMoreElements() did not return false before calling nextToken()/nextElement().
Specification StringTokenizer_HasMoreElements has been violated on line org.la4j.Matrix.fromMatrixMarket(Matrix.java:256). Documentation for this property can be found at http://runtimeverification.com/monitor/annotated-java/__properties/html/mop/StringTokenizer_HasMoreElements.html
StringTokenizer.hasMoreTokens()/hasMoreElements() did not return false before calling nextToken()/nextElement().
Specification StringTokenizer_HasMoreElements has been violated on line org.la4j.Matrix.fromMatrixMarket(Matrix.java:256). Documentation for this property can be found at http://runtimeverification.com/monitor/annotated-java/__properties/html/mop/StringTokenizer_HasMoreElements.html
StringTokenizer.hasMoreTokens()/hasMoreElements() did not return false before calling nextToken()/nextElement().
Specification StringTokenizer_HasMoreElements has been violated on line org.la4j.Matrix.fromMatrixMarket(Matrix.java:256). Documentation for this property can be found at http://runtimeverification.com/monitor/annotated-java/__properties/html/mop/StringTokenizer_HasMoreElements.html
StringTokenizer.hasMoreTokens()/hasMoreElements() did not return false before calling nextToken()/nextElement().
Specification StringTokenizer_HasMoreElements has been violated on line org.la4j.Matrix.fromMatrixMarket(Matrix.java:256). Documentation for this property can be found at http://runtimeverification.com/monitor/annotated-java/__properties/html/mop/StringTokenizer_HasMoreElements.html
StringTokenizer.hasMoreTokens()/hasMoreElements() did not return false before calling nextToken()/nextElement().
Specification StringTokenizer_HasMoreElements has been violated on line org.la4j.Matrix.fromMatrixMarket(Matrix.java:256). Documentation for this property can be found at http://runtimeverification.com/monitor/annotated-java/__properties/html/mop/StringTokenizer_HasMoreElements.html
StringTokenizer.hasMoreTokens()/hasMoreElements() did not return false before calling nextToken()/nextElement().
Specification StringTokenizer_HasMoreElements has been violated on line org.la4j.Matrix.fromMatrixMarket(Matrix.java:256). Documentation for this property can be found at http://runtimeverification.com/monitor/annotated-java/__properties/html/mop/StringTokenizer_HasMoreElements.html
StringTokenizer.hasMoreTokens()/hasMoreElements() did not return false before calling nextToken()/nextElement().
Specification StringTokenizer_HasMoreElements has been violated on line org.la4j.Matrix.fromMatrixMarket(Matrix.java:256). Documentation for this property can be found at http://runtimeverification.com/monitor/annotated-java/__properties/html/mop/StringTokenizer_HasMoreElements.html
StringTokenizer.hasMoreTokens()/hasMoreElements() did not return false before calling nextToken()/nextElement().
Specification StringTokenizer_HasMoreElements has been violated on line org.la4j.Matrix.fromMatrixMarket(Matrix.java:256). Documentation for this property can be found at http://runtimeverification.com/monitor/annotated-java/__properties/html/mop/StringTokenizer_HasMoreElements.html
StringTokenizer.hasMoreTokens()/hasMoreElements() did not return false before calling nextToken()/nextElement().
Specification StringTokenizer_HasMoreElements has been violated on line org.la4j.Matrix.fromMatrixMarket(Matrix.java:256). Documentation for this property can be found at http://runtimeverification.com/monitor/annotated-java/__properties/html/mop/StringTokenizer_HasMoreElements.html
StringTokenizer.hasMoreTokens()/hasMoreElements() did not return false before calling nextToken()/nextElement().
Specification StringTokenizer_HasMoreElements has been violated on line org.la4j.Matrix.fromMatrixMarket(Matrix.java:256). Documentation for this property can be found at http://runtimeverification.com/monitor/annotated-java/__properties/html/mop/StringTokenizer_HasMoreElements.html
StringTokenizer.hasMoreTokens()/hasMoreElements() did not return false before calling nextToken()/nextElement().
Specification StringTokenizer_HasMoreElements has been violated on line org.la4j.Matrix.fromMatrixMarket(Matrix.java:256). Documentation for this property can be found at http://runtimeverification.com/monitor/annotated-java/__properties/html/mop/StringTokenizer_HasMoreElements.html
StringTokenizer.hasMoreTokens()/hasMoreElements() did not return false before calling nextToken()/nextElement().
Specification StringTokenizer_HasMoreElements has been violated on line org.la4j.Matrix.fromMatrixMarket(Matrix.java:256). Documentation for this property can be found at http://runtimeverification.com/monitor/annotated-java/__properties/html/mop/StringTokenizer_HasMoreElements.html
StringTokenizer.hasMoreTokens()/hasMoreElements() did not return false before calling nextToken()/nextElement().
Specification StringTokenizer_HasMoreElements has been violated on line org.la4j.Matrix.fromMatrixMarket(Matrix.java:256). Documentation for this property can be found at http://runtimeverification.com/monitor/annotated-java/__properties/html/mop/StringTokenizer_HasMoreElements.html
StringTokenizer.hasMoreTokens()/hasMoreElements() did not return false before calling nextToken()/nextElement().
[INFO] Tests run: 147, Failures: 0, Errors: 0, Skipped: 0, Time elapsed: 0.392 s - in org.la4j.matrix.sparse.CRSMatrixTest
[INFO] 
[INFO] Results:
[INFO] 
[INFO] Tests run: 799, Failures: 0, Errors: 0, Skipped: 0
[INFO] 
[INFO] 
[INFO] <<< emop:1.0-SNAPSHOT:hrps (default-cli) < [hybrid]test @ la4j <<<
[INFO] 
[INFO] 
[INFO] --- emop:1.0-SNAPSHOT:hrps (default-cli) @ la4j ---
[INFO] [eMOP] Invoking the RPS Hybrid Mojo...
[INFO] ------------------------------------------------------------------------
[INFO] BUILD SUCCESS
[INFO] ------------------------------------------------------------------------
[INFO] Total time:  44.618 s
[INFO] Finished at: 2023-10-02T18:52:04Z
[INFO] ------------------------------------------------------------------------
