[INFO] Scanning for projects...
[INFO] 
[INFO] ---------------------------< org.la4j:la4j >----------------------------
[INFO] Building la4j 0.6.0
[INFO]   from pom.xml
[INFO] --------------------------------[ jar ]---------------------------------
[INFO] 
[INFO] >>> emop:1.0-SNAPSHOT:rps (default-cli) > [rps]test @ la4j >>>
[INFO] 
[INFO] --- enforcer:1.0:enforce (enforce-maven) @ la4j ---
[INFO] 
[INFO] --- resources:3.3.1:resources (default-resources) @ la4j ---
[INFO] skip non existing resourceDirectory /home/mopuser/earv-research/scripts-emop/repos/la4j/src/main/resources
[INFO] 
[INFO] --- compiler:2.5.1:compile (default-compile) @ la4j ---
[INFO] Compiling 86 source files to /home/mopuser/earv-research/scripts-emop/repos/la4j/target/classes
[INFO] 
[INFO] --- resources:3.3.1:testResources (default-testResources) @ la4j ---
[INFO] skip non existing resourceDirectory /home/mopuser/earv-research/scripts-emop/repos/la4j/src/test/resources
[INFO] 
[INFO] --- compiler:2.5.1:testCompile (default-testCompile) @ la4j ---
[INFO] Compiling 31 source files to /home/mopuser/earv-research/scripts-emop/repos/la4j/target/test-classes
[INFO] 
[INFO] >>> emop:1.0-SNAPSHOT:monitor (default-cli) > test-compile @ la4j >>>
[INFO] 
[INFO] --- enforcer:1.0:enforce (enforce-maven) @ la4j ---
[INFO] 
[INFO] --- resources:3.3.1:resources (default-resources) @ la4j ---
[INFO] skip non existing resourceDirectory /home/mopuser/earv-research/scripts-emop/repos/la4j/src/main/resources
[INFO] 
[INFO] --- compiler:2.5.1:compile (default-compile) @ la4j ---
[INFO] Nothing to compile - all classes are up to date
[INFO] 
[INFO] --- resources:3.3.1:testResources (default-testResources) @ la4j ---
[INFO] skip non existing resourceDirectory /home/mopuser/earv-research/scripts-emop/repos/la4j/src/test/resources
[INFO] 
[INFO] --- compiler:2.5.1:testCompile (default-testCompile) @ la4j ---
[INFO] Nothing to compile - all classes are up to date
[INFO] 
[INFO] <<< emop:1.0-SNAPSHOT:monitor (default-cli) < test-compile @ la4j <<<
[INFO] 
[INFO] 
[INFO] --- emop:1.0-SNAPSHOT:monitor (default-cli) @ la4j ---
[INFO] [eMOP] Invoking the ImpactedClasses Mojo...
INFO: STARTS:Nodes: 243
INFO: STARTS:Edges: 1203
INFO: ChangedClasses: 0
INFO: ImpactedClasses: 241
[INFO] [eMOP Timer] Execute ImpactedClasses Mojo takes 445 ms
[INFO] [eMOP] Total number of classes: 241
[INFO] [eMOP] Invoking the AffectedSpecs Mojo...
[INFO] [eMOP Timer] Compile-time weaving takes 9468 ms
[INFO] [eMOP Timer] Compute affected specs takes 19 ms
[INFO] [eMOP Timer] Write affected specs to disk takes 48 ms
[INFO] [eMOP] Number of impacted classes: 241
[INFO] [eMOP] Number of messages to process: 4863
[INFO] [eMOP] Invoking the Monitor Mojo...
[INFO] AffectedSpecs: 38
[INFO] [eMOP Timer] Generating aop-ajc.xml and replace it takes 119 ms
[INFO] 
[INFO] --- surefire:2.20:test (default-test) @ la4j ---
[INFO] 
[INFO] -------------------------------------------------------
[INFO]  T E S T S
[INFO] -------------------------------------------------------
[INFO] Running org.la4j.inversion.NoPivotGaussInverterTest
[INFO] Tests run: 6, Failures: 0, Errors: 0, Skipped: 0, Time elapsed: 5.173 s - in org.la4j.inversion.NoPivotGaussInverterTest
[INFO] Running org.la4j.inversion.GaussJordanInverterTest
[INFO] Tests run: 6, Failures: 0, Errors: 0, Skipped: 0, Time elapsed: 6.642 s - in org.la4j.inversion.GaussJordanInverterTest
[INFO] Running org.la4j.vector.dense.BasicVectorTest
[INFO] Tests run: 63, Failures: 0, Errors: 0, Skipped: 0, Time elapsed: 0.22 s - in org.la4j.vector.dense.BasicVectorTest
[INFO] Running org.la4j.vector.sparse.CompressedVectorTest
[INFO] Tests run: 76, Failures: 0, Errors: 0, Skipped: 0, Time elapsed: 0.087 s - in org.la4j.vector.sparse.CompressedVectorTest
[INFO] Running org.la4j.decomposition.SingularValueDecompositorTest
[INFO] Tests run: 6, Failures: 0, Errors: 0, Skipped: 0, Time elapsed: 0.115 s - in org.la4j.decomposition.SingularValueDecompositorTest
[INFO] Running org.la4j.decomposition.LUDecompositorTest
[INFO] Tests run: 7, Failures: 0, Errors: 0, Skipped: 0, Time elapsed: 0.028 s - in org.la4j.decomposition.LUDecompositorTest
[INFO] Running org.la4j.decomposition.CholeskyDecompositorTest
[INFO] Tests run: 5, Failures: 0, Errors: 0, Skipped: 0, Time elapsed: 0.023 s - in org.la4j.decomposition.CholeskyDecompositorTest
[INFO] Running org.la4j.decomposition.EigenDecompositorTest
[INFO] Tests run: 15, Failures: 0, Errors: 0, Skipped: 0, Time elapsed: 4.867 s - in org.la4j.decomposition.EigenDecompositorTest
[INFO] Running org.la4j.decomposition.QRDecompositorTest
[INFO] Tests run: 8, Failures: 0, Errors: 0, Skipped: 0, Time elapsed: 0.009 s - in org.la4j.decomposition.QRDecompositorTest
[INFO] Running org.la4j.linear.ForwardBackSubstitutionSolverTest
[INFO] Tests run: 7, Failures: 0, Errors: 0, Skipped: 0, Time elapsed: 0.088 s - in org.la4j.linear.ForwardBackSubstitutionSolverTest
[INFO] Running org.la4j.linear.SeidelSolverTest
[INFO] Tests run: 6, Failures: 0, Errors: 0, Skipped: 0, Time elapsed: 1.064 s - in org.la4j.linear.SeidelSolverTest
[INFO] Running org.la4j.linear.SweepSolverTest
[INFO] Tests run: 4, Failures: 0, Errors: 0, Skipped: 0, Time elapsed: 0.035 s - in org.la4j.linear.SweepSolverTest
[INFO] Running org.la4j.linear.SquareRootSolverTest
[INFO] Tests run: 6, Failures: 0, Errors: 0, Skipped: 0, Time elapsed: 0.073 s - in org.la4j.linear.SquareRootSolverTest
[INFO] Running org.la4j.linear.JacobiSolverTest
[INFO] Tests run: 6, Failures: 0, Errors: 0, Skipped: 0, Time elapsed: 0.07 s - in org.la4j.linear.JacobiSolverTest
[INFO] Running org.la4j.linear.GaussianSolverTest
[INFO] Tests run: 5, Failures: 0, Errors: 0, Skipped: 0, Time elapsed: 0.005 s - in org.la4j.linear.GaussianSolverTest
[INFO] Running org.la4j.linear.LeastSquaresSolverTest
[INFO] Tests run: 11, Failures: 0, Errors: 0, Skipped: 0, Time elapsed: 0.049 s - in org.la4j.linear.LeastSquaresSolverTest
[INFO] Running org.la4j.matrix.dense.Basic1DMatrixTest
Specification StringTokenizer_HasMoreElements has been violated on line org.la4j.Matrix.fromMatrixMarket(Matrix.java:208). Documentation for this property can be found at http://runtimeverification.com/monitor/annotated-java/__properties/html/mop/StringTokenizer_HasMoreElements.html
StringTokenizer.hasMoreTokens()/hasMoreElements() did not return false before calling nextToken()/nextElement().
Specification StringTokenizer_HasMoreElements has been violated on line org.la4j.Matrix.fromMatrixMarket(Matrix.java:211). Documentation for this property can be found at http://runtimeverification.com/monitor/annotated-java/__properties/html/mop/StringTokenizer_HasMoreElements.html
StringTokenizer.hasMoreTokens()/hasMoreElements() did not return false before calling nextToken()/nextElement().
Specification StringTokenizer_HasMoreElements has been violated on line org.la4j.Matrix.fromMatrixMarket(Matrix.java:245). Documentation for this property can be found at http://runtimeverification.com/monitor/annotated-java/__properties/html/mop/StringTokenizer_HasMoreElements.html
StringTokenizer.hasMoreTokens()/hasMoreElements() did not return false before calling nextToken()/nextElement().
Specification StringTokenizer_HasMoreElements has been violated on line org.la4j.Matrix.fromMatrixMarket(Matrix.java:256). Documentation for this property can be found at http://runtimeverification.com/monitor/annotated-java/__properties/html/mop/StringTokenizer_HasMoreElements.html
StringTokenizer.hasMoreTokens()/hasMoreElements() did not return false before calling nextToken()/nextElement().
Specification StringTokenizer_HasMoreElements has been violated on line org.la4j.Matrix.fromMatrixMarket(Matrix.java:256). Documentation for this property can be found at http://runtimeverification.com/monitor/annotated-java/__properties/html/mop/StringTokenizer_HasMoreElements.html
StringTokenizer.hasMoreTokens()/hasMoreElements() did not return false before calling nextToken()/nextElement().
Specification StringTokenizer_HasMoreElements has been violated on line org.la4j.Matrix.fromMatrixMarket(Matrix.java:256). Documentation for this property can be found at http://runtimeverification.com/monitor/annotated-java/__properties/html/mop/StringTokenizer_HasMoreElements.html
StringTokenizer.hasMoreTokens()/hasMoreElements() did not return false before calling nextToken()/nextElement().
Specification StringTokenizer_HasMoreElements has been violated on line org.la4j.Matrix.fromMatrixMarket(Matrix.java:256). Documentation for this property can be found at http://runtimeverification.com/monitor/annotated-java/__properties/html/mop/StringTokenizer_HasMoreElements.html
StringTokenizer.hasMoreTokens()/hasMoreElements() did not return false before calling nextToken()/nextElement().
Specification StringTokenizer_HasMoreElements has been violated on line org.la4j.Matrix.fromMatrixMarket(Matrix.java:256). Documentation for this property can be found at http://runtimeverification.com/monitor/annotated-java/__properties/html/mop/StringTokenizer_HasMoreElements.html
StringTokenizer.hasMoreTokens()/hasMoreElements() did not return false before calling nextToken()/nextElement().
Specification StringTokenizer_HasMoreElements has been violated on line org.la4j.Matrix.fromMatrixMarket(Matrix.java:256). Documentation for this property can be found at http://runtimeverification.com/monitor/annotated-java/__properties/html/mop/StringTokenizer_HasMoreElements.html
StringTokenizer.hasMoreTokens()/hasMoreElements() did not return false before calling nextToken()/nextElement().
Specification StringTokenizer_HasMoreElements has been violated on line org.la4j.Matrix.fromMatrixMarket(Matrix.java:256). Documentation for this property can be found at http://runtimeverification.com/monitor/annotated-java/__properties/html/mop/StringTokenizer_HasMoreElements.html
StringTokenizer.hasMoreTokens()/hasMoreElements() did not return false before calling nextToken()/nextElement().
Specification StringTokenizer_HasMoreElements has been violated on line org.la4j.Matrix.fromMatrixMarket(Matrix.java:256). Documentation for this property can be found at http://runtimeverification.com/monitor/annotated-java/__properties/html/mop/StringTokenizer_HasMoreElements.html
StringTokenizer.hasMoreTokens()/hasMoreElements() did not return false before calling nextToken()/nextElement().
Specification StringTokenizer_HasMoreElements has been violated on line org.la4j.Matrix.fromMatrixMarket(Matrix.java:208). Documentation for this property can be found at http://runtimeverification.com/monitor/annotated-java/__properties/html/mop/StringTokenizer_HasMoreElements.html
StringTokenizer.hasMoreTokens()/hasMoreElements() did not return false before calling nextToken()/nextElement().
Specification StringTokenizer_HasMoreElements has been violated on line org.la4j.Matrix.fromMatrixMarket(Matrix.java:211). Documentation for this property can be found at http://runtimeverification.com/monitor/annotated-java/__properties/html/mop/StringTokenizer_HasMoreElements.html
StringTokenizer.hasMoreTokens()/hasMoreElements() did not return false before calling nextToken()/nextElement().
Specification StringTokenizer_HasMoreElements has been violated on line org.la4j.Matrix.fromMatrixMarket(Matrix.java:245). Documentation for this property can be found at http://runtimeverification.com/monitor/annotated-java/__properties/html/mop/StringTokenizer_HasMoreElements.html
StringTokenizer.hasMoreTokens()/hasMoreElements() did not return false before calling nextToken()/nextElement().
Specification StringTokenizer_HasMoreElements has been violated on line org.la4j.Matrix.fromMatrixMarket(Matrix.java:256). Documentation for this property can be found at http://runtimeverification.com/monitor/annotated-java/__properties/html/mop/StringTokenizer_HasMoreElements.html
StringTokenizer.hasMoreTokens()/hasMoreElements() did not return false before calling nextToken()/nextElement().
Specification StringTokenizer_HasMoreElements has been violated on line org.la4j.Matrix.fromMatrixMarket(Matrix.java:256). Documentation for this property can be found at http://runtimeverification.com/monitor/annotated-java/__properties/html/mop/StringTokenizer_HasMoreElements.html
StringTokenizer.hasMoreTokens()/hasMoreElements() did not return false before calling nextToken()/nextElement().
Specification StringTokenizer_HasMoreElements has been violated on line org.la4j.Matrix.fromMatrixMarket(Matrix.java:256). Documentation for this property can be found at http://runtimeverification.com/monitor/annotated-java/__properties/html/mop/StringTokenizer_HasMoreElements.html
StringTokenizer.hasMoreTokens()/hasMoreElements() did not return false before calling nextToken()/nextElement().
Specification StringTokenizer_HasMoreElements has been violated on line org.la4j.Matrix.fromMatrixMarket(Matrix.java:256). Documentation for this property can be found at http://runtimeverification.com/monitor/annotated-java/__properties/html/mop/StringTokenizer_HasMoreElements.html
StringTokenizer.hasMoreTokens()/hasMoreElements() did not return false before calling nextToken()/nextElement().
Specification StringTokenizer_HasMoreElements has been violated on line org.la4j.Matrix.fromMatrixMarket(Matrix.java:256). Documentation for this property can be found at http://runtimeverification.com/monitor/annotated-java/__properties/html/mop/StringTokenizer_HasMoreElements.html
StringTokenizer.hasMoreTokens()/hasMoreElements() did not return false before calling nextToken()/nextElement().
Specification StringTokenizer_HasMoreElements has been violated on line org.la4j.Matrix.fromMatrixMarket(Matrix.java:256). Documentation for this property can be found at http://runtimeverification.com/monitor/annotated-java/__properties/html/mop/StringTokenizer_HasMoreElements.html
StringTokenizer.hasMoreTokens()/hasMoreElements() did not return false before calling nextToken()/nextElement().
Specification StringTokenizer_HasMoreElements has been violated on line org.la4j.Matrix.fromMatrixMarket(Matrix.java:256). Documentation for this property can be found at http://runtimeverification.com/monitor/annotated-java/__properties/html/mop/StringTokenizer_HasMoreElements.html
StringTokenizer.hasMoreTokens()/hasMoreElements() did not return false before calling nextToken()/nextElement().
Specification StringTokenizer_HasMoreElements has been violated on line org.la4j.Matrix.fromMatrixMarket(Matrix.java:256). Documentation for this property can be found at http://runtimeverification.com/monitor/annotated-java/__properties/html/mop/StringTokenizer_HasMoreElements.html
StringTokenizer.hasMoreTokens()/hasMoreElements() did not return false before calling nextToken()/nextElement().
Specification StringTokenizer_HasMoreElements has been violated on line org.la4j.Matrix.fromMatrixMarket(Matrix.java:256). Documentation for this property can be found at http://runtimeverification.com/monitor/annotated-java/__properties/html/mop/StringTokenizer_HasMoreElements.html
StringTokenizer.hasMoreTokens()/hasMoreElements() did not return false before calling nextToken()/nextElement().
Specification StringTokenizer_HasMoreElements has been violated on line org.la4j.Matrix.fromMatrixMarket(Matrix.java:256). Documentation for this property can be found at http://runtimeverification.com/monitor/annotated-java/__properties/html/mop/StringTokenizer_HasMoreElements.html
StringTokenizer.hasMoreTokens()/hasMoreElements() did not return false before calling nextToken()/nextElement().
Specification StringTokenizer_HasMoreElements has been violated on line org.la4j.Matrix.fromMatrixMarket(Matrix.java:256). Documentation for this property can be found at http://runtimeverification.com/monitor/annotated-java/__properties/html/mop/StringTokenizer_HasMoreElements.html
StringTokenizer.hasMoreTokens()/hasMoreElements() did not return false before calling nextToken()/nextElement().
Specification StringTokenizer_HasMoreElements has been violated on line org.la4j.Matrix.fromMatrixMarket(Matrix.java:256). Documentation for this property can be found at http://runtimeverification.com/monitor/annotated-java/__properties/html/mop/StringTokenizer_HasMoreElements.html
StringTokenizer.hasMoreTokens()/hasMoreElements() did not return false before calling nextToken()/nextElement().
Specification StringTokenizer_HasMoreElements has been violated on line org.la4j.Matrix.fromMatrixMarket(Matrix.java:256). Documentation for this property can be found at http://runtimeverification.com/monitor/annotated-java/__properties/html/mop/StringTokenizer_HasMoreElements.html
StringTokenizer.hasMoreTokens()/hasMoreElements() did not return false before calling nextToken()/nextElement().
Specification StringTokenizer_HasMoreElements has been violated on line org.la4j.Matrix.fromMatrixMarket(Matrix.java:256). Documentation for this property can be found at http://runtimeverification.com/monitor/annotated-java/__properties/html/mop/StringTokenizer_HasMoreElements.html
StringTokenizer.hasMoreTokens()/hasMoreElements() did not return false before calling nextToken()/nextElement().
Specification StringTokenizer_HasMoreElements has been violated on line org.la4j.Matrix.fromMatrixMarket(Matrix.java:256). Documentation for this property can be found at http://runtimeverification.com/monitor/annotated-java/__properties/html/mop/StringTokenizer_HasMoreElements.html
StringTokenizer.hasMoreTokens()/hasMoreElements() did not return false before calling nextToken()/nextElement().
[INFO] Tests run: 134, Failures: 0, Errors: 0, Skipped: 0, Time elapsed: 0.233 s - in org.la4j.matrix.dense.Basic1DMatrixTest
[INFO] Running org.la4j.matrix.dense.Basic2DMatrixTest
Specification StringTokenizer_HasMoreElements has been violated on line org.la4j.Matrix.fromMatrixMarket(Matrix.java:208). Documentation for this property can be found at http://runtimeverification.com/monitor/annotated-java/__properties/html/mop/StringTokenizer_HasMoreElements.html
StringTokenizer.hasMoreTokens()/hasMoreElements() did not return false before calling nextToken()/nextElement().
Specification StringTokenizer_HasMoreElements has been violated on line org.la4j.Matrix.fromMatrixMarket(Matrix.java:211). Documentation for this property can be found at http://runtimeverification.com/monitor/annotated-java/__properties/html/mop/StringTokenizer_HasMoreElements.html
StringTokenizer.hasMoreTokens()/hasMoreElements() did not return false before calling nextToken()/nextElement().
Specification StringTokenizer_HasMoreElements has been violated on line org.la4j.Matrix.fromMatrixMarket(Matrix.java:245). Documentation for this property can be found at http://runtimeverification.com/monitor/annotated-java/__properties/html/mop/StringTokenizer_HasMoreElements.html
StringTokenizer.hasMoreTokens()/hasMoreElements() did not return false before calling nextToken()/nextElement().
Specification StringTokenizer_HasMoreElements has been violated on line org.la4j.Matrix.fromMatrixMarket(Matrix.java:256). Documentation for this property can be found at http://runtimeverification.com/monitor/annotated-java/__properties/html/mop/StringTokenizer_HasMoreElements.html
StringTokenizer.hasMoreTokens()/hasMoreElements() did not return false before calling nextToken()/nextElement().
Specification StringTokenizer_HasMoreElements has been violated on line org.la4j.Matrix.fromMatrixMarket(Matrix.java:256). Documentation for this property can be found at http://runtimeverification.com/monitor/annotated-java/__properties/html/mop/StringTokenizer_HasMoreElements.html
StringTokenizer.hasMoreTokens()/hasMoreElements() did not return false before calling nextToken()/nextElement().
Specification StringTokenizer_HasMoreElements has been violated on line org.la4j.Matrix.fromMatrixMarket(Matrix.java:256). Documentation for this property can be found at http://runtimeverification.com/monitor/annotated-java/__properties/html/mop/StringTokenizer_HasMoreElements.html
StringTokenizer.hasMoreTokens()/hasMoreElements() did not return false before calling nextToken()/nextElement().
Specification StringTokenizer_HasMoreElements has been violated on line org.la4j.Matrix.fromMatrixMarket(Matrix.java:256). Documentation for this property can be found at http://runtimeverification.com/monitor/annotated-java/__properties/html/mop/StringTokenizer_HasMoreElements.html
StringTokenizer.hasMoreTokens()/hasMoreElements() did not return false before calling nextToken()/nextElement().
Specification StringTokenizer_HasMoreElements has been violated on line org.la4j.Matrix.fromMatrixMarket(Matrix.java:256). Documentation for this property can be found at http://runtimeverification.com/monitor/annotated-java/__properties/html/mop/StringTokenizer_HasMoreElements.html
StringTokenizer.hasMoreTokens()/hasMoreElements() did not return false before calling nextToken()/nextElement().
Specification StringTokenizer_HasMoreElements has been violated on line org.la4j.Matrix.fromMatrixMarket(Matrix.java:256). Documentation for this property can be found at http://runtimeverification.com/monitor/annotated-java/__properties/html/mop/StringTokenizer_HasMoreElements.html
StringTokenizer.hasMoreTokens()/hasMoreElements() did not return false before calling nextToken()/nextElement().
Specification StringTokenizer_HasMoreElements has been violated on line org.la4j.Matrix.fromMatrixMarket(Matrix.java:256). Documentation for this property can be found at http://runtimeverification.com/monitor/annotated-java/__properties/html/mop/StringTokenizer_HasMoreElements.html
StringTokenizer.hasMoreTokens()/hasMoreElements() did not return false before calling nextToken()/nextElement().
Specification StringTokenizer_HasMoreElements has been violated on line org.la4j.Matrix.fromMatrixMarket(Matrix.java:256). Documentation for this property can be found at http://runtimeverification.com/monitor/annotated-java/__properties/html/mop/StringTokenizer_HasMoreElements.html
StringTokenizer.hasMoreTokens()/hasMoreElements() did not return false before calling nextToken()/nextElement().
Specification StringTokenizer_HasMoreElements has been violated on line org.la4j.Matrix.fromMatrixMarket(Matrix.java:208). Documentation for this property can be found at http://runtimeverification.com/monitor/annotated-java/__properties/html/mop/StringTokenizer_HasMoreElements.html
StringTokenizer.hasMoreTokens()/hasMoreElements() did not return false before calling nextToken()/nextElement().
Specification StringTokenizer_HasMoreElements has been violated on line org.la4j.Matrix.fromMatrixMarket(Matrix.java:211). Documentation for this property can be found at http://runtimeverification.com/monitor/annotated-java/__properties/html/mop/StringTokenizer_HasMoreElements.html
StringTokenizer.hasMoreTokens()/hasMoreElements() did not return false before calling nextToken()/nextElement().
Specification StringTokenizer_HasMoreElements has been violated on line org.la4j.Matrix.fromMatrixMarket(Matrix.java:245). Documentation for this property can be found at http://runtimeverification.com/monitor/annotated-java/__properties/html/mop/StringTokenizer_HasMoreElements.html
StringTokenizer.hasMoreTokens()/hasMoreElements() did not return false before calling nextToken()/nextElement().
Specification StringTokenizer_HasMoreElements has been violated on line org.la4j.Matrix.fromMatrixMarket(Matrix.java:256). Documentation for this property can be found at http://runtimeverification.com/monitor/annotated-java/__properties/html/mop/StringTokenizer_HasMoreElements.html
StringTokenizer.hasMoreTokens()/hasMoreElements() did not return false before calling nextToken()/nextElement().
Specification StringTokenizer_HasMoreElements has been violated on line org.la4j.Matrix.fromMatrixMarket(Matrix.java:256). Documentation for this property can be found at http://runtimeverification.com/monitor/annotated-java/__properties/html/mop/StringTokenizer_HasMoreElements.html
StringTokenizer.hasMoreTokens()/hasMoreElements() did not return false before calling nextToken()/nextElement().
Specification StringTokenizer_HasMoreElements has been violated on line org.la4j.Matrix.fromMatrixMarket(Matrix.java:256). Documentation for this property can be found at http://runtimeverification.com/monitor/annotated-java/__properties/html/mop/StringTokenizer_HasMoreElements.html
StringTokenizer.hasMoreTokens()/hasMoreElements() did not return false before calling nextToken()/nextElement().
Specification StringTokenizer_HasMoreElements has been violated on line org.la4j.Matrix.fromMatrixMarket(Matrix.java:256). Documentation for this property can be found at http://runtimeverification.com/monitor/annotated-java/__properties/html/mop/StringTokenizer_HasMoreElements.html
StringTokenizer.hasMoreTokens()/hasMoreElements() did not return false before calling nextToken()/nextElement().
Specification StringTokenizer_HasMoreElements has been violated on line org.la4j.Matrix.fromMatrixMarket(Matrix.java:256). Documentation for this property can be found at http://runtimeverification.com/monitor/annotated-java/__properties/html/mop/StringTokenizer_HasMoreElements.html
StringTokenizer.hasMoreTokens()/hasMoreElements() did not return false before calling nextToken()/nextElement().
Specification StringTokenizer_HasMoreElements has been violated on line org.la4j.Matrix.fromMatrixMarket(Matrix.java:256). Documentation for this property can be found at http://runtimeverification.com/monitor/annotated-java/__properties/html/mop/StringTokenizer_HasMoreElements.html
StringTokenizer.hasMoreTokens()/hasMoreElements() did not return false before calling nextToken()/nextElement().
Specification StringTokenizer_HasMoreElements has been violated on line org.la4j.Matrix.fromMatrixMarket(Matrix.java:256). Documentation for this property can be found at http://runtimeverification.com/monitor/annotated-java/__properties/html/mop/StringTokenizer_HasMoreElements.html
StringTokenizer.hasMoreTokens()/hasMoreElements() did not return false before calling nextToken()/nextElement().
Specification StringTokenizer_HasMoreElements has been violated on line org.la4j.Matrix.fromMatrixMarket(Matrix.java:256). Documentation for this property can be found at http://runtimeverification.com/monitor/annotated-java/__properties/html/mop/StringTokenizer_HasMoreElements.html
StringTokenizer.hasMoreTokens()/hasMoreElements() did not return false before calling nextToken()/nextElement().
Specification StringTokenizer_HasMoreElements has been violated on line org.la4j.Matrix.fromMatrixMarket(Matrix.java:256). Documentation for this property can be found at http://runtimeverification.com/monitor/annotated-java/__properties/html/mop/StringTokenizer_HasMoreElements.html
StringTokenizer.hasMoreTokens()/hasMoreElements() did not return false before calling nextToken()/nextElement().
Specification StringTokenizer_HasMoreElements has been violated on line org.la4j.Matrix.fromMatrixMarket(Matrix.java:256). Documentation for this property can be found at http://runtimeverification.com/monitor/annotated-java/__properties/html/mop/StringTokenizer_HasMoreElements.html
StringTokenizer.hasMoreTokens()/hasMoreElements() did not return false before calling nextToken()/nextElement().
Specification StringTokenizer_HasMoreElements has been violated on line org.la4j.Matrix.fromMatrixMarket(Matrix.java:256). Documentation for this property can be found at http://runtimeverification.com/monitor/annotated-java/__properties/html/mop/StringTokenizer_HasMoreElements.html
StringTokenizer.hasMoreTokens()/hasMoreElements() did not return false before calling nextToken()/nextElement().
Specification StringTokenizer_HasMoreElements has been violated on line org.la4j.Matrix.fromMatrixMarket(Matrix.java:256). Documentation for this property can be found at http://runtimeverification.com/monitor/annotated-java/__properties/html/mop/StringTokenizer_HasMoreElements.html
StringTokenizer.hasMoreTokens()/hasMoreElements() did not return false before calling nextToken()/nextElement().
Specification StringTokenizer_HasMoreElements has been violated on line org.la4j.Matrix.fromMatrixMarket(Matrix.java:256). Documentation for this property can be found at http://runtimeverification.com/monitor/annotated-java/__properties/html/mop/StringTokenizer_HasMoreElements.html
StringTokenizer.hasMoreTokens()/hasMoreElements() did not return false before calling nextToken()/nextElement().
Specification StringTokenizer_HasMoreElements has been violated on line org.la4j.Matrix.fromMatrixMarket(Matrix.java:256). Documentation for this property can be found at http://runtimeverification.com/monitor/annotated-java/__properties/html/mop/StringTokenizer_HasMoreElements.html
StringTokenizer.hasMoreTokens()/hasMoreElements() did not return false before calling nextToken()/nextElement().
Specification StringTokenizer_HasMoreElements has been violated on line org.la4j.Matrix.fromMatrixMarket(Matrix.java:256). Documentation for this property can be found at http://runtimeverification.com/monitor/annotated-java/__properties/html/mop/StringTokenizer_HasMoreElements.html
StringTokenizer.hasMoreTokens()/hasMoreElements() did not return false before calling nextToken()/nextElement().
[INFO] Tests run: 134, Failures: 0, Errors: 0, Skipped: 0, Time elapsed: 0.041 s - in org.la4j.matrix.dense.Basic2DMatrixTest
[INFO] Running org.la4j.matrix.sparse.CCSMatrixTest
Specification StringTokenizer_HasMoreElements has been violated on line org.la4j.Matrix.fromMatrixMarket(Matrix.java:208). Documentation for this property can be found at http://runtimeverification.com/monitor/annotated-java/__properties/html/mop/StringTokenizer_HasMoreElements.html
StringTokenizer.hasMoreTokens()/hasMoreElements() did not return false before calling nextToken()/nextElement().
Specification StringTokenizer_HasMoreElements has been violated on line org.la4j.Matrix.fromMatrixMarket(Matrix.java:211). Documentation for this property can be found at http://runtimeverification.com/monitor/annotated-java/__properties/html/mop/StringTokenizer_HasMoreElements.html
StringTokenizer.hasMoreTokens()/hasMoreElements() did not return false before calling nextToken()/nextElement().
Specification StringTokenizer_HasMoreElements has been violated on line org.la4j.Matrix.fromMatrixMarket(Matrix.java:245). Documentation for this property can be found at http://runtimeverification.com/monitor/annotated-java/__properties/html/mop/StringTokenizer_HasMoreElements.html
StringTokenizer.hasMoreTokens()/hasMoreElements() did not return false before calling nextToken()/nextElement().
Specification StringTokenizer_HasMoreElements has been violated on line org.la4j.Matrix.fromMatrixMarket(Matrix.java:256). Documentation for this property can be found at http://runtimeverification.com/monitor/annotated-java/__properties/html/mop/StringTokenizer_HasMoreElements.html
StringTokenizer.hasMoreTokens()/hasMoreElements() did not return false before calling nextToken()/nextElement().
Specification StringTokenizer_HasMoreElements has been violated on line org.la4j.Matrix.fromMatrixMarket(Matrix.java:256). Documentation for this property can be found at http://runtimeverification.com/monitor/annotated-java/__properties/html/mop/StringTokenizer_HasMoreElements.html
StringTokenizer.hasMoreTokens()/hasMoreElements() did not return false before calling nextToken()/nextElement().
Specification StringTokenizer_HasMoreElements has been violated on line org.la4j.Matrix.fromMatrixMarket(Matrix.java:256). Documentation for this property can be found at http://runtimeverification.com/monitor/annotated-java/__properties/html/mop/StringTokenizer_HasMoreElements.html
StringTokenizer.hasMoreTokens()/hasMoreElements() did not return false before calling nextToken()/nextElement().
Specification StringTokenizer_HasMoreElements has been violated on line org.la4j.Matrix.fromMatrixMarket(Matrix.java:256). Documentation for this property can be found at http://runtimeverification.com/monitor/annotated-java/__properties/html/mop/StringTokenizer_HasMoreElements.html
StringTokenizer.hasMoreTokens()/hasMoreElements() did not return false before calling nextToken()/nextElement().
Specification StringTokenizer_HasMoreElements has been violated on line org.la4j.Matrix.fromMatrixMarket(Matrix.java:256). Documentation for this property can be found at http://runtimeverification.com/monitor/annotated-java/__properties/html/mop/StringTokenizer_HasMoreElements.html
StringTokenizer.hasMoreTokens()/hasMoreElements() did not return false before calling nextToken()/nextElement().
Specification StringTokenizer_HasMoreElements has been violated on line org.la4j.Matrix.fromMatrixMarket(Matrix.java:256). Documentation for this property can be found at http://runtimeverification.com/monitor/annotated-java/__properties/html/mop/StringTokenizer_HasMoreElements.html
StringTokenizer.hasMoreTokens()/hasMoreElements() did not return false before calling nextToken()/nextElement().
Specification StringTokenizer_HasMoreElements has been violated on line org.la4j.Matrix.fromMatrixMarket(Matrix.java:256). Documentation for this property can be found at http://runtimeverification.com/monitor/annotated-java/__properties/html/mop/StringTokenizer_HasMoreElements.html
StringTokenizer.hasMoreTokens()/hasMoreElements() did not return false before calling nextToken()/nextElement().
Specification StringTokenizer_HasMoreElements has been violated on line org.la4j.Matrix.fromMatrixMarket(Matrix.java:256). Documentation for this property can be found at http://runtimeverification.com/monitor/annotated-java/__properties/html/mop/StringTokenizer_HasMoreElements.html
StringTokenizer.hasMoreTokens()/hasMoreElements() did not return false before calling nextToken()/nextElement().
Specification StringTokenizer_HasMoreElements has been violated on line org.la4j.Matrix.fromMatrixMarket(Matrix.java:208). Documentation for this property can be found at http://runtimeverification.com/monitor/annotated-java/__properties/html/mop/StringTokenizer_HasMoreElements.html
StringTokenizer.hasMoreTokens()/hasMoreElements() did not return false before calling nextToken()/nextElement().
Specification StringTokenizer_HasMoreElements has been violated on line org.la4j.Matrix.fromMatrixMarket(Matrix.java:211). Documentation for this property can be found at http://runtimeverification.com/monitor/annotated-java/__properties/html/mop/StringTokenizer_HasMoreElements.html
StringTokenizer.hasMoreTokens()/hasMoreElements() did not return false before calling nextToken()/nextElement().
Specification StringTokenizer_HasMoreElements has been violated on line org.la4j.Matrix.fromMatrixMarket(Matrix.java:245). Documentation for this property can be found at http://runtimeverification.com/monitor/annotated-java/__properties/html/mop/StringTokenizer_HasMoreElements.html
StringTokenizer.hasMoreTokens()/hasMoreElements() did not return false before calling nextToken()/nextElement().
Specification StringTokenizer_HasMoreElements has been violated on line org.la4j.Matrix.fromMatrixMarket(Matrix.java:256). Documentation for this property can be found at http://runtimeverification.com/monitor/annotated-java/__properties/html/mop/StringTokenizer_HasMoreElements.html
StringTokenizer.hasMoreTokens()/hasMoreElements() did not return false before calling nextToken()/nextElement().
Specification StringTokenizer_HasMoreElements has been violated on line org.la4j.Matrix.fromMatrixMarket(Matrix.java:256). Documentation for this property can be found at http://runtimeverification.com/monitor/annotated-java/__properties/html/mop/StringTokenizer_HasMoreElements.html
StringTokenizer.hasMoreTokens()/hasMoreElements() did not return false before calling nextToken()/nextElement().
Specification StringTokenizer_HasMoreElements has been violated on line org.la4j.Matrix.fromMatrixMarket(Matrix.java:256). Documentation for this property can be found at http://runtimeverification.com/monitor/annotated-java/__properties/html/mop/StringTokenizer_HasMoreElements.html
StringTokenizer.hasMoreTokens()/hasMoreElements() did not return false before calling nextToken()/nextElement().
Specification StringTokenizer_HasMoreElements has been violated on line org.la4j.Matrix.fromMatrixMarket(Matrix.java:256). Documentation for this property can be found at http://runtimeverification.com/monitor/annotated-java/__properties/html/mop/StringTokenizer_HasMoreElements.html
StringTokenizer.hasMoreTokens()/hasMoreElements() did not return false before calling nextToken()/nextElement().
Specification StringTokenizer_HasMoreElements has been violated on line org.la4j.Matrix.fromMatrixMarket(Matrix.java:256). Documentation for this property can be found at http://runtimeverification.com/monitor/annotated-java/__properties/html/mop/StringTokenizer_HasMoreElements.html
StringTokenizer.hasMoreTokens()/hasMoreElements() did not return false before calling nextToken()/nextElement().
Specification StringTokenizer_HasMoreElements has been violated on line org.la4j.Matrix.fromMatrixMarket(Matrix.java:256). Documentation for this property can be found at http://runtimeverification.com/monitor/annotated-java/__properties/html/mop/StringTokenizer_HasMoreElements.html
StringTokenizer.hasMoreTokens()/hasMoreElements() did not return false before calling nextToken()/nextElement().
Specification StringTokenizer_HasMoreElements has been violated on line org.la4j.Matrix.fromMatrixMarket(Matrix.java:256). Documentation for this property can be found at http://runtimeverification.com/monitor/annotated-java/__properties/html/mop/StringTokenizer_HasMoreElements.html
StringTokenizer.hasMoreTokens()/hasMoreElements() did not return false before calling nextToken()/nextElement().
Specification StringTokenizer_HasMoreElements has been violated on line org.la4j.Matrix.fromMatrixMarket(Matrix.java:256). Documentation for this property can be found at http://runtimeverification.com/monitor/annotated-java/__properties/html/mop/StringTokenizer_HasMoreElements.html
StringTokenizer.hasMoreTokens()/hasMoreElements() did not return false before calling nextToken()/nextElement().
Specification StringTokenizer_HasMoreElements has been violated on line org.la4j.Matrix.fromMatrixMarket(Matrix.java:256). Documentation for this property can be found at http://runtimeverification.com/monitor/annotated-java/__properties/html/mop/StringTokenizer_HasMoreElements.html
StringTokenizer.hasMoreTokens()/hasMoreElements() did not return false before calling nextToken()/nextElement().
Specification StringTokenizer_HasMoreElements has been violated on line org.la4j.Matrix.fromMatrixMarket(Matrix.java:256). Documentation for this property can be found at http://runtimeverification.com/monitor/annotated-java/__properties/html/mop/StringTokenizer_HasMoreElements.html
StringTokenizer.hasMoreTokens()/hasMoreElements() did not return false before calling nextToken()/nextElement().
Specification StringTokenizer_HasMoreElements has been violated on line org.la4j.Matrix.fromMatrixMarket(Matrix.java:256). Documentation for this property can be found at http://runtimeverification.com/monitor/annotated-java/__properties/html/mop/StringTokenizer_HasMoreElements.html
StringTokenizer.hasMoreTokens()/hasMoreElements() did not return false before calling nextToken()/nextElement().
Specification StringTokenizer_HasMoreElements has been violated on line org.la4j.Matrix.fromMatrixMarket(Matrix.java:256). Documentation for this property can be found at http://runtimeverification.com/monitor/annotated-java/__properties/html/mop/StringTokenizer_HasMoreElements.html
StringTokenizer.hasMoreTokens()/hasMoreElements() did not return false before calling nextToken()/nextElement().
Specification StringTokenizer_HasMoreElements has been violated on line org.la4j.Matrix.fromMatrixMarket(Matrix.java:256). Documentation for this property can be found at http://runtimeverification.com/monitor/annotated-java/__properties/html/mop/StringTokenizer_HasMoreElements.html
StringTokenizer.hasMoreTokens()/hasMoreElements() did not return false before calling nextToken()/nextElement().
Specification StringTokenizer_HasMoreElements has been violated on line org.la4j.Matrix.fromMatrixMarket(Matrix.java:256). Documentation for this property can be found at http://runtimeverification.com/monitor/annotated-java/__properties/html/mop/StringTokenizer_HasMoreElements.html
StringTokenizer.hasMoreTokens()/hasMoreElements() did not return false before calling nextToken()/nextElement().
Specification StringTokenizer_HasMoreElements has been violated on line org.la4j.Matrix.fromMatrixMarket(Matrix.java:256). Documentation for this property can be found at http://runtimeverification.com/monitor/annotated-java/__properties/html/mop/StringTokenizer_HasMoreElements.html
StringTokenizer.hasMoreTokens()/hasMoreElements() did not return false before calling nextToken()/nextElement().
[INFO] Tests run: 147, Failures: 0, Errors: 0, Skipped: 0, Time elapsed: 0.24 s - in org.la4j.matrix.sparse.CCSMatrixTest
[INFO] Running org.la4j.matrix.sparse.CRSMatrixTest
Specification StringTokenizer_HasMoreElements has been violated on line org.la4j.Matrix.fromMatrixMarket(Matrix.java:208). Documentation for this property can be found at http://runtimeverification.com/monitor/annotated-java/__properties/html/mop/StringTokenizer_HasMoreElements.html
StringTokenizer.hasMoreTokens()/hasMoreElements() did not return false before calling nextToken()/nextElement().
Specification StringTokenizer_HasMoreElements has been violated on line org.la4j.Matrix.fromMatrixMarket(Matrix.java:211). Documentation for this property can be found at http://runtimeverification.com/monitor/annotated-java/__properties/html/mop/StringTokenizer_HasMoreElements.html
StringTokenizer.hasMoreTokens()/hasMoreElements() did not return false before calling nextToken()/nextElement().
Specification StringTokenizer_HasMoreElements has been violated on line org.la4j.Matrix.fromMatrixMarket(Matrix.java:245). Documentation for this property can be found at http://runtimeverification.com/monitor/annotated-java/__properties/html/mop/StringTokenizer_HasMoreElements.html
StringTokenizer.hasMoreTokens()/hasMoreElements() did not return false before calling nextToken()/nextElement().
Specification StringTokenizer_HasMoreElements has been violated on line org.la4j.Matrix.fromMatrixMarket(Matrix.java:256). Documentation for this property can be found at http://runtimeverification.com/monitor/annotated-java/__properties/html/mop/StringTokenizer_HasMoreElements.html
StringTokenizer.hasMoreTokens()/hasMoreElements() did not return false before calling nextToken()/nextElement().
Specification StringTokenizer_HasMoreElements has been violated on line org.la4j.Matrix.fromMatrixMarket(Matrix.java:256). Documentation for this property can be found at http://runtimeverification.com/monitor/annotated-java/__properties/html/mop/StringTokenizer_HasMoreElements.html
StringTokenizer.hasMoreTokens()/hasMoreElements() did not return false before calling nextToken()/nextElement().
Specification StringTokenizer_HasMoreElements has been violated on line org.la4j.Matrix.fromMatrixMarket(Matrix.java:256). Documentation for this property can be found at http://runtimeverification.com/monitor/annotated-java/__properties/html/mop/StringTokenizer_HasMoreElements.html
StringTokenizer.hasMoreTokens()/hasMoreElements() did not return false before calling nextToken()/nextElement().
Specification StringTokenizer_HasMoreElements has been violated on line org.la4j.Matrix.fromMatrixMarket(Matrix.java:256). Documentation for this property can be found at http://runtimeverification.com/monitor/annotated-java/__properties/html/mop/StringTokenizer_HasMoreElements.html
StringTokenizer.hasMoreTokens()/hasMoreElements() did not return false before calling nextToken()/nextElement().
Specification StringTokenizer_HasMoreElements has been violated on line org.la4j.Matrix.fromMatrixMarket(Matrix.java:256). Documentation for this property can be found at http://runtimeverification.com/monitor/annotated-java/__properties/html/mop/StringTokenizer_HasMoreElements.html
StringTokenizer.hasMoreTokens()/hasMoreElements() did not return false before calling nextToken()/nextElement().
Specification StringTokenizer_HasMoreElements has been violated on line org.la4j.Matrix.fromMatrixMarket(Matrix.java:256). Documentation for this property can be found at http://runtimeverification.com/monitor/annotated-java/__properties/html/mop/StringTokenizer_HasMoreElements.html
StringTokenizer.hasMoreTokens()/hasMoreElements() did not return false before calling nextToken()/nextElement().
Specification StringTokenizer_HasMoreElements has been violated on line org.la4j.Matrix.fromMatrixMarket(Matrix.java:256). Documentation for this property can be found at http://runtimeverification.com/monitor/annotated-java/__properties/html/mop/StringTokenizer_HasMoreElements.html
StringTokenizer.hasMoreTokens()/hasMoreElements() did not return false before calling nextToken()/nextElement().
Specification StringTokenizer_HasMoreElements has been violated on line org.la4j.Matrix.fromMatrixMarket(Matrix.java:256). Documentation for this property can be found at http://runtimeverification.com/monitor/annotated-java/__properties/html/mop/StringTokenizer_HasMoreElements.html
StringTokenizer.hasMoreTokens()/hasMoreElements() did not return false before calling nextToken()/nextElement().
Specification StringTokenizer_HasMoreElements has been violated on line org.la4j.Matrix.fromMatrixMarket(Matrix.java:208). Documentation for this property can be found at http://runtimeverification.com/monitor/annotated-java/__properties/html/mop/StringTokenizer_HasMoreElements.html
StringTokenizer.hasMoreTokens()/hasMoreElements() did not return false before calling nextToken()/nextElement().
Specification StringTokenizer_HasMoreElements has been violated on line org.la4j.Matrix.fromMatrixMarket(Matrix.java:211). Documentation for this property can be found at http://runtimeverification.com/monitor/annotated-java/__properties/html/mop/StringTokenizer_HasMoreElements.html
StringTokenizer.hasMoreTokens()/hasMoreElements() did not return false before calling nextToken()/nextElement().
Specification StringTokenizer_HasMoreElements has been violated on line org.la4j.Matrix.fromMatrixMarket(Matrix.java:245). Documentation for this property can be found at http://runtimeverification.com/monitor/annotated-java/__properties/html/mop/StringTokenizer_HasMoreElements.html
StringTokenizer.hasMoreTokens()/hasMoreElements() did not return false before calling nextToken()/nextElement().
Specification StringTokenizer_HasMoreElements has been violated on line org.la4j.Matrix.fromMatrixMarket(Matrix.java:256). Documentation for this property can be found at http://runtimeverification.com/monitor/annotated-java/__properties/html/mop/StringTokenizer_HasMoreElements.html
StringTokenizer.hasMoreTokens()/hasMoreElements() did not return false before calling nextToken()/nextElement().
Specification StringTokenizer_HasMoreElements has been violated on line org.la4j.Matrix.fromMatrixMarket(Matrix.java:256). Documentation for this property can be found at http://runtimeverification.com/monitor/annotated-java/__properties/html/mop/StringTokenizer_HasMoreElements.html
StringTokenizer.hasMoreTokens()/hasMoreElements() did not return false before calling nextToken()/nextElement().
Specification StringTokenizer_HasMoreElements has been violated on line org.la4j.Matrix.fromMatrixMarket(Matrix.java:256). Documentation for this property can be found at http://runtimeverification.com/monitor/annotated-java/__properties/html/mop/StringTokenizer_HasMoreElements.html
StringTokenizer.hasMoreTokens()/hasMoreElements() did not return false before calling nextToken()/nextElement().
Specification StringTokenizer_HasMoreElements has been violated on line org.la4j.Matrix.fromMatrixMarket(Matrix.java:256). Documentation for this property can be found at http://runtimeverification.com/monitor/annotated-java/__properties/html/mop/StringTokenizer_HasMoreElements.html
StringTokenizer.hasMoreTokens()/hasMoreElements() did not return false before calling nextToken()/nextElement().
Specification StringTokenizer_HasMoreElements has been violated on line org.la4j.Matrix.fromMatrixMarket(Matrix.java:256). Documentation for this property can be found at http://runtimeverification.com/monitor/annotated-java/__properties/html/mop/StringTokenizer_HasMoreElements.html
StringTokenizer.hasMoreTokens()/hasMoreElements() did not return false before calling nextToken()/nextElement().
Specification StringTokenizer_HasMoreElements has been violated on line org.la4j.Matrix.fromMatrixMarket(Matrix.java:256). Documentation for this property can be found at http://runtimeverification.com/monitor/annotated-java/__properties/html/mop/StringTokenizer_HasMoreElements.html
StringTokenizer.hasMoreTokens()/hasMoreElements() did not return false before calling nextToken()/nextElement().
Specification StringTokenizer_HasMoreElements has been violated on line org.la4j.Matrix.fromMatrixMarket(Matrix.java:256). Documentation for this property can be found at http://runtimeverification.com/monitor/annotated-java/__properties/html/mop/StringTokenizer_HasMoreElements.html
StringTokenizer.hasMoreTokens()/hasMoreElements() did not return false before calling nextToken()/nextElement().
Specification StringTokenizer_HasMoreElements has been violated on line org.la4j.Matrix.fromMatrixMarket(Matrix.java:256). Documentation for this property can be found at http://runtimeverification.com/monitor/annotated-java/__properties/html/mop/StringTokenizer_HasMoreElements.html
StringTokenizer.hasMoreTokens()/hasMoreElements() did not return false before calling nextToken()/nextElement().
Specification StringTokenizer_HasMoreElements has been violated on line org.la4j.Matrix.fromMatrixMarket(Matrix.java:256). Documentation for this property can be found at http://runtimeverification.com/monitor/annotated-java/__properties/html/mop/StringTokenizer_HasMoreElements.html
StringTokenizer.hasMoreTokens()/hasMoreElements() did not return false before calling nextToken()/nextElement().
Specification StringTokenizer_HasMoreElements has been violated on line org.la4j.Matrix.fromMatrixMarket(Matrix.java:256). Documentation for this property can be found at http://runtimeverification.com/monitor/annotated-java/__properties/html/mop/StringTokenizer_HasMoreElements.html
StringTokenizer.hasMoreTokens()/hasMoreElements() did not return false before calling nextToken()/nextElement().
Specification StringTokenizer_HasMoreElements has been violated on line org.la4j.Matrix.fromMatrixMarket(Matrix.java:256). Documentation for this property can be found at http://runtimeverification.com/monitor/annotated-java/__properties/html/mop/StringTokenizer_HasMoreElements.html
StringTokenizer.hasMoreTokens()/hasMoreElements() did not return false before calling nextToken()/nextElement().
Specification StringTokenizer_HasMoreElements has been violated on line org.la4j.Matrix.fromMatrixMarket(Matrix.java:256). Documentation for this property can be found at http://runtimeverification.com/monitor/annotated-java/__properties/html/mop/StringTokenizer_HasMoreElements.html
StringTokenizer.hasMoreTokens()/hasMoreElements() did not return false before calling nextToken()/nextElement().
Specification StringTokenizer_HasMoreElements has been violated on line org.la4j.Matrix.fromMatrixMarket(Matrix.java:256). Documentation for this property can be found at http://runtimeverification.com/monitor/annotated-java/__properties/html/mop/StringTokenizer_HasMoreElements.html
StringTokenizer.hasMoreTokens()/hasMoreElements() did not return false before calling nextToken()/nextElement().
Specification StringTokenizer_HasMoreElements has been violated on line org.la4j.Matrix.fromMatrixMarket(Matrix.java:256). Documentation for this property can be found at http://runtimeverification.com/monitor/annotated-java/__properties/html/mop/StringTokenizer_HasMoreElements.html
StringTokenizer.hasMoreTokens()/hasMoreElements() did not return false before calling nextToken()/nextElement().
Specification StringTokenizer_HasMoreElements has been violated on line org.la4j.Matrix.fromMatrixMarket(Matrix.java:256). Documentation for this property can be found at http://runtimeverification.com/monitor/annotated-java/__properties/html/mop/StringTokenizer_HasMoreElements.html
StringTokenizer.hasMoreTokens()/hasMoreElements() did not return false before calling nextToken()/nextElement().
[INFO] Tests run: 147, Failures: 0, Errors: 0, Skipped: 0, Time elapsed: 0.313 s - in org.la4j.matrix.sparse.CRSMatrixTest
[INFO] 
[INFO] Results:
[INFO] 
[INFO] Tests run: 799, Failures: 0, Errors: 0, Skipped: 0
[INFO] 
[INFO] 
[INFO] <<< emop:1.0-SNAPSHOT:rps (default-cli) < [rps]test @ la4j <<<
[INFO] 
[INFO] 
[INFO] --- emop:1.0-SNAPSHOT:rps (default-cli) @ la4j ---
[INFO] [eMOP] Invoking the RPS Mojo...
[INFO] ------------------------------------------------------------------------
[INFO] BUILD SUCCESS
[INFO] ------------------------------------------------------------------------
[INFO] Total time:  38.706 s
[INFO] Finished at: 2023-10-02T18:56:14Z
[INFO] ------------------------------------------------------------------------
