[INFO] Scanning for projects...
[INFO] 
[INFO] ---------------------------< org.la4j:la4j >----------------------------
[INFO] Building la4j 0.6.0
[INFO]   from pom.xml
[INFO] --------------------------------[ jar ]---------------------------------
[INFO] 
[INFO] >>> emop:1.0-SNAPSHOT:mrps (default-cli) > [methods]test @ la4j >>>
[INFO] 
[INFO] --- enforcer:1.0:enforce (enforce-maven) @ la4j ---
[INFO] 
[INFO] --- resources:3.3.1:resources (default-resources) @ la4j ---
[INFO] skip non existing resourceDirectory /home/mopuser/earv-research/scripts-emop/repos/la4j/src/main/resources
[INFO] 
[INFO] --- compiler:2.5.1:compile (default-compile) @ la4j ---
[INFO] Compiling 86 source files to /home/mopuser/earv-research/scripts-emop/repos/la4j/target/classes
[INFO] 
[INFO] --- resources:3.3.1:testResources (default-testResources) @ la4j ---
[INFO] skip non existing resourceDirectory /home/mopuser/earv-research/scripts-emop/repos/la4j/src/test/resources
[INFO] 
[INFO] --- compiler:2.5.1:testCompile (default-testCompile) @ la4j ---
[INFO] Compiling 31 source files to /home/mopuser/earv-research/scripts-emop/repos/la4j/target/test-classes
[INFO] 
[INFO] >>> emop:1.0-SNAPSHOT:monitor-methods (default-cli) > test-compile @ la4j >>>
[INFO] 
[INFO] --- enforcer:1.0:enforce (enforce-maven) @ la4j ---
[INFO] 
[INFO] --- resources:3.3.1:resources (default-resources) @ la4j ---
[INFO] skip non existing resourceDirectory /home/mopuser/earv-research/scripts-emop/repos/la4j/src/main/resources
[INFO] 
[INFO] --- compiler:2.5.1:compile (default-compile) @ la4j ---
[INFO] Nothing to compile - all classes are up to date
[INFO] 
[INFO] --- resources:3.3.1:testResources (default-testResources) @ la4j ---
[INFO] skip non existing resourceDirectory /home/mopuser/earv-research/scripts-emop/repos/la4j/src/test/resources
[INFO] 
[INFO] --- compiler:2.5.1:testCompile (default-testCompile) @ la4j ---
[INFO] Nothing to compile - all classes are up to date
[INFO] 
[INFO] <<< emop:1.0-SNAPSHOT:monitor-methods (default-cli) < test-compile @ la4j <<<
[INFO] 
[INFO] 
[INFO] --- emop:1.0-SNAPSHOT:monitor-methods (default-cli) @ la4j ---
[INFO] [eMOP] Invoking the ImpactedMethods Mojo...
INFO: ChangedMethods: 25
INFO: NewMethods: 0
INFO: ImpactedMethods: 517
INFO: NewClasses: 0
INFO: OldClasses: 240
INFO: ChangedClasses: 11
INFO: AffectedTestClasses: 26
[INFO] [eMOP Timer] Execute ImpactedMethods Mojo takes 558 ms
[INFO] [eMOP] Invoking the AffectedSpecsMethods Mojo...
[INFO] [eMOP Timer] Compile-time weaving takes 4305 ms
[WARNING] Cannot find method for /home/mopuser/earv-research/scripts-emop/repos/la4j/src/main/java/org/la4j/LinearAlgebra$DecompositorFactory$2.java at line 261
[WARNING] Cannot find method for /home/mopuser/earv-research/scripts-emop/repos/la4j/src/main/java/org/la4j/LinearAlgebra$DecompositorFactory$4.java at line 273
[WARNING] Cannot find method for /home/mopuser/earv-research/scripts-emop/repos/la4j/src/main/java/org/la4j/LinearAlgebra$SolverFactory$7.java at line 149
[WARNING] Cannot find method for /home/mopuser/earv-research/scripts-emop/repos/la4j/src/main/java/org/la4j/LinearAlgebra$SolverFactory$2.java at line 119
[WARNING] Cannot find method for /home/mopuser/earv-research/scripts-emop/repos/la4j/src/main/java/org/la4j/LinearAlgebra$InverterFactory$3.java at line 225
[WARNING] Cannot find method for /home/mopuser/earv-research/scripts-emop/repos/la4j/src/main/java/org/la4j/LinearAlgebra$DecompositorFactory$6.java at line 285
[WARNING] Cannot find method for /home/mopuser/earv-research/scripts-emop/repos/la4j/src/main/java/org/la4j/LinearAlgebra$DecompositorFactory$3.java at line 267
[WARNING] Cannot find method for /home/mopuser/earv-research/scripts-emop/repos/la4j/src/main/java/org/la4j/LinearAlgebra$SolverFactory.java at line 112
[WARNING] Cannot find method for /home/mopuser/earv-research/scripts-emop/repos/la4j/src/main/java/org/la4j/LinearAlgebra$SolverFactory.java at line 1
[WARNING] Cannot find method for /home/mopuser/earv-research/scripts-emop/repos/la4j/src/main/java/org/la4j/LinearAlgebra$SolverFactory.java at line 1
[WARNING] Cannot find method for /home/mopuser/earv-research/scripts-emop/repos/la4j/src/main/java/org/la4j/LinearAlgebra$InverterFactory$1.java at line 213
[WARNING] Cannot find method for /home/mopuser/earv-research/scripts-emop/repos/la4j/src/main/java/org/la4j/LinearAlgebra$SolverFactory$1.java at line 113
[WARNING] Cannot find method for /home/mopuser/earv-research/scripts-emop/repos/la4j/src/main/java/org/la4j/LinearAlgebra$InverterFactory$2.java at line 219
[WARNING] Cannot find method for /home/mopuser/earv-research/scripts-emop/repos/la4j/src/main/java/org/la4j/LinearAlgebra$SolverFactory$5.java at line 137
[WARNING] Cannot find method for /home/mopuser/earv-research/scripts-emop/repos/la4j/src/main/java/org/la4j/LinearAlgebra$DecompositorFactory$1.java at line 255
[WARNING] Cannot find method for /home/mopuser/earv-research/scripts-emop/repos/la4j/src/main/java/org/la4j/LinearAlgebra$DecompositorFactory$5.java at line 279
[WARNING] Cannot find method for /home/mopuser/earv-research/scripts-emop/repos/la4j/src/main/java/org/la4j/LinearAlgebra$SolverFactory$6.java at line 143
[WARNING] Cannot find method for /home/mopuser/earv-research/scripts-emop/repos/la4j/src/main/java/org/la4j/LinearAlgebra$SolverFactory$3.java at line 125
[WARNING] Cannot find method for /home/mopuser/earv-research/scripts-emop/repos/la4j/src/main/java/org/la4j/LinearAlgebra$SolverFactory$8.java at line 165
[WARNING] Cannot find method for /home/mopuser/earv-research/scripts-emop/repos/la4j/src/main/java/org/la4j/LinearAlgebra$SolverFactory$8.java at line 155
[WARNING] Cannot find method for /home/mopuser/earv-research/scripts-emop/repos/la4j/src/main/java/org/la4j/LinearAlgebra$DecompositorFactory.java at line 254
[WARNING] Cannot find method for /home/mopuser/earv-research/scripts-emop/repos/la4j/src/main/java/org/la4j/LinearAlgebra$DecompositorFactory.java at line 1
[WARNING] Cannot find method for /home/mopuser/earv-research/scripts-emop/repos/la4j/src/main/java/org/la4j/LinearAlgebra$DecompositorFactory.java at line 1
[WARNING] Cannot find method for /home/mopuser/earv-research/scripts-emop/repos/la4j/src/main/java/org/la4j/LinearAlgebra$DecompositorFactory$7.java at line 291
[WARNING] Cannot find method for /home/mopuser/earv-research/scripts-emop/repos/la4j/src/main/java/org/la4j/LinearAlgebra$SolverFactory$4.java at line 131
[WARNING] Cannot find method for /home/mopuser/earv-research/scripts-emop/repos/la4j/src/main/java/org/la4j/LinearAlgebra$InverterFactory.java at line 212
[WARNING] Cannot find method for /home/mopuser/earv-research/scripts-emop/repos/la4j/src/main/java/org/la4j/LinearAlgebra$InverterFactory.java at line 1
[WARNING] Cannot find method for /home/mopuser/earv-research/scripts-emop/repos/la4j/src/main/java/org/la4j/LinearAlgebra$InverterFactory.java at line 1
[INFO] [eMOP] Number of Impacted methods: 25
[INFO] [eMOP Timer] Compute affected specs takes 1544 ms
[INFO] [eMOP Timer] Write affected specs to disk takes 15 ms
[INFO] [eMOP] Number of changed classes: 11
[INFO] [eMOP] Number of new classes: 0
[INFO] [eMOP] Number of messages to process: 992
[INFO] [eMOP] Invoking the Monitor Mojo...
[INFO] AffectedSpecs: 17
[INFO] [eMOP Timer] Generating aop-ajc.xml and replace it takes 100 ms
[INFO] 
[INFO] --- surefire:2.20:test (default-test) @ la4j ---
[INFO] 
[INFO] -------------------------------------------------------
[INFO]  T E S T S
[INFO] -------------------------------------------------------
[INFO] Running org.la4j.inversion.NoPivotGaussInverterTest
[INFO] Tests run: 6, Failures: 0, Errors: 0, Skipped: 0, Time elapsed: 4.938 s - in org.la4j.inversion.NoPivotGaussInverterTest
[INFO] Running org.la4j.inversion.GaussJordanInverterTest
[INFO] Tests run: 6, Failures: 0, Errors: 0, Skipped: 0, Time elapsed: 7.451 s - in org.la4j.inversion.GaussJordanInverterTest
[INFO] Running org.la4j.vector.dense.BasicVectorTest
[INFO] Tests run: 63, Failures: 0, Errors: 0, Skipped: 0, Time elapsed: 0.247 s - in org.la4j.vector.dense.BasicVectorTest
[INFO] Running org.la4j.vector.sparse.CompressedVectorTest
[INFO] Tests run: 76, Failures: 0, Errors: 0, Skipped: 0, Time elapsed: 0.065 s - in org.la4j.vector.sparse.CompressedVectorTest
[INFO] Running org.la4j.decomposition.SingularValueDecompositorTest
[INFO] Tests run: 6, Failures: 0, Errors: 0, Skipped: 0, Time elapsed: 0.044 s - in org.la4j.decomposition.SingularValueDecompositorTest
[INFO] Running org.la4j.decomposition.LUDecompositorTest
[INFO] Tests run: 7, Failures: 0, Errors: 0, Skipped: 0, Time elapsed: 0.008 s - in org.la4j.decomposition.LUDecompositorTest
[INFO] Running org.la4j.decomposition.CholeskyDecompositorTest
[INFO] Tests run: 5, Failures: 0, Errors: 0, Skipped: 0, Time elapsed: 0.018 s - in org.la4j.decomposition.CholeskyDecompositorTest
[INFO] Running org.la4j.decomposition.EigenDecompositorTest
[INFO] Tests run: 15, Failures: 0, Errors: 0, Skipped: 0, Time elapsed: 5.837 s - in org.la4j.decomposition.EigenDecompositorTest
[INFO] Running org.la4j.decomposition.QRDecompositorTest
[INFO] Tests run: 8, Failures: 0, Errors: 0, Skipped: 0, Time elapsed: 0.027 s - in org.la4j.decomposition.QRDecompositorTest
[INFO] Running org.la4j.linear.ForwardBackSubstitutionSolverTest
[INFO] Tests run: 7, Failures: 0, Errors: 0, Skipped: 0, Time elapsed: 0.059 s - in org.la4j.linear.ForwardBackSubstitutionSolverTest
[INFO] Running org.la4j.linear.SeidelSolverTest
[INFO] Tests run: 6, Failures: 0, Errors: 0, Skipped: 0, Time elapsed: 0.077 s - in org.la4j.linear.SeidelSolverTest
[INFO] Running org.la4j.linear.SweepSolverTest
[INFO] Tests run: 4, Failures: 0, Errors: 0, Skipped: 0, Time elapsed: 0.026 s - in org.la4j.linear.SweepSolverTest
[INFO] Running org.la4j.linear.SquareRootSolverTest
[INFO] Tests run: 6, Failures: 0, Errors: 0, Skipped: 0, Time elapsed: 0.05 s - in org.la4j.linear.SquareRootSolverTest
[INFO] Running org.la4j.linear.JacobiSolverTest
[INFO] Tests run: 6, Failures: 0, Errors: 0, Skipped: 0, Time elapsed: 0.089 s - in org.la4j.linear.JacobiSolverTest
[INFO] Running org.la4j.linear.GaussianSolverTest
[INFO] Tests run: 5, Failures: 0, Errors: 0, Skipped: 0, Time elapsed: 0.012 s - in org.la4j.linear.GaussianSolverTest
[INFO] Running org.la4j.linear.LeastSquaresSolverTest
[INFO] Tests run: 11, Failures: 0, Errors: 0, Skipped: 0, Time elapsed: 0.05 s - in org.la4j.linear.LeastSquaresSolverTest
[INFO] Running org.la4j.matrix.dense.Basic1DMatrixTest
Specification StringTokenizer_HasMoreElements has been violated on line org.la4j.Matrix.fromMatrixMarket(Matrix.java:229). Documentation for this property can be found at http://runtimeverification.com/monitor/annotated-java/__properties/html/mop/StringTokenizer_HasMoreElements.html
StringTokenizer.hasMoreTokens()/hasMoreElements() did not return false before calling nextToken()/nextElement().
Specification StringTokenizer_HasMoreElements has been violated on line org.la4j.Matrix.fromMatrixMarket(Matrix.java:232). Documentation for this property can be found at http://runtimeverification.com/monitor/annotated-java/__properties/html/mop/StringTokenizer_HasMoreElements.html
StringTokenizer.hasMoreTokens()/hasMoreElements() did not return false before calling nextToken()/nextElement().
Specification StringTokenizer_HasMoreElements has been violated on line org.la4j.Matrix.fromMatrixMarket(Matrix.java:266). Documentation for this property can be found at http://runtimeverification.com/monitor/annotated-java/__properties/html/mop/StringTokenizer_HasMoreElements.html
StringTokenizer.hasMoreTokens()/hasMoreElements() did not return false before calling nextToken()/nextElement().
Specification StringTokenizer_HasMoreElements has been violated on line org.la4j.Matrix.fromMatrixMarket(Matrix.java:277). Documentation for this property can be found at http://runtimeverification.com/monitor/annotated-java/__properties/html/mop/StringTokenizer_HasMoreElements.html
StringTokenizer.hasMoreTokens()/hasMoreElements() did not return false before calling nextToken()/nextElement().
Specification StringTokenizer_HasMoreElements has been violated on line org.la4j.Matrix.fromMatrixMarket(Matrix.java:277). Documentation for this property can be found at http://runtimeverification.com/monitor/annotated-java/__properties/html/mop/StringTokenizer_HasMoreElements.html
StringTokenizer.hasMoreTokens()/hasMoreElements() did not return false before calling nextToken()/nextElement().
Specification StringTokenizer_HasMoreElements has been violated on line org.la4j.Matrix.fromMatrixMarket(Matrix.java:277). Documentation for this property can be found at http://runtimeverification.com/monitor/annotated-java/__properties/html/mop/StringTokenizer_HasMoreElements.html
StringTokenizer.hasMoreTokens()/hasMoreElements() did not return false before calling nextToken()/nextElement().
Specification StringTokenizer_HasMoreElements has been violated on line org.la4j.Matrix.fromMatrixMarket(Matrix.java:277). Documentation for this property can be found at http://runtimeverification.com/monitor/annotated-java/__properties/html/mop/StringTokenizer_HasMoreElements.html
StringTokenizer.hasMoreTokens()/hasMoreElements() did not return false before calling nextToken()/nextElement().
Specification StringTokenizer_HasMoreElements has been violated on line org.la4j.Matrix.fromMatrixMarket(Matrix.java:277). Documentation for this property can be found at http://runtimeverification.com/monitor/annotated-java/__properties/html/mop/StringTokenizer_HasMoreElements.html
StringTokenizer.hasMoreTokens()/hasMoreElements() did not return false before calling nextToken()/nextElement().
Specification StringTokenizer_HasMoreElements has been violated on line org.la4j.Matrix.fromMatrixMarket(Matrix.java:277). Documentation for this property can be found at http://runtimeverification.com/monitor/annotated-java/__properties/html/mop/StringTokenizer_HasMoreElements.html
StringTokenizer.hasMoreTokens()/hasMoreElements() did not return false before calling nextToken()/nextElement().
Specification StringTokenizer_HasMoreElements has been violated on line org.la4j.Matrix.fromMatrixMarket(Matrix.java:277). Documentation for this property can be found at http://runtimeverification.com/monitor/annotated-java/__properties/html/mop/StringTokenizer_HasMoreElements.html
StringTokenizer.hasMoreTokens()/hasMoreElements() did not return false before calling nextToken()/nextElement().
Specification StringTokenizer_HasMoreElements has been violated on line org.la4j.Matrix.fromMatrixMarket(Matrix.java:277). Documentation for this property can be found at http://runtimeverification.com/monitor/annotated-java/__properties/html/mop/StringTokenizer_HasMoreElements.html
StringTokenizer.hasMoreTokens()/hasMoreElements() did not return false before calling nextToken()/nextElement().
Specification StringTokenizer_HasMoreElements has been violated on line org.la4j.Matrix.fromMatrixMarket(Matrix.java:229). Documentation for this property can be found at http://runtimeverification.com/monitor/annotated-java/__properties/html/mop/StringTokenizer_HasMoreElements.html
StringTokenizer.hasMoreTokens()/hasMoreElements() did not return false before calling nextToken()/nextElement().
Specification StringTokenizer_HasMoreElements has been violated on line org.la4j.Matrix.fromMatrixMarket(Matrix.java:232). Documentation for this property can be found at http://runtimeverification.com/monitor/annotated-java/__properties/html/mop/StringTokenizer_HasMoreElements.html
StringTokenizer.hasMoreTokens()/hasMoreElements() did not return false before calling nextToken()/nextElement().
Specification StringTokenizer_HasMoreElements has been violated on line org.la4j.Matrix.fromMatrixMarket(Matrix.java:266). Documentation for this property can be found at http://runtimeverification.com/monitor/annotated-java/__properties/html/mop/StringTokenizer_HasMoreElements.html
StringTokenizer.hasMoreTokens()/hasMoreElements() did not return false before calling nextToken()/nextElement().
Specification StringTokenizer_HasMoreElements has been violated on line org.la4j.Matrix.fromMatrixMarket(Matrix.java:277). Documentation for this property can be found at http://runtimeverification.com/monitor/annotated-java/__properties/html/mop/StringTokenizer_HasMoreElements.html
StringTokenizer.hasMoreTokens()/hasMoreElements() did not return false before calling nextToken()/nextElement().
Specification StringTokenizer_HasMoreElements has been violated on line org.la4j.Matrix.fromMatrixMarket(Matrix.java:277). Documentation for this property can be found at http://runtimeverification.com/monitor/annotated-java/__properties/html/mop/StringTokenizer_HasMoreElements.html
StringTokenizer.hasMoreTokens()/hasMoreElements() did not return false before calling nextToken()/nextElement().
Specification StringTokenizer_HasMoreElements has been violated on line org.la4j.Matrix.fromMatrixMarket(Matrix.java:277). Documentation for this property can be found at http://runtimeverification.com/monitor/annotated-java/__properties/html/mop/StringTokenizer_HasMoreElements.html
StringTokenizer.hasMoreTokens()/hasMoreElements() did not return false before calling nextToken()/nextElement().
Specification StringTokenizer_HasMoreElements has been violated on line org.la4j.Matrix.fromMatrixMarket(Matrix.java:277). Documentation for this property can be found at http://runtimeverification.com/monitor/annotated-java/__properties/html/mop/StringTokenizer_HasMoreElements.html
StringTokenizer.hasMoreTokens()/hasMoreElements() did not return false before calling nextToken()/nextElement().
Specification StringTokenizer_HasMoreElements has been violated on line org.la4j.Matrix.fromMatrixMarket(Matrix.java:277). Documentation for this property can be found at http://runtimeverification.com/monitor/annotated-java/__properties/html/mop/StringTokenizer_HasMoreElements.html
StringTokenizer.hasMoreTokens()/hasMoreElements() did not return false before calling nextToken()/nextElement().
Specification StringTokenizer_HasMoreElements has been violated on line org.la4j.Matrix.fromMatrixMarket(Matrix.java:277). Documentation for this property can be found at http://runtimeverification.com/monitor/annotated-java/__properties/html/mop/StringTokenizer_HasMoreElements.html
StringTokenizer.hasMoreTokens()/hasMoreElements() did not return false before calling nextToken()/nextElement().
Specification StringTokenizer_HasMoreElements has been violated on line org.la4j.Matrix.fromMatrixMarket(Matrix.java:277). Documentation for this property can be found at http://runtimeverification.com/monitor/annotated-java/__properties/html/mop/StringTokenizer_HasMoreElements.html
StringTokenizer.hasMoreTokens()/hasMoreElements() did not return false before calling nextToken()/nextElement().
Specification StringTokenizer_HasMoreElements has been violated on line org.la4j.Matrix.fromMatrixMarket(Matrix.java:277). Documentation for this property can be found at http://runtimeverification.com/monitor/annotated-java/__properties/html/mop/StringTokenizer_HasMoreElements.html
StringTokenizer.hasMoreTokens()/hasMoreElements() did not return false before calling nextToken()/nextElement().
Specification StringTokenizer_HasMoreElements has been violated on line org.la4j.Matrix.fromMatrixMarket(Matrix.java:277). Documentation for this property can be found at http://runtimeverification.com/monitor/annotated-java/__properties/html/mop/StringTokenizer_HasMoreElements.html
StringTokenizer.hasMoreTokens()/hasMoreElements() did not return false before calling nextToken()/nextElement().
Specification StringTokenizer_HasMoreElements has been violated on line org.la4j.Matrix.fromMatrixMarket(Matrix.java:277). Documentation for this property can be found at http://runtimeverification.com/monitor/annotated-java/__properties/html/mop/StringTokenizer_HasMoreElements.html
StringTokenizer.hasMoreTokens()/hasMoreElements() did not return false before calling nextToken()/nextElement().
Specification StringTokenizer_HasMoreElements has been violated on line org.la4j.Matrix.fromMatrixMarket(Matrix.java:277). Documentation for this property can be found at http://runtimeverification.com/monitor/annotated-java/__properties/html/mop/StringTokenizer_HasMoreElements.html
StringTokenizer.hasMoreTokens()/hasMoreElements() did not return false before calling nextToken()/nextElement().
Specification StringTokenizer_HasMoreElements has been violated on line org.la4j.Matrix.fromMatrixMarket(Matrix.java:277). Documentation for this property can be found at http://runtimeverification.com/monitor/annotated-java/__properties/html/mop/StringTokenizer_HasMoreElements.html
StringTokenizer.hasMoreTokens()/hasMoreElements() did not return false before calling nextToken()/nextElement().
Specification StringTokenizer_HasMoreElements has been violated on line org.la4j.Matrix.fromMatrixMarket(Matrix.java:277). Documentation for this property can be found at http://runtimeverification.com/monitor/annotated-java/__properties/html/mop/StringTokenizer_HasMoreElements.html
StringTokenizer.hasMoreTokens()/hasMoreElements() did not return false before calling nextToken()/nextElement().
Specification StringTokenizer_HasMoreElements has been violated on line org.la4j.Matrix.fromMatrixMarket(Matrix.java:277). Documentation for this property can be found at http://runtimeverification.com/monitor/annotated-java/__properties/html/mop/StringTokenizer_HasMoreElements.html
StringTokenizer.hasMoreTokens()/hasMoreElements() did not return false before calling nextToken()/nextElement().
Specification StringTokenizer_HasMoreElements has been violated on line org.la4j.Matrix.fromMatrixMarket(Matrix.java:277). Documentation for this property can be found at http://runtimeverification.com/monitor/annotated-java/__properties/html/mop/StringTokenizer_HasMoreElements.html
StringTokenizer.hasMoreTokens()/hasMoreElements() did not return false before calling nextToken()/nextElement().
[INFO] Tests run: 134, Failures: 0, Errors: 0, Skipped: 0, Time elapsed: 0.21 s - in org.la4j.matrix.dense.Basic1DMatrixTest
[INFO] Running org.la4j.matrix.dense.Basic2DMatrixTest
Specification StringTokenizer_HasMoreElements has been violated on line org.la4j.Matrix.fromMatrixMarket(Matrix.java:229). Documentation for this property can be found at http://runtimeverification.com/monitor/annotated-java/__properties/html/mop/StringTokenizer_HasMoreElements.html
StringTokenizer.hasMoreTokens()/hasMoreElements() did not return false before calling nextToken()/nextElement().
Specification StringTokenizer_HasMoreElements has been violated on line org.la4j.Matrix.fromMatrixMarket(Matrix.java:232). Documentation for this property can be found at http://runtimeverification.com/monitor/annotated-java/__properties/html/mop/StringTokenizer_HasMoreElements.html
StringTokenizer.hasMoreTokens()/hasMoreElements() did not return false before calling nextToken()/nextElement().
Specification StringTokenizer_HasMoreElements has been violated on line org.la4j.Matrix.fromMatrixMarket(Matrix.java:266). Documentation for this property can be found at http://runtimeverification.com/monitor/annotated-java/__properties/html/mop/StringTokenizer_HasMoreElements.html
StringTokenizer.hasMoreTokens()/hasMoreElements() did not return false before calling nextToken()/nextElement().
Specification StringTokenizer_HasMoreElements has been violated on line org.la4j.Matrix.fromMatrixMarket(Matrix.java:277). Documentation for this property can be found at http://runtimeverification.com/monitor/annotated-java/__properties/html/mop/StringTokenizer_HasMoreElements.html
StringTokenizer.hasMoreTokens()/hasMoreElements() did not return false before calling nextToken()/nextElement().
Specification StringTokenizer_HasMoreElements has been violated on line org.la4j.Matrix.fromMatrixMarket(Matrix.java:277). Documentation for this property can be found at http://runtimeverification.com/monitor/annotated-java/__properties/html/mop/StringTokenizer_HasMoreElements.html
StringTokenizer.hasMoreTokens()/hasMoreElements() did not return false before calling nextToken()/nextElement().
Specification StringTokenizer_HasMoreElements has been violated on line org.la4j.Matrix.fromMatrixMarket(Matrix.java:277). Documentation for this property can be found at http://runtimeverification.com/monitor/annotated-java/__properties/html/mop/StringTokenizer_HasMoreElements.html
StringTokenizer.hasMoreTokens()/hasMoreElements() did not return false before calling nextToken()/nextElement().
Specification StringTokenizer_HasMoreElements has been violated on line org.la4j.Matrix.fromMatrixMarket(Matrix.java:277). Documentation for this property can be found at http://runtimeverification.com/monitor/annotated-java/__properties/html/mop/StringTokenizer_HasMoreElements.html
StringTokenizer.hasMoreTokens()/hasMoreElements() did not return false before calling nextToken()/nextElement().
Specification StringTokenizer_HasMoreElements has been violated on line org.la4j.Matrix.fromMatrixMarket(Matrix.java:277). Documentation for this property can be found at http://runtimeverification.com/monitor/annotated-java/__properties/html/mop/StringTokenizer_HasMoreElements.html
StringTokenizer.hasMoreTokens()/hasMoreElements() did not return false before calling nextToken()/nextElement().
Specification StringTokenizer_HasMoreElements has been violated on line org.la4j.Matrix.fromMatrixMarket(Matrix.java:277). Documentation for this property can be found at http://runtimeverification.com/monitor/annotated-java/__properties/html/mop/StringTokenizer_HasMoreElements.html
StringTokenizer.hasMoreTokens()/hasMoreElements() did not return false before calling nextToken()/nextElement().
Specification StringTokenizer_HasMoreElements has been violated on line org.la4j.Matrix.fromMatrixMarket(Matrix.java:277). Documentation for this property can be found at http://runtimeverification.com/monitor/annotated-java/__properties/html/mop/StringTokenizer_HasMoreElements.html
StringTokenizer.hasMoreTokens()/hasMoreElements() did not return false before calling nextToken()/nextElement().
Specification StringTokenizer_HasMoreElements has been violated on line org.la4j.Matrix.fromMatrixMarket(Matrix.java:277). Documentation for this property can be found at http://runtimeverification.com/monitor/annotated-java/__properties/html/mop/StringTokenizer_HasMoreElements.html
StringTokenizer.hasMoreTokens()/hasMoreElements() did not return false before calling nextToken()/nextElement().
Specification StringTokenizer_HasMoreElements has been violated on line org.la4j.Matrix.fromMatrixMarket(Matrix.java:229). Documentation for this property can be found at http://runtimeverification.com/monitor/annotated-java/__properties/html/mop/StringTokenizer_HasMoreElements.html
StringTokenizer.hasMoreTokens()/hasMoreElements() did not return false before calling nextToken()/nextElement().
Specification StringTokenizer_HasMoreElements has been violated on line org.la4j.Matrix.fromMatrixMarket(Matrix.java:232). Documentation for this property can be found at http://runtimeverification.com/monitor/annotated-java/__properties/html/mop/StringTokenizer_HasMoreElements.html
StringTokenizer.hasMoreTokens()/hasMoreElements() did not return false before calling nextToken()/nextElement().
Specification StringTokenizer_HasMoreElements has been violated on line org.la4j.Matrix.fromMatrixMarket(Matrix.java:266). Documentation for this property can be found at http://runtimeverification.com/monitor/annotated-java/__properties/html/mop/StringTokenizer_HasMoreElements.html
StringTokenizer.hasMoreTokens()/hasMoreElements() did not return false before calling nextToken()/nextElement().
Specification StringTokenizer_HasMoreElements has been violated on line org.la4j.Matrix.fromMatrixMarket(Matrix.java:277). Documentation for this property can be found at http://runtimeverification.com/monitor/annotated-java/__properties/html/mop/StringTokenizer_HasMoreElements.html
StringTokenizer.hasMoreTokens()/hasMoreElements() did not return false before calling nextToken()/nextElement().
Specification StringTokenizer_HasMoreElements has been violated on line org.la4j.Matrix.fromMatrixMarket(Matrix.java:277). Documentation for this property can be found at http://runtimeverification.com/monitor/annotated-java/__properties/html/mop/StringTokenizer_HasMoreElements.html
StringTokenizer.hasMoreTokens()/hasMoreElements() did not return false before calling nextToken()/nextElement().
Specification StringTokenizer_HasMoreElements has been violated on line org.la4j.Matrix.fromMatrixMarket(Matrix.java:277). Documentation for this property can be found at http://runtimeverification.com/monitor/annotated-java/__properties/html/mop/StringTokenizer_HasMoreElements.html
StringTokenizer.hasMoreTokens()/hasMoreElements() did not return false before calling nextToken()/nextElement().
Specification StringTokenizer_HasMoreElements has been violated on line org.la4j.Matrix.fromMatrixMarket(Matrix.java:277). Documentation for this property can be found at http://runtimeverification.com/monitor/annotated-java/__properties/html/mop/StringTokenizer_HasMoreElements.html
StringTokenizer.hasMoreTokens()/hasMoreElements() did not return false before calling nextToken()/nextElement().
Specification StringTokenizer_HasMoreElements has been violated on line org.la4j.Matrix.fromMatrixMarket(Matrix.java:277). Documentation for this property can be found at http://runtimeverification.com/monitor/annotated-java/__properties/html/mop/StringTokenizer_HasMoreElements.html
StringTokenizer.hasMoreTokens()/hasMoreElements() did not return false before calling nextToken()/nextElement().
Specification StringTokenizer_HasMoreElements has been violated on line org.la4j.Matrix.fromMatrixMarket(Matrix.java:277). Documentation for this property can be found at http://runtimeverification.com/monitor/annotated-java/__properties/html/mop/StringTokenizer_HasMoreElements.html
StringTokenizer.hasMoreTokens()/hasMoreElements() did not return false before calling nextToken()/nextElement().
Specification StringTokenizer_HasMoreElements has been violated on line org.la4j.Matrix.fromMatrixMarket(Matrix.java:277). Documentation for this property can be found at http://runtimeverification.com/monitor/annotated-java/__properties/html/mop/StringTokenizer_HasMoreElements.html
StringTokenizer.hasMoreTokens()/hasMoreElements() did not return false before calling nextToken()/nextElement().
Specification StringTokenizer_HasMoreElements has been violated on line org.la4j.Matrix.fromMatrixMarket(Matrix.java:277). Documentation for this property can be found at http://runtimeverification.com/monitor/annotated-java/__properties/html/mop/StringTokenizer_HasMoreElements.html
StringTokenizer.hasMoreTokens()/hasMoreElements() did not return false before calling nextToken()/nextElement().
Specification StringTokenizer_HasMoreElements has been violated on line org.la4j.Matrix.fromMatrixMarket(Matrix.java:277). Documentation for this property can be found at http://runtimeverification.com/monitor/annotated-java/__properties/html/mop/StringTokenizer_HasMoreElements.html
StringTokenizer.hasMoreTokens()/hasMoreElements() did not return false before calling nextToken()/nextElement().
Specification StringTokenizer_HasMoreElements has been violated on line org.la4j.Matrix.fromMatrixMarket(Matrix.java:277). Documentation for this property can be found at http://runtimeverification.com/monitor/annotated-java/__properties/html/mop/StringTokenizer_HasMoreElements.html
StringTokenizer.hasMoreTokens()/hasMoreElements() did not return false before calling nextToken()/nextElement().
Specification StringTokenizer_HasMoreElements has been violated on line org.la4j.Matrix.fromMatrixMarket(Matrix.java:277). Documentation for this property can be found at http://runtimeverification.com/monitor/annotated-java/__properties/html/mop/StringTokenizer_HasMoreElements.html
StringTokenizer.hasMoreTokens()/hasMoreElements() did not return false before calling nextToken()/nextElement().
Specification StringTokenizer_HasMoreElements has been violated on line org.la4j.Matrix.fromMatrixMarket(Matrix.java:277). Documentation for this property can be found at http://runtimeverification.com/monitor/annotated-java/__properties/html/mop/StringTokenizer_HasMoreElements.html
StringTokenizer.hasMoreTokens()/hasMoreElements() did not return false before calling nextToken()/nextElement().
Specification StringTokenizer_HasMoreElements has been violated on line org.la4j.Matrix.fromMatrixMarket(Matrix.java:277). Documentation for this property can be found at http://runtimeverification.com/monitor/annotated-java/__properties/html/mop/StringTokenizer_HasMoreElements.html
StringTokenizer.hasMoreTokens()/hasMoreElements() did not return false before calling nextToken()/nextElement().
Specification StringTokenizer_HasMoreElements has been violated on line org.la4j.Matrix.fromMatrixMarket(Matrix.java:277). Documentation for this property can be found at http://runtimeverification.com/monitor/annotated-java/__properties/html/mop/StringTokenizer_HasMoreElements.html
StringTokenizer.hasMoreTokens()/hasMoreElements() did not return false before calling nextToken()/nextElement().
Specification StringTokenizer_HasMoreElements has been violated on line org.la4j.Matrix.fromMatrixMarket(Matrix.java:277). Documentation for this property can be found at http://runtimeverification.com/monitor/annotated-java/__properties/html/mop/StringTokenizer_HasMoreElements.html
StringTokenizer.hasMoreTokens()/hasMoreElements() did not return false before calling nextToken()/nextElement().
[INFO] Tests run: 134, Failures: 0, Errors: 0, Skipped: 0, Time elapsed: 0.058 s - in org.la4j.matrix.dense.Basic2DMatrixTest
[INFO] Running org.la4j.matrix.sparse.CCSMatrixTest
Specification StringTokenizer_HasMoreElements has been violated on line org.la4j.Matrix.fromMatrixMarket(Matrix.java:229). Documentation for this property can be found at http://runtimeverification.com/monitor/annotated-java/__properties/html/mop/StringTokenizer_HasMoreElements.html
StringTokenizer.hasMoreTokens()/hasMoreElements() did not return false before calling nextToken()/nextElement().
Specification StringTokenizer_HasMoreElements has been violated on line org.la4j.Matrix.fromMatrixMarket(Matrix.java:232). Documentation for this property can be found at http://runtimeverification.com/monitor/annotated-java/__properties/html/mop/StringTokenizer_HasMoreElements.html
StringTokenizer.hasMoreTokens()/hasMoreElements() did not return false before calling nextToken()/nextElement().
Specification StringTokenizer_HasMoreElements has been violated on line org.la4j.Matrix.fromMatrixMarket(Matrix.java:266). Documentation for this property can be found at http://runtimeverification.com/monitor/annotated-java/__properties/html/mop/StringTokenizer_HasMoreElements.html
StringTokenizer.hasMoreTokens()/hasMoreElements() did not return false before calling nextToken()/nextElement().
Specification StringTokenizer_HasMoreElements has been violated on line org.la4j.Matrix.fromMatrixMarket(Matrix.java:277). Documentation for this property can be found at http://runtimeverification.com/monitor/annotated-java/__properties/html/mop/StringTokenizer_HasMoreElements.html
StringTokenizer.hasMoreTokens()/hasMoreElements() did not return false before calling nextToken()/nextElement().
Specification StringTokenizer_HasMoreElements has been violated on line org.la4j.Matrix.fromMatrixMarket(Matrix.java:277). Documentation for this property can be found at http://runtimeverification.com/monitor/annotated-java/__properties/html/mop/StringTokenizer_HasMoreElements.html
StringTokenizer.hasMoreTokens()/hasMoreElements() did not return false before calling nextToken()/nextElement().
Specification StringTokenizer_HasMoreElements has been violated on line org.la4j.Matrix.fromMatrixMarket(Matrix.java:277). Documentation for this property can be found at http://runtimeverification.com/monitor/annotated-java/__properties/html/mop/StringTokenizer_HasMoreElements.html
StringTokenizer.hasMoreTokens()/hasMoreElements() did not return false before calling nextToken()/nextElement().
Specification StringTokenizer_HasMoreElements has been violated on line org.la4j.Matrix.fromMatrixMarket(Matrix.java:277). Documentation for this property can be found at http://runtimeverification.com/monitor/annotated-java/__properties/html/mop/StringTokenizer_HasMoreElements.html
StringTokenizer.hasMoreTokens()/hasMoreElements() did not return false before calling nextToken()/nextElement().
Specification StringTokenizer_HasMoreElements has been violated on line org.la4j.Matrix.fromMatrixMarket(Matrix.java:277). Documentation for this property can be found at http://runtimeverification.com/monitor/annotated-java/__properties/html/mop/StringTokenizer_HasMoreElements.html
StringTokenizer.hasMoreTokens()/hasMoreElements() did not return false before calling nextToken()/nextElement().
Specification StringTokenizer_HasMoreElements has been violated on line org.la4j.Matrix.fromMatrixMarket(Matrix.java:277). Documentation for this property can be found at http://runtimeverification.com/monitor/annotated-java/__properties/html/mop/StringTokenizer_HasMoreElements.html
StringTokenizer.hasMoreTokens()/hasMoreElements() did not return false before calling nextToken()/nextElement().
Specification StringTokenizer_HasMoreElements has been violated on line org.la4j.Matrix.fromMatrixMarket(Matrix.java:277). Documentation for this property can be found at http://runtimeverification.com/monitor/annotated-java/__properties/html/mop/StringTokenizer_HasMoreElements.html
StringTokenizer.hasMoreTokens()/hasMoreElements() did not return false before calling nextToken()/nextElement().
Specification StringTokenizer_HasMoreElements has been violated on line org.la4j.Matrix.fromMatrixMarket(Matrix.java:277). Documentation for this property can be found at http://runtimeverification.com/monitor/annotated-java/__properties/html/mop/StringTokenizer_HasMoreElements.html
StringTokenizer.hasMoreTokens()/hasMoreElements() did not return false before calling nextToken()/nextElement().
Specification StringTokenizer_HasMoreElements has been violated on line org.la4j.Matrix.fromMatrixMarket(Matrix.java:229). Documentation for this property can be found at http://runtimeverification.com/monitor/annotated-java/__properties/html/mop/StringTokenizer_HasMoreElements.html
StringTokenizer.hasMoreTokens()/hasMoreElements() did not return false before calling nextToken()/nextElement().
Specification StringTokenizer_HasMoreElements has been violated on line org.la4j.Matrix.fromMatrixMarket(Matrix.java:232). Documentation for this property can be found at http://runtimeverification.com/monitor/annotated-java/__properties/html/mop/StringTokenizer_HasMoreElements.html
StringTokenizer.hasMoreTokens()/hasMoreElements() did not return false before calling nextToken()/nextElement().
Specification StringTokenizer_HasMoreElements has been violated on line org.la4j.Matrix.fromMatrixMarket(Matrix.java:266). Documentation for this property can be found at http://runtimeverification.com/monitor/annotated-java/__properties/html/mop/StringTokenizer_HasMoreElements.html
StringTokenizer.hasMoreTokens()/hasMoreElements() did not return false before calling nextToken()/nextElement().
Specification StringTokenizer_HasMoreElements has been violated on line org.la4j.Matrix.fromMatrixMarket(Matrix.java:277). Documentation for this property can be found at http://runtimeverification.com/monitor/annotated-java/__properties/html/mop/StringTokenizer_HasMoreElements.html
StringTokenizer.hasMoreTokens()/hasMoreElements() did not return false before calling nextToken()/nextElement().
Specification StringTokenizer_HasMoreElements has been violated on line org.la4j.Matrix.fromMatrixMarket(Matrix.java:277). Documentation for this property can be found at http://runtimeverification.com/monitor/annotated-java/__properties/html/mop/StringTokenizer_HasMoreElements.html
StringTokenizer.hasMoreTokens()/hasMoreElements() did not return false before calling nextToken()/nextElement().
Specification StringTokenizer_HasMoreElements has been violated on line org.la4j.Matrix.fromMatrixMarket(Matrix.java:277). Documentation for this property can be found at http://runtimeverification.com/monitor/annotated-java/__properties/html/mop/StringTokenizer_HasMoreElements.html
StringTokenizer.hasMoreTokens()/hasMoreElements() did not return false before calling nextToken()/nextElement().
Specification StringTokenizer_HasMoreElements has been violated on line org.la4j.Matrix.fromMatrixMarket(Matrix.java:277). Documentation for this property can be found at http://runtimeverification.com/monitor/annotated-java/__properties/html/mop/StringTokenizer_HasMoreElements.html
StringTokenizer.hasMoreTokens()/hasMoreElements() did not return false before calling nextToken()/nextElement().
Specification StringTokenizer_HasMoreElements has been violated on line org.la4j.Matrix.fromMatrixMarket(Matrix.java:277). Documentation for this property can be found at http://runtimeverification.com/monitor/annotated-java/__properties/html/mop/StringTokenizer_HasMoreElements.html
StringTokenizer.hasMoreTokens()/hasMoreElements() did not return false before calling nextToken()/nextElement().
Specification StringTokenizer_HasMoreElements has been violated on line org.la4j.Matrix.fromMatrixMarket(Matrix.java:277). Documentation for this property can be found at http://runtimeverification.com/monitor/annotated-java/__properties/html/mop/StringTokenizer_HasMoreElements.html
StringTokenizer.hasMoreTokens()/hasMoreElements() did not return false before calling nextToken()/nextElement().
Specification StringTokenizer_HasMoreElements has been violated on line org.la4j.Matrix.fromMatrixMarket(Matrix.java:277). Documentation for this property can be found at http://runtimeverification.com/monitor/annotated-java/__properties/html/mop/StringTokenizer_HasMoreElements.html
StringTokenizer.hasMoreTokens()/hasMoreElements() did not return false before calling nextToken()/nextElement().
Specification StringTokenizer_HasMoreElements has been violated on line org.la4j.Matrix.fromMatrixMarket(Matrix.java:277). Documentation for this property can be found at http://runtimeverification.com/monitor/annotated-java/__properties/html/mop/StringTokenizer_HasMoreElements.html
StringTokenizer.hasMoreTokens()/hasMoreElements() did not return false before calling nextToken()/nextElement().
Specification StringTokenizer_HasMoreElements has been violated on line org.la4j.Matrix.fromMatrixMarket(Matrix.java:277). Documentation for this property can be found at http://runtimeverification.com/monitor/annotated-java/__properties/html/mop/StringTokenizer_HasMoreElements.html
StringTokenizer.hasMoreTokens()/hasMoreElements() did not return false before calling nextToken()/nextElement().
Specification StringTokenizer_HasMoreElements has been violated on line org.la4j.Matrix.fromMatrixMarket(Matrix.java:277). Documentation for this property can be found at http://runtimeverification.com/monitor/annotated-java/__properties/html/mop/StringTokenizer_HasMoreElements.html
StringTokenizer.hasMoreTokens()/hasMoreElements() did not return false before calling nextToken()/nextElement().
Specification StringTokenizer_HasMoreElements has been violated on line org.la4j.Matrix.fromMatrixMarket(Matrix.java:277). Documentation for this property can be found at http://runtimeverification.com/monitor/annotated-java/__properties/html/mop/StringTokenizer_HasMoreElements.html
StringTokenizer.hasMoreTokens()/hasMoreElements() did not return false before calling nextToken()/nextElement().
Specification StringTokenizer_HasMoreElements has been violated on line org.la4j.Matrix.fromMatrixMarket(Matrix.java:277). Documentation for this property can be found at http://runtimeverification.com/monitor/annotated-java/__properties/html/mop/StringTokenizer_HasMoreElements.html
StringTokenizer.hasMoreTokens()/hasMoreElements() did not return false before calling nextToken()/nextElement().
Specification StringTokenizer_HasMoreElements has been violated on line org.la4j.Matrix.fromMatrixMarket(Matrix.java:277). Documentation for this property can be found at http://runtimeverification.com/monitor/annotated-java/__properties/html/mop/StringTokenizer_HasMoreElements.html
StringTokenizer.hasMoreTokens()/hasMoreElements() did not return false before calling nextToken()/nextElement().
Specification StringTokenizer_HasMoreElements has been violated on line org.la4j.Matrix.fromMatrixMarket(Matrix.java:277). Documentation for this property can be found at http://runtimeverification.com/monitor/annotated-java/__properties/html/mop/StringTokenizer_HasMoreElements.html
StringTokenizer.hasMoreTokens()/hasMoreElements() did not return false before calling nextToken()/nextElement().
Specification StringTokenizer_HasMoreElements has been violated on line org.la4j.Matrix.fromMatrixMarket(Matrix.java:277). Documentation for this property can be found at http://runtimeverification.com/monitor/annotated-java/__properties/html/mop/StringTokenizer_HasMoreElements.html
StringTokenizer.hasMoreTokens()/hasMoreElements() did not return false before calling nextToken()/nextElement().
[INFO] Tests run: 147, Failures: 0, Errors: 0, Skipped: 0, Time elapsed: 0.128 s - in org.la4j.matrix.sparse.CCSMatrixTest
[INFO] Running org.la4j.matrix.sparse.CRSMatrixTest
Specification StringTokenizer_HasMoreElements has been violated on line org.la4j.Matrix.fromMatrixMarket(Matrix.java:229). Documentation for this property can be found at http://runtimeverification.com/monitor/annotated-java/__properties/html/mop/StringTokenizer_HasMoreElements.html
StringTokenizer.hasMoreTokens()/hasMoreElements() did not return false before calling nextToken()/nextElement().
Specification StringTokenizer_HasMoreElements has been violated on line org.la4j.Matrix.fromMatrixMarket(Matrix.java:232). Documentation for this property can be found at http://runtimeverification.com/monitor/annotated-java/__properties/html/mop/StringTokenizer_HasMoreElements.html
StringTokenizer.hasMoreTokens()/hasMoreElements() did not return false before calling nextToken()/nextElement().
Specification StringTokenizer_HasMoreElements has been violated on line org.la4j.Matrix.fromMatrixMarket(Matrix.java:266). Documentation for this property can be found at http://runtimeverification.com/monitor/annotated-java/__properties/html/mop/StringTokenizer_HasMoreElements.html
StringTokenizer.hasMoreTokens()/hasMoreElements() did not return false before calling nextToken()/nextElement().
Specification StringTokenizer_HasMoreElements has been violated on line org.la4j.Matrix.fromMatrixMarket(Matrix.java:277). Documentation for this property can be found at http://runtimeverification.com/monitor/annotated-java/__properties/html/mop/StringTokenizer_HasMoreElements.html
StringTokenizer.hasMoreTokens()/hasMoreElements() did not return false before calling nextToken()/nextElement().
Specification StringTokenizer_HasMoreElements has been violated on line org.la4j.Matrix.fromMatrixMarket(Matrix.java:277). Documentation for this property can be found at http://runtimeverification.com/monitor/annotated-java/__properties/html/mop/StringTokenizer_HasMoreElements.html
StringTokenizer.hasMoreTokens()/hasMoreElements() did not return false before calling nextToken()/nextElement().
Specification StringTokenizer_HasMoreElements has been violated on line org.la4j.Matrix.fromMatrixMarket(Matrix.java:277). Documentation for this property can be found at http://runtimeverification.com/monitor/annotated-java/__properties/html/mop/StringTokenizer_HasMoreElements.html
StringTokenizer.hasMoreTokens()/hasMoreElements() did not return false before calling nextToken()/nextElement().
Specification StringTokenizer_HasMoreElements has been violated on line org.la4j.Matrix.fromMatrixMarket(Matrix.java:277). Documentation for this property can be found at http://runtimeverification.com/monitor/annotated-java/__properties/html/mop/StringTokenizer_HasMoreElements.html
StringTokenizer.hasMoreTokens()/hasMoreElements() did not return false before calling nextToken()/nextElement().
Specification StringTokenizer_HasMoreElements has been violated on line org.la4j.Matrix.fromMatrixMarket(Matrix.java:277). Documentation for this property can be found at http://runtimeverification.com/monitor/annotated-java/__properties/html/mop/StringTokenizer_HasMoreElements.html
StringTokenizer.hasMoreTokens()/hasMoreElements() did not return false before calling nextToken()/nextElement().
Specification StringTokenizer_HasMoreElements has been violated on line org.la4j.Matrix.fromMatrixMarket(Matrix.java:277). Documentation for this property can be found at http://runtimeverification.com/monitor/annotated-java/__properties/html/mop/StringTokenizer_HasMoreElements.html
StringTokenizer.hasMoreTokens()/hasMoreElements() did not return false before calling nextToken()/nextElement().
Specification StringTokenizer_HasMoreElements has been violated on line org.la4j.Matrix.fromMatrixMarket(Matrix.java:277). Documentation for this property can be found at http://runtimeverification.com/monitor/annotated-java/__properties/html/mop/StringTokenizer_HasMoreElements.html
StringTokenizer.hasMoreTokens()/hasMoreElements() did not return false before calling nextToken()/nextElement().
Specification StringTokenizer_HasMoreElements has been violated on line org.la4j.Matrix.fromMatrixMarket(Matrix.java:277). Documentation for this property can be found at http://runtimeverification.com/monitor/annotated-java/__properties/html/mop/StringTokenizer_HasMoreElements.html
StringTokenizer.hasMoreTokens()/hasMoreElements() did not return false before calling nextToken()/nextElement().
Specification StringTokenizer_HasMoreElements has been violated on line org.la4j.Matrix.fromMatrixMarket(Matrix.java:229). Documentation for this property can be found at http://runtimeverification.com/monitor/annotated-java/__properties/html/mop/StringTokenizer_HasMoreElements.html
StringTokenizer.hasMoreTokens()/hasMoreElements() did not return false before calling nextToken()/nextElement().
Specification StringTokenizer_HasMoreElements has been violated on line org.la4j.Matrix.fromMatrixMarket(Matrix.java:232). Documentation for this property can be found at http://runtimeverification.com/monitor/annotated-java/__properties/html/mop/StringTokenizer_HasMoreElements.html
StringTokenizer.hasMoreTokens()/hasMoreElements() did not return false before calling nextToken()/nextElement().
Specification StringTokenizer_HasMoreElements has been violated on line org.la4j.Matrix.fromMatrixMarket(Matrix.java:266). Documentation for this property can be found at http://runtimeverification.com/monitor/annotated-java/__properties/html/mop/StringTokenizer_HasMoreElements.html
StringTokenizer.hasMoreTokens()/hasMoreElements() did not return false before calling nextToken()/nextElement().
Specification StringTokenizer_HasMoreElements has been violated on line org.la4j.Matrix.fromMatrixMarket(Matrix.java:277). Documentation for this property can be found at http://runtimeverification.com/monitor/annotated-java/__properties/html/mop/StringTokenizer_HasMoreElements.html
StringTokenizer.hasMoreTokens()/hasMoreElements() did not return false before calling nextToken()/nextElement().
Specification StringTokenizer_HasMoreElements has been violated on line org.la4j.Matrix.fromMatrixMarket(Matrix.java:277). Documentation for this property can be found at http://runtimeverification.com/monitor/annotated-java/__properties/html/mop/StringTokenizer_HasMoreElements.html
StringTokenizer.hasMoreTokens()/hasMoreElements() did not return false before calling nextToken()/nextElement().
Specification StringTokenizer_HasMoreElements has been violated on line org.la4j.Matrix.fromMatrixMarket(Matrix.java:277). Documentation for this property can be found at http://runtimeverification.com/monitor/annotated-java/__properties/html/mop/StringTokenizer_HasMoreElements.html
StringTokenizer.hasMoreTokens()/hasMoreElements() did not return false before calling nextToken()/nextElement().
Specification StringTokenizer_HasMoreElements has been violated on line org.la4j.Matrix.fromMatrixMarket(Matrix.java:277). Documentation for this property can be found at http://runtimeverification.com/monitor/annotated-java/__properties/html/mop/StringTokenizer_HasMoreElements.html
StringTokenizer.hasMoreTokens()/hasMoreElements() did not return false before calling nextToken()/nextElement().
Specification StringTokenizer_HasMoreElements has been violated on line org.la4j.Matrix.fromMatrixMarket(Matrix.java:277). Documentation for this property can be found at http://runtimeverification.com/monitor/annotated-java/__properties/html/mop/StringTokenizer_HasMoreElements.html
StringTokenizer.hasMoreTokens()/hasMoreElements() did not return false before calling nextToken()/nextElement().
Specification StringTokenizer_HasMoreElements has been violated on line org.la4j.Matrix.fromMatrixMarket(Matrix.java:277). Documentation for this property can be found at http://runtimeverification.com/monitor/annotated-java/__properties/html/mop/StringTokenizer_HasMoreElements.html
StringTokenizer.hasMoreTokens()/hasMoreElements() did not return false before calling nextToken()/nextElement().
Specification StringTokenizer_HasMoreElements has been violated on line org.la4j.Matrix.fromMatrixMarket(Matrix.java:277). Documentation for this property can be found at http://runtimeverification.com/monitor/annotated-java/__properties/html/mop/StringTokenizer_HasMoreElements.html
StringTokenizer.hasMoreTokens()/hasMoreElements() did not return false before calling nextToken()/nextElement().
Specification StringTokenizer_HasMoreElements has been violated on line org.la4j.Matrix.fromMatrixMarket(Matrix.java:277). Documentation for this property can be found at http://runtimeverification.com/monitor/annotated-java/__properties/html/mop/StringTokenizer_HasMoreElements.html
StringTokenizer.hasMoreTokens()/hasMoreElements() did not return false before calling nextToken()/nextElement().
Specification StringTokenizer_HasMoreElements has been violated on line org.la4j.Matrix.fromMatrixMarket(Matrix.java:277). Documentation for this property can be found at http://runtimeverification.com/monitor/annotated-java/__properties/html/mop/StringTokenizer_HasMoreElements.html
StringTokenizer.hasMoreTokens()/hasMoreElements() did not return false before calling nextToken()/nextElement().
Specification StringTokenizer_HasMoreElements has been violated on line org.la4j.Matrix.fromMatrixMarket(Matrix.java:277). Documentation for this property can be found at http://runtimeverification.com/monitor/annotated-java/__properties/html/mop/StringTokenizer_HasMoreElements.html
StringTokenizer.hasMoreTokens()/hasMoreElements() did not return false before calling nextToken()/nextElement().
Specification StringTokenizer_HasMoreElements has been violated on line org.la4j.Matrix.fromMatrixMarket(Matrix.java:277). Documentation for this property can be found at http://runtimeverification.com/monitor/annotated-java/__properties/html/mop/StringTokenizer_HasMoreElements.html
StringTokenizer.hasMoreTokens()/hasMoreElements() did not return false before calling nextToken()/nextElement().
Specification StringTokenizer_HasMoreElements has been violated on line org.la4j.Matrix.fromMatrixMarket(Matrix.java:277). Documentation for this property can be found at http://runtimeverification.com/monitor/annotated-java/__properties/html/mop/StringTokenizer_HasMoreElements.html
StringTokenizer.hasMoreTokens()/hasMoreElements() did not return false before calling nextToken()/nextElement().
Specification StringTokenizer_HasMoreElements has been violated on line org.la4j.Matrix.fromMatrixMarket(Matrix.java:277). Documentation for this property can be found at http://runtimeverification.com/monitor/annotated-java/__properties/html/mop/StringTokenizer_HasMoreElements.html
StringTokenizer.hasMoreTokens()/hasMoreElements() did not return false before calling nextToken()/nextElement().
Specification StringTokenizer_HasMoreElements has been violated on line org.la4j.Matrix.fromMatrixMarket(Matrix.java:277). Documentation for this property can be found at http://runtimeverification.com/monitor/annotated-java/__properties/html/mop/StringTokenizer_HasMoreElements.html
StringTokenizer.hasMoreTokens()/hasMoreElements() did not return false before calling nextToken()/nextElement().
Specification StringTokenizer_HasMoreElements has been violated on line org.la4j.Matrix.fromMatrixMarket(Matrix.java:277). Documentation for this property can be found at http://runtimeverification.com/monitor/annotated-java/__properties/html/mop/StringTokenizer_HasMoreElements.html
StringTokenizer.hasMoreTokens()/hasMoreElements() did not return false before calling nextToken()/nextElement().
[INFO] Tests run: 147, Failures: 0, Errors: 0, Skipped: 0, Time elapsed: 0.262 s - in org.la4j.matrix.sparse.CRSMatrixTest
[INFO] 
[INFO] Results:
[INFO] 
[INFO] Tests run: 799, Failures: 0, Errors: 0, Skipped: 0
[INFO] 
[INFO] 
[INFO] <<< emop:1.0-SNAPSHOT:mrps (default-cli) < [methods]test @ la4j <<<
[INFO] 
[INFO] 
[INFO] --- emop:1.0-SNAPSHOT:mrps (default-cli) @ la4j ---
[INFO] [eMOP] Invoking the RPS Methods Mojo...
[INFO] ------------------------------------------------------------------------
[INFO] BUILD SUCCESS
[INFO] ------------------------------------------------------------------------
[INFO] Total time:  35.114 s
[INFO] Finished at: 2023-10-02T18:54:50Z
[INFO] ------------------------------------------------------------------------
