[INFO] Scanning for projects...
[WARNING] 
[WARNING] Some problems were encountered while building the effective model for commons-codec:commons-codec:jar:1.15-SNAPSHOT
[WARNING] 'build.plugins.plugin.(groupId:artifactId)' must be unique but found duplicate declaration of plugin org.apache.maven.plugins:maven-surefire-plugin @ line 375, column 9
[WARNING] 
[WARNING] It is highly recommended to fix these problems because they threaten the stability of your build.
[WARNING] 
[WARNING] For this reason, future Maven versions might no longer support building such malformed projects.
[WARNING] 
[INFO] 
[INFO] --------------------< commons-codec:commons-codec >---------------------
[INFO] Building Apache Commons Codec 1.15-SNAPSHOT
[INFO]   from pom.xml
[INFO] --------------------------------[ jar ]---------------------------------
[INFO] 
[INFO] >>> emop:1.0-SNAPSHOT:mrps (default-cli) > [methods]test @ commons-codec >>>
[INFO] 
[INFO] --- enforcer:3.0.0-M3:enforce (enforce-maven-version) @ commons-codec ---
[INFO] 
[INFO] --- enforcer:3.0.0-M3:enforce (enforce-maven-3) @ commons-codec ---
[INFO] 
[INFO] --- apache-rat:0.13:check (rat-check) @ commons-codec ---
[INFO] RAT will not execute since it is configured to be skipped via system property 'rat.skip'.
[INFO] 
[INFO] --- build-helper:3.2.0:parse-version (parse-version) @ commons-codec ---
[INFO] 
[INFO] --- antrun:1.8:run (javadoc.resources) @ commons-codec ---
[INFO] Executing tasks

main:
     [copy] Copying 2 files to /home/mopuser/earv-research/scripts-emop/repos/commons-codec/target/apidocs/META-INF
[INFO] Executed tasks
[INFO] 
[INFO] --- remote-resources:1.7.0:process (process-resource-bundles) @ commons-codec ---
[INFO] Skipping remote resources execution.
[INFO] 
[INFO] --- buildnumber:1.4:create (default) @ commons-codec ---
[INFO] Executing: /bin/sh -c cd '/home/mopuser/earv-research/scripts-emop/repos/commons-codec' && 'git' 'rev-parse' '--verify' 'HEAD'
[INFO] Working directory: /home/mopuser/earv-research/scripts-emop/repos/commons-codec
[INFO] Storing buildNumber: 3535c17eccb2251fc518aa545a800b4922c8dc35 at timestamp: 1696271308376
[WARNING] Cannot get the branch information from the git repository: 
Detecting the current branch failed: fatal: ref HEAD is not a symbolic ref

[INFO] Executing: /bin/sh -c cd '/home/mopuser/earv-research/scripts-emop/repos/commons-codec' && 'git' 'rev-parse' '--verify' 'HEAD'
[INFO] Working directory: /home/mopuser/earv-research/scripts-emop/repos/commons-codec
[INFO] Storing buildScmBranch: UNKNOWN
[INFO] 
[INFO] --- resources:3.1.0:resources (default-resources) @ commons-codec ---
[INFO] Using 'UTF-8' encoding to copy filtered resources.
[INFO] Copying 128 resources
[INFO] Copying 2 resources to META-INF
[INFO] 
[INFO] --- compiler:3.8.1:compile (default-compile) @ commons-codec ---
[INFO] Changes detected - recompiling the module!
[INFO] Compiling 72 source files to /home/mopuser/earv-research/scripts-emop/repos/commons-codec/target/classes
[INFO] 
[INFO] --- bundle:5.1.1:manifest (bundle-manifest) @ commons-codec ---
[INFO] 
[INFO] --- resources:3.1.0:testResources (default-testResources) @ commons-codec ---
[INFO] Using 'UTF-8' encoding to copy filtered resources.
[INFO] Copying 4 resources
[INFO] Copying 2 resources to META-INF
[INFO] 
[INFO] --- compiler:3.8.1:testCompile (default-testCompile) @ commons-codec ---
[INFO] Changes detected - recompiling the module!
[INFO] Compiling 71 source files to /home/mopuser/earv-research/scripts-emop/repos/commons-codec/target/test-classes
[INFO] /home/mopuser/earv-research/scripts-emop/repos/commons-codec/src/test/java/org/apache/commons/codec/digest/MurmurHash3Test.java: Some input files use or override a deprecated API.
[INFO] /home/mopuser/earv-research/scripts-emop/repos/commons-codec/src/test/java/org/apache/commons/codec/digest/MurmurHash3Test.java: Recompile with -Xlint:deprecation for details.
[INFO] 
[INFO] --- animal-sniffer:1.19:check (checkAPIcompatibility) @ commons-codec ---
[INFO] Checking unresolved references to org.codehaus.mojo.signature:java17:1.0
[INFO] 
[INFO] --- jacoco:0.8.5:prepare-agent (prepare-agent) @ commons-codec ---
[INFO] argLine set to -javaagent:/home/mopuser/.m2/repository/org/jacoco/org.jacoco.agent/0.8.5/org.jacoco.agent-0.8.5-runtime.jar=destfile=/home/mopuser/earv-research/scripts-emop/repos/commons-codec/target/jacoco.exec
[INFO] 
[INFO] >>> emop:1.0-SNAPSHOT:monitor-methods (default-cli) > test-compile @ commons-codec >>>
[INFO] 
[INFO] --- enforcer:3.0.0-M3:enforce (enforce-maven-version) @ commons-codec ---
[INFO] 
[INFO] --- enforcer:3.0.0-M3:enforce (enforce-maven-3) @ commons-codec ---
[INFO] 
[INFO] --- apache-rat:0.13:check (rat-check) @ commons-codec ---
[INFO] RAT will not execute since it is configured to be skipped via system property 'rat.skip'.
[INFO] 
[INFO] --- build-helper:3.2.0:parse-version (parse-version) @ commons-codec ---
[INFO] 
[INFO] --- antrun:1.8:run (javadoc.resources) @ commons-codec ---
[INFO] Executing tasks

main:
[INFO] Executed tasks
[INFO] 
[INFO] --- remote-resources:1.7.0:process (process-resource-bundles) @ commons-codec ---
[INFO] Skipping remote resources execution.
[INFO] 
[INFO] --- buildnumber:1.4:create (default) @ commons-codec ---
[INFO] Executing: /bin/sh -c cd '/home/mopuser/earv-research/scripts-emop/repos/commons-codec' && 'git' 'rev-parse' '--verify' 'HEAD'
[INFO] Working directory: /home/mopuser/earv-research/scripts-emop/repos/commons-codec
[INFO] Storing buildNumber: 3535c17eccb2251fc518aa545a800b4922c8dc35 at timestamp: 1696271314298
[WARNING] Cannot get the branch information from the git repository: 
Detecting the current branch failed: fatal: ref HEAD is not a symbolic ref

[INFO] Executing: /bin/sh -c cd '/home/mopuser/earv-research/scripts-emop/repos/commons-codec' && 'git' 'rev-parse' '--verify' 'HEAD'
[INFO] Working directory: /home/mopuser/earv-research/scripts-emop/repos/commons-codec
[INFO] Storing buildScmBranch: UNKNOWN
[INFO] 
[INFO] --- resources:3.1.0:resources (default-resources) @ commons-codec ---
[INFO] Using 'UTF-8' encoding to copy filtered resources.
[INFO] Copying 128 resources
[INFO] Copying 2 resources to META-INF
[INFO] 
[INFO] --- compiler:3.8.1:compile (default-compile) @ commons-codec ---
[INFO] Changes detected - recompiling the module!
[INFO] Compiling 72 source files to /home/mopuser/earv-research/scripts-emop/repos/commons-codec/target/classes
[INFO] 
[INFO] --- bundle:5.1.1:manifest (bundle-manifest) @ commons-codec ---
[INFO] 
[INFO] --- resources:3.1.0:testResources (default-testResources) @ commons-codec ---
[INFO] Using 'UTF-8' encoding to copy filtered resources.
[INFO] Copying 4 resources
[INFO] Copying 2 resources to META-INF
[INFO] 
[INFO] --- compiler:3.8.1:testCompile (default-testCompile) @ commons-codec ---
[INFO] Changes detected - recompiling the module!
[INFO] Compiling 71 source files to /home/mopuser/earv-research/scripts-emop/repos/commons-codec/target/test-classes
[INFO] /home/mopuser/earv-research/scripts-emop/repos/commons-codec/src/test/java/org/apache/commons/codec/digest/MurmurHash3Test.java: Some input files use or override a deprecated API.
[INFO] /home/mopuser/earv-research/scripts-emop/repos/commons-codec/src/test/java/org/apache/commons/codec/digest/MurmurHash3Test.java: Recompile with -Xlint:deprecation for details.
[INFO] 
[INFO] <<< emop:1.0-SNAPSHOT:monitor-methods (default-cli) < test-compile @ commons-codec <<<
[INFO] 
[INFO] 
[INFO] --- emop:1.0-SNAPSHOT:monitor-methods (default-cli) @ commons-codec ---
[INFO] [eMOP] Invoking the ImpactedMethods Mojo...
INFO: ChangedMethods: 2
INFO: NewMethods: 1
INFO: ImpactedMethods: 3
INFO: NewClasses: 0
INFO: OldClasses: 191
INFO: ChangedClasses: 3
INFO: AffectedTestClasses: 3
[INFO] [eMOP Timer] Execute ImpactedMethods Mojo takes 812 ms
[INFO] [eMOP] Invoking the AffectedSpecsMethods Mojo...
[INFO] [eMOP Timer] Compile-time weaving takes 5618 ms
[WARNING] Cannot find method for /home/mopuser/earv-research/scripts-emop/repos/commons-codec/src/test/java/org/apache/commons/codec/binary/Base32Test.java at line 108
[INFO] [eMOP] Number of Impacted methods: 3
[INFO] [eMOP Timer] Compute affected specs takes 803 ms
[INFO] [eMOP Timer] Write affected specs to disk takes 3 ms
[INFO] [eMOP] Number of changed classes: 3
[INFO] [eMOP] Number of new classes: 0
[INFO] [eMOP] Number of messages to process: 98
[INFO] [eMOP] Invoking the Monitor Mojo...
[INFO] AffectedSpecs: 0
[INFO] [eMOP Timer] Generating aop-ajc.xml and replace it takes 147 ms
[INFO] 
[INFO] --- surefire:2.20:test (default-test) @ commons-codec ---
[INFO] 
[INFO] -------------------------------------------------------
[INFO]  T E S T S
[INFO] -------------------------------------------------------
[INFO] Running org.apache.commons.codec.StringEncoderComparatorTest
[INFO] Tests run: 3, Failures: 0, Errors: 0, Skipped: 0, Time elapsed: 0.05 s - in org.apache.commons.codec.StringEncoderComparatorTest
[INFO] Running org.apache.commons.codec.EncoderExceptionTest
[INFO] Tests run: 4, Failures: 0, Errors: 0, Skipped: 0, Time elapsed: 0.001 s - in org.apache.commons.codec.EncoderExceptionTest
[INFO] Running org.apache.commons.codec.digest.HmacAlgorithmsTest
[INFO] Tests run: 96, Failures: 0, Errors: 0, Skipped: 0, Time elapsed: 0.821 s - in org.apache.commons.codec.digest.HmacAlgorithmsTest
[INFO] Running org.apache.commons.codec.digest.MurmurHash3Test
[WARNING] Tests run: 27, Failures: 0, Errors: 0, Skipped: 1, Time elapsed: 0.176 s - in org.apache.commons.codec.digest.MurmurHash3Test
[INFO] Running org.apache.commons.codec.digest.B64Test
[INFO] Tests run: 2, Failures: 0, Errors: 0, Skipped: 0, Time elapsed: 0 s - in org.apache.commons.codec.digest.B64Test
[INFO] Running org.apache.commons.codec.digest.UnixCryptTest
[INFO] Tests run: 9, Failures: 0, Errors: 0, Skipped: 0, Time elapsed: 0.009 s - in org.apache.commons.codec.digest.UnixCryptTest
[INFO] Running org.apache.commons.codec.digest.MessageDigestAlgorithmsTest
[WARNING] Tests run: 117, Failures: 0, Errors: 0, Skipped: 36, Time elapsed: 4.495 s - in org.apache.commons.codec.digest.MessageDigestAlgorithmsTest
[INFO] Running org.apache.commons.codec.digest.MurmurHash2Test
[INFO] Tests run: 8, Failures: 0, Errors: 0, Skipped: 0, Time elapsed: 0.001 s - in org.apache.commons.codec.digest.MurmurHash2Test
[INFO] Running org.apache.commons.codec.digest.Sha512CryptTest
[INFO] Tests run: 9, Failures: 0, Errors: 0, Skipped: 0, Time elapsed: 0.172 s - in org.apache.commons.codec.digest.Sha512CryptTest
[INFO] Running org.apache.commons.codec.digest.Md5CryptTest
[INFO] Tests run: 8, Failures: 0, Errors: 0, Skipped: 0, Time elapsed: 0.016 s - in org.apache.commons.codec.digest.Md5CryptTest
[INFO] Running org.apache.commons.codec.digest.Sha2CryptTest
[INFO] Tests run: 1, Failures: 0, Errors: 0, Skipped: 0, Time elapsed: 0.002 s - in org.apache.commons.codec.digest.Sha2CryptTest
[INFO] Running org.apache.commons.codec.digest.DigestUtilsTest
[WARNING] Tests run: 36, Failures: 0, Errors: 0, Skipped: 10, Time elapsed: 0.534 s - in org.apache.commons.codec.digest.DigestUtilsTest
[INFO] Running org.apache.commons.codec.digest.PureJavaCrc32CTest
[INFO] Tests run: 4, Failures: 0, Errors: 0, Skipped: 0, Time elapsed: 0.001 s - in org.apache.commons.codec.digest.PureJavaCrc32CTest
[INFO] Running org.apache.commons.codec.digest.XXHash32Test
[INFO] Tests run: 6, Failures: 0, Errors: 0, Skipped: 0, Time elapsed: 0.001 s - in org.apache.commons.codec.digest.XXHash32Test
[INFO] Running org.apache.commons.codec.digest.CryptTest
[INFO] Tests run: 4, Failures: 0, Errors: 0, Skipped: 0, Time elapsed: 0.02 s - in org.apache.commons.codec.digest.CryptTest
[INFO] Running org.apache.commons.codec.digest.HmacUtilsTest
[INFO] Tests run: 23, Failures: 0, Errors: 0, Skipped: 0, Time elapsed: 0.029 s - in org.apache.commons.codec.digest.HmacUtilsTest
[INFO] Running org.apache.commons.codec.digest.Apr1CryptTest
[INFO] Tests run: 9, Failures: 0, Errors: 0, Skipped: 0, Time elapsed: 0.039 s - in org.apache.commons.codec.digest.Apr1CryptTest
[INFO] Running org.apache.commons.codec.digest.Sha256CryptTest
[INFO] Tests run: 8, Failures: 0, Errors: 0, Skipped: 0, Time elapsed: 0.112 s - in org.apache.commons.codec.digest.Sha256CryptTest
[INFO] Running org.apache.commons.codec.digest.XXHash32OverflowTest
[WARNING] Tests run: 1, Failures: 0, Errors: 0, Skipped: 1, Time elapsed: 0.059 s - in org.apache.commons.codec.digest.XXHash32OverflowTest
[INFO] Running org.apache.commons.codec.digest.PureJavaCrc32Test
[INFO] Tests run: 1, Failures: 0, Errors: 0, Skipped: 0, Time elapsed: 0.125 s - in org.apache.commons.codec.digest.PureJavaCrc32Test
[INFO] Running org.apache.commons.codec.binary.Base32OutputStreamTest
[INFO] Tests run: 7, Failures: 0, Errors: 0, Skipped: 0, Time elapsed: 0.15 s - in org.apache.commons.codec.binary.Base32OutputStreamTest
[INFO] Running org.apache.commons.codec.binary.Base64Test
[WARNING] Tests run: 61, Failures: 0, Errors: 0, Skipped: 1, Time elapsed: 0.059 s - in org.apache.commons.codec.binary.Base64Test
[INFO] Running org.apache.commons.codec.binary.Base64Codec13Test
[INFO] Tests run: 8, Failures: 0, Errors: 0, Skipped: 0, Time elapsed: 0.008 s - in org.apache.commons.codec.binary.Base64Codec13Test
[INFO] Running org.apache.commons.codec.binary.Base16Test
[INFO] Tests run: 30, Failures: 0, Errors: 0, Skipped: 0, Time elapsed: 0.01 s - in org.apache.commons.codec.binary.Base16Test
[INFO] Running org.apache.commons.codec.binary.Base32Test
[INFO] Tests run: 27, Failures: 0, Errors: 0, Skipped: 0, Time elapsed: 0.023 s - in org.apache.commons.codec.binary.Base32Test
[INFO] Running org.apache.commons.codec.binary.AllocateDirectHexTest
[INFO] Tests run: 59, Failures: 0, Errors: 0, Skipped: 0, Time elapsed: 0.22 s - in org.apache.commons.codec.binary.AllocateDirectHexTest
[INFO] Running org.apache.commons.codec.binary.StringUtilsTest
[INFO] Tests run: 22, Failures: 0, Errors: 0, Skipped: 0, Time elapsed: 0.004 s - in org.apache.commons.codec.binary.StringUtilsTest
[INFO] Running org.apache.commons.codec.binary.BaseNCodecTest
[WARNING] Tests run: 11, Failures: 0, Errors: 0, Skipped: 2, Time elapsed: 0.11 s - in org.apache.commons.codec.binary.BaseNCodecTest
[INFO] Running org.apache.commons.codec.binary.BinaryCodecTest
[INFO] Tests run: 13, Failures: 0, Errors: 0, Skipped: 0, Time elapsed: 0.002 s - in org.apache.commons.codec.binary.BinaryCodecTest
[INFO] Running org.apache.commons.codec.binary.HexTest
[INFO] Tests run: 59, Failures: 0, Errors: 0, Skipped: 0, Time elapsed: 0.047 s - in org.apache.commons.codec.binary.HexTest
[INFO] Running org.apache.commons.codec.binary.Base16InputStreamTest
[INFO] Tests run: 13, Failures: 0, Errors: 0, Skipped: 0, Time elapsed: 0.001 s - in org.apache.commons.codec.binary.Base16InputStreamTest
[INFO] Running org.apache.commons.codec.binary.Base64OutputStreamTest
[INFO] Tests run: 8, Failures: 0, Errors: 0, Skipped: 0, Time elapsed: 0.246 s - in org.apache.commons.codec.binary.Base64OutputStreamTest
[INFO] Running org.apache.commons.codec.binary.CharSequenceUtilsTest
[INFO] Tests run: 2, Failures: 0, Errors: 0, Skipped: 0, Time elapsed: 0.002 s - in org.apache.commons.codec.binary.CharSequenceUtilsTest
[INFO] Running org.apache.commons.codec.binary.Base32InputStreamTest
[INFO] Tests run: 17, Failures: 0, Errors: 0, Skipped: 0, Time elapsed: 0.133 s - in org.apache.commons.codec.binary.Base32InputStreamTest
[INFO] Running org.apache.commons.codec.binary.Base16OutputStreamTest
[INFO] Tests run: 5, Failures: 0, Errors: 0, Skipped: 0, Time elapsed: 0.137 s - in org.apache.commons.codec.binary.Base16OutputStreamTest
[INFO] Running org.apache.commons.codec.binary.Base64InputStreamTest
[INFO] Tests run: 20, Failures: 0, Errors: 0, Skipped: 0, Time elapsed: 0.114 s - in org.apache.commons.codec.binary.Base64InputStreamTest
[INFO] Running org.apache.commons.codec.CharsetsTest
[INFO] Tests run: 7, Failures: 0, Errors: 0, Skipped: 0, Time elapsed: 0.005 s - in org.apache.commons.codec.CharsetsTest
[INFO] Running org.apache.commons.codec.net.QCodecTest
[INFO] Tests run: 12, Failures: 0, Errors: 0, Skipped: 0, Time elapsed: 0.018 s - in org.apache.commons.codec.net.QCodecTest
[INFO] Running org.apache.commons.codec.net.QuotedPrintableCodecTest
[INFO] Tests run: 21, Failures: 0, Errors: 0, Skipped: 0, Time elapsed: 0.006 s - in org.apache.commons.codec.net.QuotedPrintableCodecTest
[INFO] Running org.apache.commons.codec.net.URLCodecTest
[INFO] Tests run: 16, Failures: 0, Errors: 0, Skipped: 0, Time elapsed: 0.007 s - in org.apache.commons.codec.net.URLCodecTest
[INFO] Running org.apache.commons.codec.net.RFC1522CodecTest
[INFO] Tests run: 2, Failures: 0, Errors: 0, Skipped: 0, Time elapsed: 0.002 s - in org.apache.commons.codec.net.RFC1522CodecTest
[INFO] Running org.apache.commons.codec.net.UtilsTest
[INFO] Tests run: 1, Failures: 0, Errors: 0, Skipped: 0, Time elapsed: 0 s - in org.apache.commons.codec.net.UtilsTest
[INFO] Running org.apache.commons.codec.net.BCodecTest
[INFO] Tests run: 12, Failures: 0, Errors: 0, Skipped: 0, Time elapsed: 0.002 s - in org.apache.commons.codec.net.BCodecTest
[INFO] Running org.apache.commons.codec.net.PercentCodecTest
[WARNING] Tests run: 12, Failures: 0, Errors: 0, Skipped: 1, Time elapsed: 0.01 s - in org.apache.commons.codec.net.PercentCodecTest
[INFO] Running org.apache.commons.codec.language.Caverphone2Test
[INFO] Tests run: 13, Failures: 0, Errors: 0, Skipped: 0, Time elapsed: 0.083 s - in org.apache.commons.codec.language.Caverphone2Test
[INFO] Running org.apache.commons.codec.language.NysiisTest
[INFO] Tests run: 23, Failures: 0, Errors: 0, Skipped: 0, Time elapsed: 0.002 s - in org.apache.commons.codec.language.NysiisTest
[INFO] Running org.apache.commons.codec.language.Caverphone1Test
[INFO] Tests run: 9, Failures: 0, Errors: 0, Skipped: 0, Time elapsed: 0.001 s - in org.apache.commons.codec.language.Caverphone1Test
[INFO] Running org.apache.commons.codec.language.MatchRatingApproachEncoderTest
[INFO] Tests run: 96, Failures: 0, Errors: 0, Skipped: 0, Time elapsed: 0.013 s - in org.apache.commons.codec.language.MatchRatingApproachEncoderTest
[INFO] Running org.apache.commons.codec.language.RefinedSoundexTest
[INFO] Tests run: 10, Failures: 0, Errors: 0, Skipped: 0, Time elapsed: 0 s - in org.apache.commons.codec.language.RefinedSoundexTest
[INFO] Running org.apache.commons.codec.language.DoubleMetaphoneTest
[INFO] Tests run: 16, Failures: 0, Errors: 0, Skipped: 0, Time elapsed: 0.044 s - in org.apache.commons.codec.language.DoubleMetaphoneTest
[INFO] Running org.apache.commons.codec.language.MetaphoneTest
[INFO] Tests run: 34, Failures: 0, Errors: 0, Skipped: 0, Time elapsed: 0.052 s - in org.apache.commons.codec.language.MetaphoneTest
[INFO] Running org.apache.commons.codec.language.DoubleMetaphone2Test
[INFO] Tests run: 6, Failures: 0, Errors: 0, Skipped: 0, Time elapsed: 0.011 s - in org.apache.commons.codec.language.DoubleMetaphone2Test
[INFO] Running org.apache.commons.codec.language.SoundexTest
[INFO] Tests run: 31, Failures: 0, Errors: 0, Skipped: 0, Time elapsed: 0.004 s - in org.apache.commons.codec.language.SoundexTest
[INFO] Running org.apache.commons.codec.language.DaitchMokotoffSoundexTest
[INFO] Tests run: 13, Failures: 0, Errors: 0, Skipped: 0, Time elapsed: 0.079 s - in org.apache.commons.codec.language.DaitchMokotoffSoundexTest
[INFO] Running org.apache.commons.codec.language.bm.BeiderMorseEncoderTest
[INFO] Tests run: 22, Failures: 0, Errors: 0, Skipped: 0, Time elapsed: 2.338 s - in org.apache.commons.codec.language.bm.BeiderMorseEncoderTest
[INFO] Running org.apache.commons.codec.language.bm.PhoneticEngineTest
[INFO] Tests run: 8, Failures: 0, Errors: 0, Skipped: 0, Time elapsed: 0.015 s - in org.apache.commons.codec.language.bm.PhoneticEngineTest
[INFO] Running org.apache.commons.codec.language.bm.LanguageGuessingTest
[INFO] Tests run: 18, Failures: 0, Errors: 0, Skipped: 0, Time elapsed: 0.035 s - in org.apache.commons.codec.language.bm.LanguageGuessingTest
[INFO] Running org.apache.commons.codec.language.bm.RuleTest
[INFO] Tests run: 3, Failures: 0, Errors: 0, Skipped: 0, Time elapsed: 0 s - in org.apache.commons.codec.language.bm.RuleTest
[INFO] Running org.apache.commons.codec.language.bm.PhoneticEngineRegressionTest
[INFO] Tests run: 4, Failures: 0, Errors: 0, Skipped: 0, Time elapsed: 0.023 s - in org.apache.commons.codec.language.bm.PhoneticEngineRegressionTest
[INFO] Running org.apache.commons.codec.language.ColognePhoneticTest
[INFO] Tests run: 15, Failures: 0, Errors: 0, Skipped: 0, Time elapsed: 0.02 s - in org.apache.commons.codec.language.ColognePhoneticTest
[INFO] Running org.apache.commons.codec.CharEncodingTest
[INFO] Tests run: 7, Failures: 0, Errors: 0, Skipped: 0, Time elapsed: 0.006 s - in org.apache.commons.codec.CharEncodingTest
[INFO] Running org.apache.commons.codec.DecoderExceptionTest
[INFO] Tests run: 4, Failures: 0, Errors: 0, Skipped: 0, Time elapsed: 0 s - in org.apache.commons.codec.DecoderExceptionTest
[INFO] 
[INFO] Results:
[INFO] 
[WARNING] Tests run: 1153, Failures: 0, Errors: 0, Skipped: 52
[INFO] 
[INFO] 
[INFO] <<< emop:1.0-SNAPSHOT:mrps (default-cli) < [methods]test @ commons-codec <<<
[INFO] 
[INFO] 
[INFO] --- emop:1.0-SNAPSHOT:mrps (default-cli) @ commons-codec ---
[INFO] [eMOP] Invoking the RPS Methods Mojo...
[INFO] ------------------------------------------------------------------------
[INFO] BUILD SUCCESS
[INFO] ------------------------------------------------------------------------
[INFO] Total time:  31.073 s
[INFO] Finished at: 2023-10-02T18:28:56Z
[INFO] ------------------------------------------------------------------------
