[INFO] Scanning for projects...
[INFO] 
[INFO] ---------------------------< org.la4j:la4j >----------------------------
[INFO] Building la4j 0.6.0
[INFO]   from pom.xml
[INFO] --------------------------------[ jar ]---------------------------------
[INFO] 
[INFO] >>> emop:1.0-SNAPSHOT:hrps (default-cli) > [hybrid]test @ la4j >>>
[INFO] 
[INFO] --- enforcer:1.0:enforce (enforce-maven) @ la4j ---
[INFO] 
[INFO] --- resources:3.3.1:resources (default-resources) @ la4j ---
[INFO] skip non existing resourceDirectory /home/mopuser/earv-research/scripts-emop/repos/la4j/src/main/resources
[INFO] 
[INFO] --- compiler:2.5.1:compile (default-compile) @ la4j ---
[INFO] Compiling 86 source files to /home/mopuser/earv-research/scripts-emop/repos/la4j/target/classes
[INFO] 
[INFO] --- resources:3.3.1:testResources (default-testResources) @ la4j ---
[INFO] skip non existing resourceDirectory /home/mopuser/earv-research/scripts-emop/repos/la4j/src/test/resources
[INFO] 
[INFO] --- compiler:2.5.1:testCompile (default-testCompile) @ la4j ---
[INFO] Compiling 31 source files to /home/mopuser/earv-research/scripts-emop/repos/la4j/target/test-classes
[WARNING] bootstrap class path not set in conjunction with -source 1.7
/home/mopuser/earv-research/scripts-emop/repos/la4j/src/test/java/org/la4j/vector/VectorTest.java:[42,14] [deprecation] StringBufferInputStream in java.io has been deprecated
[INFO] 
[INFO] >>> emop:1.0-SNAPSHOT:monitor-hybrid (default-cli) > test-compile @ la4j >>>
[INFO] 
[INFO] --- enforcer:1.0:enforce (enforce-maven) @ la4j ---
[INFO] 
[INFO] --- resources:3.3.1:resources (default-resources) @ la4j ---
[INFO] skip non existing resourceDirectory /home/mopuser/earv-research/scripts-emop/repos/la4j/src/main/resources
[INFO] 
[INFO] --- compiler:2.5.1:compile (default-compile) @ la4j ---
[INFO] Nothing to compile - all classes are up to date
[INFO] 
[INFO] --- resources:3.3.1:testResources (default-testResources) @ la4j ---
[INFO] skip non existing resourceDirectory /home/mopuser/earv-research/scripts-emop/repos/la4j/src/test/resources
[INFO] 
[INFO] --- compiler:2.5.1:testCompile (default-testCompile) @ la4j ---
[INFO] Nothing to compile - all classes are up to date
[INFO] 
[INFO] <<< emop:1.0-SNAPSHOT:monitor-hybrid (default-cli) < test-compile @ la4j <<<
[INFO] 
[INFO] 
[INFO] --- emop:1.0-SNAPSHOT:monitor-hybrid (default-cli) @ la4j ---
[INFO] [eMOP] Invoking the ImpactedMethods Mojo...
INFO: ChangedMethods: 7
INFO: NewMethods: 29
INFO: ImpactedMethods: 351
INFO: NewClasses: 0
INFO: OldClasses: 240
INFO: DeletedClasses: 0
INFO: ChangedClassesWithChangedHeaders: 0
INFO: ChangedClassesWithoutChangedHeaders: 17
INFO: AffectedTestClasses: 29
INFO: ImpactedClasses: 0
[INFO] [eMOP Timer] Execute ImpactedMethods Mojo takes 772 ms
[INFO] [eMOP] Invoking the AffectedSpecsHybrid Mojo...
[INFO] [eMOP Timer] Compile-time weaving takes 5764 ms
[WARNING] Spec at line 344 in /home/mopuser/earv-research/scripts-emop/repos/la4j/src/main/java/org/la4j/LinearAlgebra$DecompositorFactory$3.java is not within a method
[WARNING] Spec at line 249 in /home/mopuser/earv-research/scripts-emop/repos/la4j/src/main/java/org/la4j/LinearAlgebra$SolverFactory$1.java is not within a method
[WARNING] Spec at line 338 in /home/mopuser/earv-research/scripts-emop/repos/la4j/src/main/java/org/la4j/LinearAlgebra$DecompositorFactory$2.java is not within a method
[WARNING] Spec at line 350 in /home/mopuser/earv-research/scripts-emop/repos/la4j/src/main/java/org/la4j/LinearAlgebra$DecompositorFactory$4.java is not within a method
[WARNING] Spec at line 255 in /home/mopuser/earv-research/scripts-emop/repos/la4j/src/main/java/org/la4j/LinearAlgebra$SolverFactory$2.java is not within a method
[WARNING] Spec at line 308 in /home/mopuser/earv-research/scripts-emop/repos/la4j/src/main/java/org/la4j/LinearAlgebra$InverterFactory.java is not within a method
[WARNING] Spec at line 1 in /home/mopuser/earv-research/scripts-emop/repos/la4j/src/main/java/org/la4j/LinearAlgebra$InverterFactory.java is not within a method
[WARNING] Spec at line 1 in /home/mopuser/earv-research/scripts-emop/repos/la4j/src/main/java/org/la4j/LinearAlgebra$InverterFactory.java is not within a method
[WARNING] Spec at line 332 in /home/mopuser/earv-research/scripts-emop/repos/la4j/src/main/java/org/la4j/LinearAlgebra$DecompositorFactory$1.java is not within a method
[WARNING] Spec at line 309 in /home/mopuser/earv-research/scripts-emop/repos/la4j/src/main/java/org/la4j/LinearAlgebra$InverterFactory$1.java is not within a method
[WARNING] Spec at line 279 in /home/mopuser/earv-research/scripts-emop/repos/la4j/src/main/java/org/la4j/LinearAlgebra$SolverFactory$6.java is not within a method
[WARNING] Spec at line 273 in /home/mopuser/earv-research/scripts-emop/repos/la4j/src/main/java/org/la4j/LinearAlgebra$SolverFactory$5.java is not within a method
[WARNING] Spec at line 248 in /home/mopuser/earv-research/scripts-emop/repos/la4j/src/main/java/org/la4j/LinearAlgebra$SolverFactory.java is not within a method
[WARNING] Spec at line 1 in /home/mopuser/earv-research/scripts-emop/repos/la4j/src/main/java/org/la4j/LinearAlgebra$SolverFactory.java is not within a method
[WARNING] Spec at line 1 in /home/mopuser/earv-research/scripts-emop/repos/la4j/src/main/java/org/la4j/LinearAlgebra$SolverFactory.java is not within a method
[WARNING] Spec at line 321 in /home/mopuser/earv-research/scripts-emop/repos/la4j/src/main/java/org/la4j/LinearAlgebra$InverterFactory$3.java is not within a method
[WARNING] Spec at line 356 in /home/mopuser/earv-research/scripts-emop/repos/la4j/src/main/java/org/la4j/LinearAlgebra$DecompositorFactory$5.java is not within a method
[WARNING] Spec at line 267 in /home/mopuser/earv-research/scripts-emop/repos/la4j/src/main/java/org/la4j/LinearAlgebra$SolverFactory$4.java is not within a method
[WARNING] Spec at line 261 in /home/mopuser/earv-research/scripts-emop/repos/la4j/src/main/java/org/la4j/LinearAlgebra$SolverFactory$3.java is not within a method
[WARNING] Spec at line 362 in /home/mopuser/earv-research/scripts-emop/repos/la4j/src/main/java/org/la4j/LinearAlgebra$DecompositorFactory$6.java is not within a method
[WARNING] Spec at line 285 in /home/mopuser/earv-research/scripts-emop/repos/la4j/src/main/java/org/la4j/LinearAlgebra$SolverFactory$7.java is not within a method
[WARNING] Spec at line 301 in /home/mopuser/earv-research/scripts-emop/repos/la4j/src/main/java/org/la4j/LinearAlgebra$SolverFactory$8.java is not within a method
[WARNING] Spec at line 291 in /home/mopuser/earv-research/scripts-emop/repos/la4j/src/main/java/org/la4j/LinearAlgebra$SolverFactory$8.java is not within a method
[WARNING] Spec at line 368 in /home/mopuser/earv-research/scripts-emop/repos/la4j/src/main/java/org/la4j/LinearAlgebra$DecompositorFactory$7.java is not within a method
[WARNING] Spec at line 315 in /home/mopuser/earv-research/scripts-emop/repos/la4j/src/main/java/org/la4j/LinearAlgebra$InverterFactory$2.java is not within a method
[WARNING] Spec at line 331 in /home/mopuser/earv-research/scripts-emop/repos/la4j/src/main/java/org/la4j/LinearAlgebra$DecompositorFactory.java is not within a method
[WARNING] Spec at line 1 in /home/mopuser/earv-research/scripts-emop/repos/la4j/src/main/java/org/la4j/LinearAlgebra$DecompositorFactory.java is not within a method
[WARNING] Spec at line 1 in /home/mopuser/earv-research/scripts-emop/repos/la4j/src/main/java/org/la4j/LinearAlgebra$DecompositorFactory.java is not within a method
[INFO] [eMOP] Number of Impacted methods: 351
[INFO] [eMOP] Number of Impacted classes: 0
[INFO] [eMOP Timer] Compute affected specs takes 2202 ms
[INFO] [eMOP Timer] Write affected specs to disk takes 30 ms
[INFO] [eMOP] Number of messages to process: 3099
[INFO] [eMOP] Invoking the Hybrid Monitor Mojo...
[INFO] AffectedSpecs: 27
[INFO] [eMOP Timer] Generating aop-ajc.xml and replace it takes 111 ms
[INFO] 
[INFO] --- surefire:2.20:test (default-test) @ la4j ---
[INFO] 
[INFO] -------------------------------------------------------
[INFO]  T E S T S
[INFO] -------------------------------------------------------
[INFO] Running org.la4j.inversion.NoPivotGaussInverterTest
[INFO] Tests run: 6, Failures: 0, Errors: 0, Skipped: 0, Time elapsed: 6.672 s - in org.la4j.inversion.NoPivotGaussInverterTest
[INFO] Running org.la4j.inversion.GaussJordanInverterTest
[INFO] Tests run: 6, Failures: 0, Errors: 0, Skipped: 0, Time elapsed: 7.617 s - in org.la4j.inversion.GaussJordanInverterTest
[INFO] Running org.la4j.vector.dense.BasicVectorTest
[INFO] Tests run: 71, Failures: 0, Errors: 0, Skipped: 0, Time elapsed: 0.24 s - in org.la4j.vector.dense.BasicVectorTest
[INFO] Running org.la4j.vector.sparse.CompressedVectorTest
[INFO] Tests run: 84, Failures: 0, Errors: 0, Skipped: 0, Time elapsed: 0.09 s - in org.la4j.vector.sparse.CompressedVectorTest
[INFO] Running org.la4j.decomposition.SingularValueDecompositorTest
[INFO] Tests run: 6, Failures: 0, Errors: 0, Skipped: 0, Time elapsed: 0.104 s - in org.la4j.decomposition.SingularValueDecompositorTest
[INFO] Running org.la4j.decomposition.LUDecompositorTest
[INFO] Tests run: 7, Failures: 0, Errors: 0, Skipped: 0, Time elapsed: 0.013 s - in org.la4j.decomposition.LUDecompositorTest
[INFO] Running org.la4j.decomposition.CholeskyDecompositorTest
[INFO] Tests run: 5, Failures: 0, Errors: 0, Skipped: 0, Time elapsed: 0.038 s - in org.la4j.decomposition.CholeskyDecompositorTest
[INFO] Running org.la4j.decomposition.EigenDecompositorTest
[INFO] Tests run: 15, Failures: 0, Errors: 0, Skipped: 0, Time elapsed: 6.149 s - in org.la4j.decomposition.EigenDecompositorTest
[INFO] Running org.la4j.decomposition.QRDecompositorTest
[INFO] Tests run: 8, Failures: 0, Errors: 0, Skipped: 0, Time elapsed: 0.016 s - in org.la4j.decomposition.QRDecompositorTest
[INFO] Running org.la4j.linear.ForwardBackSubstitutionSolverTest
[INFO] Tests run: 7, Failures: 0, Errors: 0, Skipped: 0, Time elapsed: 0.055 s - in org.la4j.linear.ForwardBackSubstitutionSolverTest
[INFO] Running org.la4j.linear.SeidelSolverTest
[INFO] Tests run: 6, Failures: 0, Errors: 0, Skipped: 0, Time elapsed: 0.085 s - in org.la4j.linear.SeidelSolverTest
[INFO] Running org.la4j.linear.SweepSolverTest
[INFO] Tests run: 4, Failures: 0, Errors: 0, Skipped: 0, Time elapsed: 0.022 s - in org.la4j.linear.SweepSolverTest
[INFO] Running org.la4j.linear.SquareRootSolverTest
[INFO] Tests run: 6, Failures: 0, Errors: 0, Skipped: 0, Time elapsed: 0.057 s - in org.la4j.linear.SquareRootSolverTest
[INFO] Running org.la4j.linear.JacobiSolverTest
[INFO] Tests run: 6, Failures: 0, Errors: 0, Skipped: 0, Time elapsed: 0.097 s - in org.la4j.linear.JacobiSolverTest
[INFO] Running org.la4j.linear.GaussianSolverTest
[INFO] Tests run: 5, Failures: 0, Errors: 0, Skipped: 0, Time elapsed: 0.004 s - in org.la4j.linear.GaussianSolverTest
[INFO] Running org.la4j.linear.LeastSquaresSolverTest
[INFO] Tests run: 11, Failures: 0, Errors: 0, Skipped: 0, Time elapsed: 0.046 s - in org.la4j.linear.LeastSquaresSolverTest
[INFO] Running org.la4j.matrix.dense.Basic1DMatrixTest
Specification StringTokenizer_HasMoreElements has been violated on line org.la4j.Matrix.fromMatrixMarket(Matrix.java:237). Documentation for this property can be found at http://runtimeverification.com/monitor/annotated-java/__properties/html/mop/StringTokenizer_HasMoreElements.html
StringTokenizer.hasMoreTokens()/hasMoreElements() did not return false before calling nextToken()/nextElement().
Specification StringTokenizer_HasMoreElements has been violated on line org.la4j.Matrix.fromMatrixMarket(Matrix.java:271). Documentation for this property can be found at http://runtimeverification.com/monitor/annotated-java/__properties/html/mop/StringTokenizer_HasMoreElements.html
StringTokenizer.hasMoreTokens()/hasMoreElements() did not return false before calling nextToken()/nextElement().
Specification StringTokenizer_HasMoreElements has been violated on line org.la4j.Matrix.fromMatrixMarket(Matrix.java:282). Documentation for this property can be found at http://runtimeverification.com/monitor/annotated-java/__properties/html/mop/StringTokenizer_HasMoreElements.html
StringTokenizer.hasMoreTokens()/hasMoreElements() did not return false before calling nextToken()/nextElement().
Specification StringTokenizer_HasMoreElements has been violated on line org.la4j.Matrix.fromMatrixMarket(Matrix.java:282). Documentation for this property can be found at http://runtimeverification.com/monitor/annotated-java/__properties/html/mop/StringTokenizer_HasMoreElements.html
StringTokenizer.hasMoreTokens()/hasMoreElements() did not return false before calling nextToken()/nextElement().
Specification StringTokenizer_HasMoreElements has been violated on line org.la4j.Matrix.fromMatrixMarket(Matrix.java:282). Documentation for this property can be found at http://runtimeverification.com/monitor/annotated-java/__properties/html/mop/StringTokenizer_HasMoreElements.html
StringTokenizer.hasMoreTokens()/hasMoreElements() did not return false before calling nextToken()/nextElement().
Specification StringTokenizer_HasMoreElements has been violated on line org.la4j.Matrix.fromMatrixMarket(Matrix.java:282). Documentation for this property can be found at http://runtimeverification.com/monitor/annotated-java/__properties/html/mop/StringTokenizer_HasMoreElements.html
StringTokenizer.hasMoreTokens()/hasMoreElements() did not return false before calling nextToken()/nextElement().
Specification StringTokenizer_HasMoreElements has been violated on line org.la4j.Matrix.fromMatrixMarket(Matrix.java:282). Documentation for this property can be found at http://runtimeverification.com/monitor/annotated-java/__properties/html/mop/StringTokenizer_HasMoreElements.html
StringTokenizer.hasMoreTokens()/hasMoreElements() did not return false before calling nextToken()/nextElement().
Specification StringTokenizer_HasMoreElements has been violated on line org.la4j.Matrix.fromMatrixMarket(Matrix.java:282). Documentation for this property can be found at http://runtimeverification.com/monitor/annotated-java/__properties/html/mop/StringTokenizer_HasMoreElements.html
StringTokenizer.hasMoreTokens()/hasMoreElements() did not return false before calling nextToken()/nextElement().
Specification StringTokenizer_HasMoreElements has been violated on line org.la4j.Matrix.fromMatrixMarket(Matrix.java:282). Documentation for this property can be found at http://runtimeverification.com/monitor/annotated-java/__properties/html/mop/StringTokenizer_HasMoreElements.html
StringTokenizer.hasMoreTokens()/hasMoreElements() did not return false before calling nextToken()/nextElement().
Specification StringTokenizer_HasMoreElements has been violated on line org.la4j.Matrix.fromMatrixMarket(Matrix.java:282). Documentation for this property can be found at http://runtimeverification.com/monitor/annotated-java/__properties/html/mop/StringTokenizer_HasMoreElements.html
StringTokenizer.hasMoreTokens()/hasMoreElements() did not return false before calling nextToken()/nextElement().
Specification StringTokenizer_HasMoreElements has been violated on line org.la4j.Matrix.fromMatrixMarket(Matrix.java:237). Documentation for this property can be found at http://runtimeverification.com/monitor/annotated-java/__properties/html/mop/StringTokenizer_HasMoreElements.html
StringTokenizer.hasMoreTokens()/hasMoreElements() did not return false before calling nextToken()/nextElement().
Specification StringTokenizer_HasMoreElements has been violated on line org.la4j.Matrix.fromMatrixMarket(Matrix.java:271). Documentation for this property can be found at http://runtimeverification.com/monitor/annotated-java/__properties/html/mop/StringTokenizer_HasMoreElements.html
StringTokenizer.hasMoreTokens()/hasMoreElements() did not return false before calling nextToken()/nextElement().
Specification StringTokenizer_HasMoreElements has been violated on line org.la4j.Matrix.fromMatrixMarket(Matrix.java:282). Documentation for this property can be found at http://runtimeverification.com/monitor/annotated-java/__properties/html/mop/StringTokenizer_HasMoreElements.html
StringTokenizer.hasMoreTokens()/hasMoreElements() did not return false before calling nextToken()/nextElement().
Specification StringTokenizer_HasMoreElements has been violated on line org.la4j.Matrix.fromMatrixMarket(Matrix.java:282). Documentation for this property can be found at http://runtimeverification.com/monitor/annotated-java/__properties/html/mop/StringTokenizer_HasMoreElements.html
StringTokenizer.hasMoreTokens()/hasMoreElements() did not return false before calling nextToken()/nextElement().
Specification StringTokenizer_HasMoreElements has been violated on line org.la4j.Matrix.fromMatrixMarket(Matrix.java:282). Documentation for this property can be found at http://runtimeverification.com/monitor/annotated-java/__properties/html/mop/StringTokenizer_HasMoreElements.html
StringTokenizer.hasMoreTokens()/hasMoreElements() did not return false before calling nextToken()/nextElement().
Specification StringTokenizer_HasMoreElements has been violated on line org.la4j.Matrix.fromMatrixMarket(Matrix.java:282). Documentation for this property can be found at http://runtimeverification.com/monitor/annotated-java/__properties/html/mop/StringTokenizer_HasMoreElements.html
StringTokenizer.hasMoreTokens()/hasMoreElements() did not return false before calling nextToken()/nextElement().
Specification StringTokenizer_HasMoreElements has been violated on line org.la4j.Matrix.fromMatrixMarket(Matrix.java:282). Documentation for this property can be found at http://runtimeverification.com/monitor/annotated-java/__properties/html/mop/StringTokenizer_HasMoreElements.html
StringTokenizer.hasMoreTokens()/hasMoreElements() did not return false before calling nextToken()/nextElement().
Specification StringTokenizer_HasMoreElements has been violated on line org.la4j.Matrix.fromMatrixMarket(Matrix.java:282). Documentation for this property can be found at http://runtimeverification.com/monitor/annotated-java/__properties/html/mop/StringTokenizer_HasMoreElements.html
StringTokenizer.hasMoreTokens()/hasMoreElements() did not return false before calling nextToken()/nextElement().
Specification StringTokenizer_HasMoreElements has been violated on line org.la4j.Matrix.fromMatrixMarket(Matrix.java:282). Documentation for this property can be found at http://runtimeverification.com/monitor/annotated-java/__properties/html/mop/StringTokenizer_HasMoreElements.html
StringTokenizer.hasMoreTokens()/hasMoreElements() did not return false before calling nextToken()/nextElement().
Specification StringTokenizer_HasMoreElements has been violated on line org.la4j.Matrix.fromMatrixMarket(Matrix.java:282). Documentation for this property can be found at http://runtimeverification.com/monitor/annotated-java/__properties/html/mop/StringTokenizer_HasMoreElements.html
StringTokenizer.hasMoreTokens()/hasMoreElements() did not return false before calling nextToken()/nextElement().
Specification StringTokenizer_HasMoreElements has been violated on line org.la4j.Matrix.fromMatrixMarket(Matrix.java:282). Documentation for this property can be found at http://runtimeverification.com/monitor/annotated-java/__properties/html/mop/StringTokenizer_HasMoreElements.html
StringTokenizer.hasMoreTokens()/hasMoreElements() did not return false before calling nextToken()/nextElement().
Specification StringTokenizer_HasMoreElements has been violated on line org.la4j.Matrix.fromMatrixMarket(Matrix.java:282). Documentation for this property can be found at http://runtimeverification.com/monitor/annotated-java/__properties/html/mop/StringTokenizer_HasMoreElements.html
StringTokenizer.hasMoreTokens()/hasMoreElements() did not return false before calling nextToken()/nextElement().
Specification StringTokenizer_HasMoreElements has been violated on line org.la4j.Matrix.fromMatrixMarket(Matrix.java:282). Documentation for this property can be found at http://runtimeverification.com/monitor/annotated-java/__properties/html/mop/StringTokenizer_HasMoreElements.html
StringTokenizer.hasMoreTokens()/hasMoreElements() did not return false before calling nextToken()/nextElement().
Specification StringTokenizer_HasMoreElements has been violated on line org.la4j.Matrix.fromMatrixMarket(Matrix.java:282). Documentation for this property can be found at http://runtimeverification.com/monitor/annotated-java/__properties/html/mop/StringTokenizer_HasMoreElements.html
StringTokenizer.hasMoreTokens()/hasMoreElements() did not return false before calling nextToken()/nextElement().
Specification StringTokenizer_HasMoreElements has been violated on line org.la4j.Matrix.fromMatrixMarket(Matrix.java:282). Documentation for this property can be found at http://runtimeverification.com/monitor/annotated-java/__properties/html/mop/StringTokenizer_HasMoreElements.html
StringTokenizer.hasMoreTokens()/hasMoreElements() did not return false before calling nextToken()/nextElement().
Specification StringTokenizer_HasMoreElements has been violated on line org.la4j.Matrix.fromMatrixMarket(Matrix.java:282). Documentation for this property can be found at http://runtimeverification.com/monitor/annotated-java/__properties/html/mop/StringTokenizer_HasMoreElements.html
StringTokenizer.hasMoreTokens()/hasMoreElements() did not return false before calling nextToken()/nextElement().
Specification StringTokenizer_HasMoreElements has been violated on line org.la4j.Matrix.fromMatrixMarket(Matrix.java:282). Documentation for this property can be found at http://runtimeverification.com/monitor/annotated-java/__properties/html/mop/StringTokenizer_HasMoreElements.html
StringTokenizer.hasMoreTokens()/hasMoreElements() did not return false before calling nextToken()/nextElement().
[INFO] Tests run: 139, Failures: 0, Errors: 0, Skipped: 0, Time elapsed: 0.258 s - in org.la4j.matrix.dense.Basic1DMatrixTest
[INFO] Running org.la4j.matrix.dense.Basic2DMatrixTest
Specification StringTokenizer_HasMoreElements has been violated on line org.la4j.Matrix.fromMatrixMarket(Matrix.java:237). Documentation for this property can be found at http://runtimeverification.com/monitor/annotated-java/__properties/html/mop/StringTokenizer_HasMoreElements.html
StringTokenizer.hasMoreTokens()/hasMoreElements() did not return false before calling nextToken()/nextElement().
Specification StringTokenizer_HasMoreElements has been violated on line org.la4j.Matrix.fromMatrixMarket(Matrix.java:271). Documentation for this property can be found at http://runtimeverification.com/monitor/annotated-java/__properties/html/mop/StringTokenizer_HasMoreElements.html
StringTokenizer.hasMoreTokens()/hasMoreElements() did not return false before calling nextToken()/nextElement().
Specification StringTokenizer_HasMoreElements has been violated on line org.la4j.Matrix.fromMatrixMarket(Matrix.java:282). Documentation for this property can be found at http://runtimeverification.com/monitor/annotated-java/__properties/html/mop/StringTokenizer_HasMoreElements.html
StringTokenizer.hasMoreTokens()/hasMoreElements() did not return false before calling nextToken()/nextElement().
Specification StringTokenizer_HasMoreElements has been violated on line org.la4j.Matrix.fromMatrixMarket(Matrix.java:282). Documentation for this property can be found at http://runtimeverification.com/monitor/annotated-java/__properties/html/mop/StringTokenizer_HasMoreElements.html
StringTokenizer.hasMoreTokens()/hasMoreElements() did not return false before calling nextToken()/nextElement().
Specification StringTokenizer_HasMoreElements has been violated on line org.la4j.Matrix.fromMatrixMarket(Matrix.java:282). Documentation for this property can be found at http://runtimeverification.com/monitor/annotated-java/__properties/html/mop/StringTokenizer_HasMoreElements.html
StringTokenizer.hasMoreTokens()/hasMoreElements() did not return false before calling nextToken()/nextElement().
Specification StringTokenizer_HasMoreElements has been violated on line org.la4j.Matrix.fromMatrixMarket(Matrix.java:282). Documentation for this property can be found at http://runtimeverification.com/monitor/annotated-java/__properties/html/mop/StringTokenizer_HasMoreElements.html
StringTokenizer.hasMoreTokens()/hasMoreElements() did not return false before calling nextToken()/nextElement().
Specification StringTokenizer_HasMoreElements has been violated on line org.la4j.Matrix.fromMatrixMarket(Matrix.java:282). Documentation for this property can be found at http://runtimeverification.com/monitor/annotated-java/__properties/html/mop/StringTokenizer_HasMoreElements.html
StringTokenizer.hasMoreTokens()/hasMoreElements() did not return false before calling nextToken()/nextElement().
Specification StringTokenizer_HasMoreElements has been violated on line org.la4j.Matrix.fromMatrixMarket(Matrix.java:282). Documentation for this property can be found at http://runtimeverification.com/monitor/annotated-java/__properties/html/mop/StringTokenizer_HasMoreElements.html
StringTokenizer.hasMoreTokens()/hasMoreElements() did not return false before calling nextToken()/nextElement().
Specification StringTokenizer_HasMoreElements has been violated on line org.la4j.Matrix.fromMatrixMarket(Matrix.java:282). Documentation for this property can be found at http://runtimeverification.com/monitor/annotated-java/__properties/html/mop/StringTokenizer_HasMoreElements.html
StringTokenizer.hasMoreTokens()/hasMoreElements() did not return false before calling nextToken()/nextElement().
Specification StringTokenizer_HasMoreElements has been violated on line org.la4j.Matrix.fromMatrixMarket(Matrix.java:282). Documentation for this property can be found at http://runtimeverification.com/monitor/annotated-java/__properties/html/mop/StringTokenizer_HasMoreElements.html
StringTokenizer.hasMoreTokens()/hasMoreElements() did not return false before calling nextToken()/nextElement().
Specification StringTokenizer_HasMoreElements has been violated on line org.la4j.Matrix.fromMatrixMarket(Matrix.java:237). Documentation for this property can be found at http://runtimeverification.com/monitor/annotated-java/__properties/html/mop/StringTokenizer_HasMoreElements.html
StringTokenizer.hasMoreTokens()/hasMoreElements() did not return false before calling nextToken()/nextElement().
Specification StringTokenizer_HasMoreElements has been violated on line org.la4j.Matrix.fromMatrixMarket(Matrix.java:271). Documentation for this property can be found at http://runtimeverification.com/monitor/annotated-java/__properties/html/mop/StringTokenizer_HasMoreElements.html
StringTokenizer.hasMoreTokens()/hasMoreElements() did not return false before calling nextToken()/nextElement().
Specification StringTokenizer_HasMoreElements has been violated on line org.la4j.Matrix.fromMatrixMarket(Matrix.java:282). Documentation for this property can be found at http://runtimeverification.com/monitor/annotated-java/__properties/html/mop/StringTokenizer_HasMoreElements.html
StringTokenizer.hasMoreTokens()/hasMoreElements() did not return false before calling nextToken()/nextElement().
Specification StringTokenizer_HasMoreElements has been violated on line org.la4j.Matrix.fromMatrixMarket(Matrix.java:282). Documentation for this property can be found at http://runtimeverification.com/monitor/annotated-java/__properties/html/mop/StringTokenizer_HasMoreElements.html
StringTokenizer.hasMoreTokens()/hasMoreElements() did not return false before calling nextToken()/nextElement().
Specification StringTokenizer_HasMoreElements has been violated on line org.la4j.Matrix.fromMatrixMarket(Matrix.java:282). Documentation for this property can be found at http://runtimeverification.com/monitor/annotated-java/__properties/html/mop/StringTokenizer_HasMoreElements.html
StringTokenizer.hasMoreTokens()/hasMoreElements() did not return false before calling nextToken()/nextElement().
Specification StringTokenizer_HasMoreElements has been violated on line org.la4j.Matrix.fromMatrixMarket(Matrix.java:282). Documentation for this property can be found at http://runtimeverification.com/monitor/annotated-java/__properties/html/mop/StringTokenizer_HasMoreElements.html
StringTokenizer.hasMoreTokens()/hasMoreElements() did not return false before calling nextToken()/nextElement().
Specification StringTokenizer_HasMoreElements has been violated on line org.la4j.Matrix.fromMatrixMarket(Matrix.java:282). Documentation for this property can be found at http://runtimeverification.com/monitor/annotated-java/__properties/html/mop/StringTokenizer_HasMoreElements.html
StringTokenizer.hasMoreTokens()/hasMoreElements() did not return false before calling nextToken()/nextElement().
Specification StringTokenizer_HasMoreElements has been violated on line org.la4j.Matrix.fromMatrixMarket(Matrix.java:282). Documentation for this property can be found at http://runtimeverification.com/monitor/annotated-java/__properties/html/mop/StringTokenizer_HasMoreElements.html
StringTokenizer.hasMoreTokens()/hasMoreElements() did not return false before calling nextToken()/nextElement().
Specification StringTokenizer_HasMoreElements has been violated on line org.la4j.Matrix.fromMatrixMarket(Matrix.java:282). Documentation for this property can be found at http://runtimeverification.com/monitor/annotated-java/__properties/html/mop/StringTokenizer_HasMoreElements.html
StringTokenizer.hasMoreTokens()/hasMoreElements() did not return false before calling nextToken()/nextElement().
Specification StringTokenizer_HasMoreElements has been violated on line org.la4j.Matrix.fromMatrixMarket(Matrix.java:282). Documentation for this property can be found at http://runtimeverification.com/monitor/annotated-java/__properties/html/mop/StringTokenizer_HasMoreElements.html
StringTokenizer.hasMoreTokens()/hasMoreElements() did not return false before calling nextToken()/nextElement().
Specification StringTokenizer_HasMoreElements has been violated on line org.la4j.Matrix.fromMatrixMarket(Matrix.java:282). Documentation for this property can be found at http://runtimeverification.com/monitor/annotated-java/__properties/html/mop/StringTokenizer_HasMoreElements.html
StringTokenizer.hasMoreTokens()/hasMoreElements() did not return false before calling nextToken()/nextElement().
Specification StringTokenizer_HasMoreElements has been violated on line org.la4j.Matrix.fromMatrixMarket(Matrix.java:282). Documentation for this property can be found at http://runtimeverification.com/monitor/annotated-java/__properties/html/mop/StringTokenizer_HasMoreElements.html
StringTokenizer.hasMoreTokens()/hasMoreElements() did not return false before calling nextToken()/nextElement().
Specification StringTokenizer_HasMoreElements has been violated on line org.la4j.Matrix.fromMatrixMarket(Matrix.java:282). Documentation for this property can be found at http://runtimeverification.com/monitor/annotated-java/__properties/html/mop/StringTokenizer_HasMoreElements.html
StringTokenizer.hasMoreTokens()/hasMoreElements() did not return false before calling nextToken()/nextElement().
Specification StringTokenizer_HasMoreElements has been violated on line org.la4j.Matrix.fromMatrixMarket(Matrix.java:282). Documentation for this property can be found at http://runtimeverification.com/monitor/annotated-java/__properties/html/mop/StringTokenizer_HasMoreElements.html
StringTokenizer.hasMoreTokens()/hasMoreElements() did not return false before calling nextToken()/nextElement().
Specification StringTokenizer_HasMoreElements has been violated on line org.la4j.Matrix.fromMatrixMarket(Matrix.java:282). Documentation for this property can be found at http://runtimeverification.com/monitor/annotated-java/__properties/html/mop/StringTokenizer_HasMoreElements.html
StringTokenizer.hasMoreTokens()/hasMoreElements() did not return false before calling nextToken()/nextElement().
Specification StringTokenizer_HasMoreElements has been violated on line org.la4j.Matrix.fromMatrixMarket(Matrix.java:282). Documentation for this property can be found at http://runtimeverification.com/monitor/annotated-java/__properties/html/mop/StringTokenizer_HasMoreElements.html
StringTokenizer.hasMoreTokens()/hasMoreElements() did not return false before calling nextToken()/nextElement().
Specification StringTokenizer_HasMoreElements has been violated on line org.la4j.Matrix.fromMatrixMarket(Matrix.java:282). Documentation for this property can be found at http://runtimeverification.com/monitor/annotated-java/__properties/html/mop/StringTokenizer_HasMoreElements.html
StringTokenizer.hasMoreTokens()/hasMoreElements() did not return false before calling nextToken()/nextElement().
[INFO] Tests run: 139, Failures: 0, Errors: 0, Skipped: 0, Time elapsed: 0.085 s - in org.la4j.matrix.dense.Basic2DMatrixTest
[INFO] Running org.la4j.matrix.sparse.CCSMatrixTest
Specification StringTokenizer_HasMoreElements has been violated on line org.la4j.Matrix.fromMatrixMarket(Matrix.java:237). Documentation for this property can be found at http://runtimeverification.com/monitor/annotated-java/__properties/html/mop/StringTokenizer_HasMoreElements.html
StringTokenizer.hasMoreTokens()/hasMoreElements() did not return false before calling nextToken()/nextElement().
Specification StringTokenizer_HasMoreElements has been violated on line org.la4j.Matrix.fromMatrixMarket(Matrix.java:271). Documentation for this property can be found at http://runtimeverification.com/monitor/annotated-java/__properties/html/mop/StringTokenizer_HasMoreElements.html
StringTokenizer.hasMoreTokens()/hasMoreElements() did not return false before calling nextToken()/nextElement().
Specification StringTokenizer_HasMoreElements has been violated on line org.la4j.Matrix.fromMatrixMarket(Matrix.java:282). Documentation for this property can be found at http://runtimeverification.com/monitor/annotated-java/__properties/html/mop/StringTokenizer_HasMoreElements.html
StringTokenizer.hasMoreTokens()/hasMoreElements() did not return false before calling nextToken()/nextElement().
Specification StringTokenizer_HasMoreElements has been violated on line org.la4j.Matrix.fromMatrixMarket(Matrix.java:282). Documentation for this property can be found at http://runtimeverification.com/monitor/annotated-java/__properties/html/mop/StringTokenizer_HasMoreElements.html
StringTokenizer.hasMoreTokens()/hasMoreElements() did not return false before calling nextToken()/nextElement().
Specification StringTokenizer_HasMoreElements has been violated on line org.la4j.Matrix.fromMatrixMarket(Matrix.java:282). Documentation for this property can be found at http://runtimeverification.com/monitor/annotated-java/__properties/html/mop/StringTokenizer_HasMoreElements.html
StringTokenizer.hasMoreTokens()/hasMoreElements() did not return false before calling nextToken()/nextElement().
Specification StringTokenizer_HasMoreElements has been violated on line org.la4j.Matrix.fromMatrixMarket(Matrix.java:282). Documentation for this property can be found at http://runtimeverification.com/monitor/annotated-java/__properties/html/mop/StringTokenizer_HasMoreElements.html
StringTokenizer.hasMoreTokens()/hasMoreElements() did not return false before calling nextToken()/nextElement().
Specification StringTokenizer_HasMoreElements has been violated on line org.la4j.Matrix.fromMatrixMarket(Matrix.java:282). Documentation for this property can be found at http://runtimeverification.com/monitor/annotated-java/__properties/html/mop/StringTokenizer_HasMoreElements.html
StringTokenizer.hasMoreTokens()/hasMoreElements() did not return false before calling nextToken()/nextElement().
Specification StringTokenizer_HasMoreElements has been violated on line org.la4j.Matrix.fromMatrixMarket(Matrix.java:282). Documentation for this property can be found at http://runtimeverification.com/monitor/annotated-java/__properties/html/mop/StringTokenizer_HasMoreElements.html
StringTokenizer.hasMoreTokens()/hasMoreElements() did not return false before calling nextToken()/nextElement().
Specification StringTokenizer_HasMoreElements has been violated on line org.la4j.Matrix.fromMatrixMarket(Matrix.java:282). Documentation for this property can be found at http://runtimeverification.com/monitor/annotated-java/__properties/html/mop/StringTokenizer_HasMoreElements.html
StringTokenizer.hasMoreTokens()/hasMoreElements() did not return false before calling nextToken()/nextElement().
Specification StringTokenizer_HasMoreElements has been violated on line org.la4j.Matrix.fromMatrixMarket(Matrix.java:282). Documentation for this property can be found at http://runtimeverification.com/monitor/annotated-java/__properties/html/mop/StringTokenizer_HasMoreElements.html
StringTokenizer.hasMoreTokens()/hasMoreElements() did not return false before calling nextToken()/nextElement().
Specification StringTokenizer_HasMoreElements has been violated on line org.la4j.Matrix.fromMatrixMarket(Matrix.java:237). Documentation for this property can be found at http://runtimeverification.com/monitor/annotated-java/__properties/html/mop/StringTokenizer_HasMoreElements.html
StringTokenizer.hasMoreTokens()/hasMoreElements() did not return false before calling nextToken()/nextElement().
Specification StringTokenizer_HasMoreElements has been violated on line org.la4j.Matrix.fromMatrixMarket(Matrix.java:271). Documentation for this property can be found at http://runtimeverification.com/monitor/annotated-java/__properties/html/mop/StringTokenizer_HasMoreElements.html
StringTokenizer.hasMoreTokens()/hasMoreElements() did not return false before calling nextToken()/nextElement().
Specification StringTokenizer_HasMoreElements has been violated on line org.la4j.Matrix.fromMatrixMarket(Matrix.java:282). Documentation for this property can be found at http://runtimeverification.com/monitor/annotated-java/__properties/html/mop/StringTokenizer_HasMoreElements.html
StringTokenizer.hasMoreTokens()/hasMoreElements() did not return false before calling nextToken()/nextElement().
Specification StringTokenizer_HasMoreElements has been violated on line org.la4j.Matrix.fromMatrixMarket(Matrix.java:282). Documentation for this property can be found at http://runtimeverification.com/monitor/annotated-java/__properties/html/mop/StringTokenizer_HasMoreElements.html
StringTokenizer.hasMoreTokens()/hasMoreElements() did not return false before calling nextToken()/nextElement().
Specification StringTokenizer_HasMoreElements has been violated on line org.la4j.Matrix.fromMatrixMarket(Matrix.java:282). Documentation for this property can be found at http://runtimeverification.com/monitor/annotated-java/__properties/html/mop/StringTokenizer_HasMoreElements.html
StringTokenizer.hasMoreTokens()/hasMoreElements() did not return false before calling nextToken()/nextElement().
Specification StringTokenizer_HasMoreElements has been violated on line org.la4j.Matrix.fromMatrixMarket(Matrix.java:282). Documentation for this property can be found at http://runtimeverification.com/monitor/annotated-java/__properties/html/mop/StringTokenizer_HasMoreElements.html
StringTokenizer.hasMoreTokens()/hasMoreElements() did not return false before calling nextToken()/nextElement().
Specification StringTokenizer_HasMoreElements has been violated on line org.la4j.Matrix.fromMatrixMarket(Matrix.java:282). Documentation for this property can be found at http://runtimeverification.com/monitor/annotated-java/__properties/html/mop/StringTokenizer_HasMoreElements.html
StringTokenizer.hasMoreTokens()/hasMoreElements() did not return false before calling nextToken()/nextElement().
Specification StringTokenizer_HasMoreElements has been violated on line org.la4j.Matrix.fromMatrixMarket(Matrix.java:282). Documentation for this property can be found at http://runtimeverification.com/monitor/annotated-java/__properties/html/mop/StringTokenizer_HasMoreElements.html
StringTokenizer.hasMoreTokens()/hasMoreElements() did not return false before calling nextToken()/nextElement().
Specification StringTokenizer_HasMoreElements has been violated on line org.la4j.Matrix.fromMatrixMarket(Matrix.java:282). Documentation for this property can be found at http://runtimeverification.com/monitor/annotated-java/__properties/html/mop/StringTokenizer_HasMoreElements.html
StringTokenizer.hasMoreTokens()/hasMoreElements() did not return false before calling nextToken()/nextElement().
Specification StringTokenizer_HasMoreElements has been violated on line org.la4j.Matrix.fromMatrixMarket(Matrix.java:282). Documentation for this property can be found at http://runtimeverification.com/monitor/annotated-java/__properties/html/mop/StringTokenizer_HasMoreElements.html
StringTokenizer.hasMoreTokens()/hasMoreElements() did not return false before calling nextToken()/nextElement().
Specification StringTokenizer_HasMoreElements has been violated on line org.la4j.Matrix.fromMatrixMarket(Matrix.java:282). Documentation for this property can be found at http://runtimeverification.com/monitor/annotated-java/__properties/html/mop/StringTokenizer_HasMoreElements.html
StringTokenizer.hasMoreTokens()/hasMoreElements() did not return false before calling nextToken()/nextElement().
Specification StringTokenizer_HasMoreElements has been violated on line org.la4j.Matrix.fromMatrixMarket(Matrix.java:282). Documentation for this property can be found at http://runtimeverification.com/monitor/annotated-java/__properties/html/mop/StringTokenizer_HasMoreElements.html
StringTokenizer.hasMoreTokens()/hasMoreElements() did not return false before calling nextToken()/nextElement().
Specification StringTokenizer_HasMoreElements has been violated on line org.la4j.Matrix.fromMatrixMarket(Matrix.java:282). Documentation for this property can be found at http://runtimeverification.com/monitor/annotated-java/__properties/html/mop/StringTokenizer_HasMoreElements.html
StringTokenizer.hasMoreTokens()/hasMoreElements() did not return false before calling nextToken()/nextElement().
Specification StringTokenizer_HasMoreElements has been violated on line org.la4j.Matrix.fromMatrixMarket(Matrix.java:282). Documentation for this property can be found at http://runtimeverification.com/monitor/annotated-java/__properties/html/mop/StringTokenizer_HasMoreElements.html
StringTokenizer.hasMoreTokens()/hasMoreElements() did not return false before calling nextToken()/nextElement().
Specification StringTokenizer_HasMoreElements has been violated on line org.la4j.Matrix.fromMatrixMarket(Matrix.java:282). Documentation for this property can be found at http://runtimeverification.com/monitor/annotated-java/__properties/html/mop/StringTokenizer_HasMoreElements.html
StringTokenizer.hasMoreTokens()/hasMoreElements() did not return false before calling nextToken()/nextElement().
Specification StringTokenizer_HasMoreElements has been violated on line org.la4j.Matrix.fromMatrixMarket(Matrix.java:282). Documentation for this property can be found at http://runtimeverification.com/monitor/annotated-java/__properties/html/mop/StringTokenizer_HasMoreElements.html
StringTokenizer.hasMoreTokens()/hasMoreElements() did not return false before calling nextToken()/nextElement().
Specification StringTokenizer_HasMoreElements has been violated on line org.la4j.Matrix.fromMatrixMarket(Matrix.java:282). Documentation for this property can be found at http://runtimeverification.com/monitor/annotated-java/__properties/html/mop/StringTokenizer_HasMoreElements.html
StringTokenizer.hasMoreTokens()/hasMoreElements() did not return false before calling nextToken()/nextElement().
[INFO] Tests run: 152, Failures: 0, Errors: 0, Skipped: 0, Time elapsed: 0.138 s - in org.la4j.matrix.sparse.CCSMatrixTest
[INFO] Running org.la4j.matrix.sparse.CRSMatrixTest
Specification StringTokenizer_HasMoreElements has been violated on line org.la4j.Matrix.fromMatrixMarket(Matrix.java:237). Documentation for this property can be found at http://runtimeverification.com/monitor/annotated-java/__properties/html/mop/StringTokenizer_HasMoreElements.html
StringTokenizer.hasMoreTokens()/hasMoreElements() did not return false before calling nextToken()/nextElement().
Specification StringTokenizer_HasMoreElements has been violated on line org.la4j.Matrix.fromMatrixMarket(Matrix.java:271). Documentation for this property can be found at http://runtimeverification.com/monitor/annotated-java/__properties/html/mop/StringTokenizer_HasMoreElements.html
StringTokenizer.hasMoreTokens()/hasMoreElements() did not return false before calling nextToken()/nextElement().
Specification StringTokenizer_HasMoreElements has been violated on line org.la4j.Matrix.fromMatrixMarket(Matrix.java:282). Documentation for this property can be found at http://runtimeverification.com/monitor/annotated-java/__properties/html/mop/StringTokenizer_HasMoreElements.html
StringTokenizer.hasMoreTokens()/hasMoreElements() did not return false before calling nextToken()/nextElement().
Specification StringTokenizer_HasMoreElements has been violated on line org.la4j.Matrix.fromMatrixMarket(Matrix.java:282). Documentation for this property can be found at http://runtimeverification.com/monitor/annotated-java/__properties/html/mop/StringTokenizer_HasMoreElements.html
StringTokenizer.hasMoreTokens()/hasMoreElements() did not return false before calling nextToken()/nextElement().
Specification StringTokenizer_HasMoreElements has been violated on line org.la4j.Matrix.fromMatrixMarket(Matrix.java:282). Documentation for this property can be found at http://runtimeverification.com/monitor/annotated-java/__properties/html/mop/StringTokenizer_HasMoreElements.html
StringTokenizer.hasMoreTokens()/hasMoreElements() did not return false before calling nextToken()/nextElement().
Specification StringTokenizer_HasMoreElements has been violated on line org.la4j.Matrix.fromMatrixMarket(Matrix.java:282). Documentation for this property can be found at http://runtimeverification.com/monitor/annotated-java/__properties/html/mop/StringTokenizer_HasMoreElements.html
StringTokenizer.hasMoreTokens()/hasMoreElements() did not return false before calling nextToken()/nextElement().
Specification StringTokenizer_HasMoreElements has been violated on line org.la4j.Matrix.fromMatrixMarket(Matrix.java:282). Documentation for this property can be found at http://runtimeverification.com/monitor/annotated-java/__properties/html/mop/StringTokenizer_HasMoreElements.html
StringTokenizer.hasMoreTokens()/hasMoreElements() did not return false before calling nextToken()/nextElement().
Specification StringTokenizer_HasMoreElements has been violated on line org.la4j.Matrix.fromMatrixMarket(Matrix.java:282). Documentation for this property can be found at http://runtimeverification.com/monitor/annotated-java/__properties/html/mop/StringTokenizer_HasMoreElements.html
StringTokenizer.hasMoreTokens()/hasMoreElements() did not return false before calling nextToken()/nextElement().
Specification StringTokenizer_HasMoreElements has been violated on line org.la4j.Matrix.fromMatrixMarket(Matrix.java:282). Documentation for this property can be found at http://runtimeverification.com/monitor/annotated-java/__properties/html/mop/StringTokenizer_HasMoreElements.html
StringTokenizer.hasMoreTokens()/hasMoreElements() did not return false before calling nextToken()/nextElement().
Specification StringTokenizer_HasMoreElements has been violated on line org.la4j.Matrix.fromMatrixMarket(Matrix.java:282). Documentation for this property can be found at http://runtimeverification.com/monitor/annotated-java/__properties/html/mop/StringTokenizer_HasMoreElements.html
StringTokenizer.hasMoreTokens()/hasMoreElements() did not return false before calling nextToken()/nextElement().
Specification StringTokenizer_HasMoreElements has been violated on line org.la4j.Matrix.fromMatrixMarket(Matrix.java:237). Documentation for this property can be found at http://runtimeverification.com/monitor/annotated-java/__properties/html/mop/StringTokenizer_HasMoreElements.html
StringTokenizer.hasMoreTokens()/hasMoreElements() did not return false before calling nextToken()/nextElement().
Specification StringTokenizer_HasMoreElements has been violated on line org.la4j.Matrix.fromMatrixMarket(Matrix.java:271). Documentation for this property can be found at http://runtimeverification.com/monitor/annotated-java/__properties/html/mop/StringTokenizer_HasMoreElements.html
StringTokenizer.hasMoreTokens()/hasMoreElements() did not return false before calling nextToken()/nextElement().
Specification StringTokenizer_HasMoreElements has been violated on line org.la4j.Matrix.fromMatrixMarket(Matrix.java:282). Documentation for this property can be found at http://runtimeverification.com/monitor/annotated-java/__properties/html/mop/StringTokenizer_HasMoreElements.html
StringTokenizer.hasMoreTokens()/hasMoreElements() did not return false before calling nextToken()/nextElement().
Specification StringTokenizer_HasMoreElements has been violated on line org.la4j.Matrix.fromMatrixMarket(Matrix.java:282). Documentation for this property can be found at http://runtimeverification.com/monitor/annotated-java/__properties/html/mop/StringTokenizer_HasMoreElements.html
StringTokenizer.hasMoreTokens()/hasMoreElements() did not return false before calling nextToken()/nextElement().
Specification StringTokenizer_HasMoreElements has been violated on line org.la4j.Matrix.fromMatrixMarket(Matrix.java:282). Documentation for this property can be found at http://runtimeverification.com/monitor/annotated-java/__properties/html/mop/StringTokenizer_HasMoreElements.html
StringTokenizer.hasMoreTokens()/hasMoreElements() did not return false before calling nextToken()/nextElement().
Specification StringTokenizer_HasMoreElements has been violated on line org.la4j.Matrix.fromMatrixMarket(Matrix.java:282). Documentation for this property can be found at http://runtimeverification.com/monitor/annotated-java/__properties/html/mop/StringTokenizer_HasMoreElements.html
StringTokenizer.hasMoreTokens()/hasMoreElements() did not return false before calling nextToken()/nextElement().
Specification StringTokenizer_HasMoreElements has been violated on line org.la4j.Matrix.fromMatrixMarket(Matrix.java:282). Documentation for this property can be found at http://runtimeverification.com/monitor/annotated-java/__properties/html/mop/StringTokenizer_HasMoreElements.html
StringTokenizer.hasMoreTokens()/hasMoreElements() did not return false before calling nextToken()/nextElement().
Specification StringTokenizer_HasMoreElements has been violated on line org.la4j.Matrix.fromMatrixMarket(Matrix.java:282). Documentation for this property can be found at http://runtimeverification.com/monitor/annotated-java/__properties/html/mop/StringTokenizer_HasMoreElements.html
StringTokenizer.hasMoreTokens()/hasMoreElements() did not return false before calling nextToken()/nextElement().
Specification StringTokenizer_HasMoreElements has been violated on line org.la4j.Matrix.fromMatrixMarket(Matrix.java:282). Documentation for this property can be found at http://runtimeverification.com/monitor/annotated-java/__properties/html/mop/StringTokenizer_HasMoreElements.html
StringTokenizer.hasMoreTokens()/hasMoreElements() did not return false before calling nextToken()/nextElement().
Specification StringTokenizer_HasMoreElements has been violated on line org.la4j.Matrix.fromMatrixMarket(Matrix.java:282). Documentation for this property can be found at http://runtimeverification.com/monitor/annotated-java/__properties/html/mop/StringTokenizer_HasMoreElements.html
StringTokenizer.hasMoreTokens()/hasMoreElements() did not return false before calling nextToken()/nextElement().
Specification StringTokenizer_HasMoreElements has been violated on line org.la4j.Matrix.fromMatrixMarket(Matrix.java:282). Documentation for this property can be found at http://runtimeverification.com/monitor/annotated-java/__properties/html/mop/StringTokenizer_HasMoreElements.html
StringTokenizer.hasMoreTokens()/hasMoreElements() did not return false before calling nextToken()/nextElement().
Specification StringTokenizer_HasMoreElements has been violated on line org.la4j.Matrix.fromMatrixMarket(Matrix.java:282). Documentation for this property can be found at http://runtimeverification.com/monitor/annotated-java/__properties/html/mop/StringTokenizer_HasMoreElements.html
StringTokenizer.hasMoreTokens()/hasMoreElements() did not return false before calling nextToken()/nextElement().
Specification StringTokenizer_HasMoreElements has been violated on line org.la4j.Matrix.fromMatrixMarket(Matrix.java:282). Documentation for this property can be found at http://runtimeverification.com/monitor/annotated-java/__properties/html/mop/StringTokenizer_HasMoreElements.html
StringTokenizer.hasMoreTokens()/hasMoreElements() did not return false before calling nextToken()/nextElement().
Specification StringTokenizer_HasMoreElements has been violated on line org.la4j.Matrix.fromMatrixMarket(Matrix.java:282). Documentation for this property can be found at http://runtimeverification.com/monitor/annotated-java/__properties/html/mop/StringTokenizer_HasMoreElements.html
StringTokenizer.hasMoreTokens()/hasMoreElements() did not return false before calling nextToken()/nextElement().
Specification StringTokenizer_HasMoreElements has been violated on line org.la4j.Matrix.fromMatrixMarket(Matrix.java:282). Documentation for this property can be found at http://runtimeverification.com/monitor/annotated-java/__properties/html/mop/StringTokenizer_HasMoreElements.html
StringTokenizer.hasMoreTokens()/hasMoreElements() did not return false before calling nextToken()/nextElement().
Specification StringTokenizer_HasMoreElements has been violated on line org.la4j.Matrix.fromMatrixMarket(Matrix.java:282). Documentation for this property can be found at http://runtimeverification.com/monitor/annotated-java/__properties/html/mop/StringTokenizer_HasMoreElements.html
StringTokenizer.hasMoreTokens()/hasMoreElements() did not return false before calling nextToken()/nextElement().
Specification StringTokenizer_HasMoreElements has been violated on line org.la4j.Matrix.fromMatrixMarket(Matrix.java:282). Documentation for this property can be found at http://runtimeverification.com/monitor/annotated-java/__properties/html/mop/StringTokenizer_HasMoreElements.html
StringTokenizer.hasMoreTokens()/hasMoreElements() did not return false before calling nextToken()/nextElement().
[INFO] Tests run: 152, Failures: 0, Errors: 0, Skipped: 0, Time elapsed: 0.292 s - in org.la4j.matrix.sparse.CRSMatrixTest
[INFO] 
[INFO] Results:
[INFO] 
[INFO] Tests run: 835, Failures: 0, Errors: 0, Skipped: 0
[INFO] 
[INFO] 
[INFO] <<< emop:1.0-SNAPSHOT:hrps (default-cli) < [hybrid]test @ la4j <<<
[INFO] 
[INFO] 
[INFO] --- emop:1.0-SNAPSHOT:hrps (default-cli) @ la4j ---
[INFO] [eMOP] Invoking the RPS Hybrid Mojo...
[INFO] ------------------------------------------------------------------------
[INFO] BUILD SUCCESS
[INFO] ------------------------------------------------------------------------
[INFO] Total time:  39.935 s
[INFO] Finished at: 2023-10-02T18:53:28Z
[INFO] ------------------------------------------------------------------------
